;  LST file generated by mikroListExporter - v.2.0 
; Date/Time: 26/06/2024 12:15:49
;----------------------------------------------

;Address Opcode 	ASM
0x0000	0xF000EFF5  	GOTO        490
0x0004	0x0000      	NOP
0x0006	0x0000      	NOP
0x0008	0xF000EF00  	GOTO        0
0x000C	0x0000      	NOP
0x000E	0x0000      	NOP
0x0010	0x0000      	NOP
0x0012	0x0000      	NOP
0x0014	0x0000      	NOP
0x0016	0x0000      	NOP
0x0018	0xD7F3      	BRA         0
_Delay_1us:
;__Lib_Delays.c,7 :: 		void Delay_1us() {
;__Lib_Delays.c,8 :: 		Delay_us(1);
0x001C	0x0000      	NOP
0x001E	0x0000      	NOP
;__Lib_Delays.c,9 :: 		}
L_end_Delay_1us:
0x0020	0x0012      	RETURN      0
; end of _Delay_1us
_Delay_5500us:
;__Lib_Delays.c,31 :: 		void Delay_5500us() {
;__Lib_Delays.c,32 :: 		Delay_us(5500);
0x0022	0x0E0F      	MOVLW       15
0x0024	0x6E0C      	MOVWF       R12, 0
0x0026	0x0E47      	MOVLW       71
0x0028	0x6E0D      	MOVWF       R13, 0
L_Delay_5500us5:
0x002A	0x2E0D      	DECFSZ      R13, 1, 0
0x002C	0xD7FE      	BRA         L_Delay_5500us5
0x002E	0x2E0C      	DECFSZ      R12, 1, 0
0x0030	0xD7FC      	BRA         L_Delay_5500us5
0x0032	0x0000      	NOP
0x0034	0x0000      	NOP
;__Lib_Delays.c,33 :: 		}
L_end_Delay_5500us:
0x0036	0x0012      	RETURN      0
; end of _Delay_5500us
_Delay_50us:
;__Lib_Delays.c,19 :: 		void Delay_50us() {
;__Lib_Delays.c,20 :: 		Delay_us(50);
0x0038	0x0E21      	MOVLW       33
0x003A	0x6E0D      	MOVWF       R13, 0
L_Delay_50us2:
0x003C	0x2E0D      	DECFSZ      R13, 1, 0
0x003E	0xD7FE      	BRA         L_Delay_50us2
;__Lib_Delays.c,21 :: 		}
L_end_Delay_50us:
0x0040	0x0012      	RETURN      0
; end of _Delay_50us
_Lcd_Cmd:
;__Lib_Lcd.c,18 :: 		
;__Lib_Lcd.c,20 :: 		
0x0042	0xBE36      	BTFSC       FARG_Lcd_Cmd_out_char, 7 
0x0044	0xD002      	BRA         L__Lcd_Cmd21
0x0046	0x968A      	BCF         LCD_D7, BitPos(LCD_D7+0) 
0x0048	0xD001      	BRA         L__Lcd_Cmd22
L__Lcd_Cmd21:
0x004A	0x868A      	BSF         LCD_D7, BitPos(LCD_D7+0) 
L__Lcd_Cmd22:
;__Lib_Lcd.c,21 :: 		
0x004C	0xBC36      	BTFSC       FARG_Lcd_Cmd_out_char, 6 
0x004E	0xD002      	BRA         L__Lcd_Cmd23
0x0050	0x948A      	BCF         LCD_D6, BitPos(LCD_D6+0) 
0x0052	0xD001      	BRA         L__Lcd_Cmd24
L__Lcd_Cmd23:
0x0054	0x848A      	BSF         LCD_D6, BitPos(LCD_D6+0) 
L__Lcd_Cmd24:
;__Lib_Lcd.c,22 :: 		
0x0056	0xBA36      	BTFSC       FARG_Lcd_Cmd_out_char, 5 
0x0058	0xD002      	BRA         L__Lcd_Cmd25
0x005A	0x928A      	BCF         LCD_D5, BitPos(LCD_D5+0) 
0x005C	0xD001      	BRA         L__Lcd_Cmd26
L__Lcd_Cmd25:
0x005E	0x828A      	BSF         LCD_D5, BitPos(LCD_D5+0) 
L__Lcd_Cmd26:
;__Lib_Lcd.c,23 :: 		
0x0060	0xB836      	BTFSC       FARG_Lcd_Cmd_out_char, 4 
0x0062	0xD002      	BRA         L__Lcd_Cmd27
0x0064	0x908A      	BCF         LCD_D4, BitPos(LCD_D4+0) 
0x0066	0xD001      	BRA         L__Lcd_Cmd28
L__Lcd_Cmd27:
0x0068	0x808A      	BSF         LCD_D4, BitPos(LCD_D4+0) 
L__Lcd_Cmd28:
;__Lib_Lcd.c,25 :: 		
0x006A	0xB02A      	BTFSC       __Lib_Lcd_cmd_status, BitPos(__Lib_Lcd_cmd_status+0) 
0x006C	0xD002      	BRA         L__Lcd_Cmd29
0x006E	0x888A      	BSF         LCD_RS, BitPos(LCD_RS+0) 
0x0070	0xD001      	BRA         L__Lcd_Cmd30
L__Lcd_Cmd29:
0x0072	0x988A      	BCF         LCD_RS, BitPos(LCD_RS+0) 
L__Lcd_Cmd30:
;__Lib_Lcd.c,28 :: 		
0x0074	0x8A8A      	BSF         LCD_EN, BitPos(LCD_EN+0) 
;__Lib_Lcd.c,29 :: 		
0x0076	0xDFD2      	RCALL       _Delay_1us
;__Lib_Lcd.c,30 :: 		
0x0078	0x9A8A      	BCF         LCD_EN, BitPos(LCD_EN+0) 
;__Lib_Lcd.c,33 :: 		
0x007A	0xB636      	BTFSC       FARG_Lcd_Cmd_out_char, 3 
0x007C	0xD002      	BRA         L__Lcd_Cmd31
0x007E	0x968A      	BCF         LCD_D7, BitPos(LCD_D7+0) 
0x0080	0xD001      	BRA         L__Lcd_Cmd32
L__Lcd_Cmd31:
0x0082	0x868A      	BSF         LCD_D7, BitPos(LCD_D7+0) 
L__Lcd_Cmd32:
;__Lib_Lcd.c,34 :: 		
0x0084	0xB436      	BTFSC       FARG_Lcd_Cmd_out_char, 2 
0x0086	0xD002      	BRA         L__Lcd_Cmd33
0x0088	0x948A      	BCF         LCD_D6, BitPos(LCD_D6+0) 
0x008A	0xD001      	BRA         L__Lcd_Cmd34
L__Lcd_Cmd33:
0x008C	0x848A      	BSF         LCD_D6, BitPos(LCD_D6+0) 
L__Lcd_Cmd34:
;__Lib_Lcd.c,35 :: 		
0x008E	0xB236      	BTFSC       FARG_Lcd_Cmd_out_char, 1 
0x0090	0xD002      	BRA         L__Lcd_Cmd35
0x0092	0x928A      	BCF         LCD_D5, BitPos(LCD_D5+0) 
0x0094	0xD001      	BRA         L__Lcd_Cmd36
L__Lcd_Cmd35:
0x0096	0x828A      	BSF         LCD_D5, BitPos(LCD_D5+0) 
L__Lcd_Cmd36:
;__Lib_Lcd.c,36 :: 		
0x0098	0xB036      	BTFSC       FARG_Lcd_Cmd_out_char, 0 
0x009A	0xD002      	BRA         L__Lcd_Cmd37
0x009C	0x908A      	BCF         LCD_D4, BitPos(LCD_D4+0) 
0x009E	0xD001      	BRA         L__Lcd_Cmd38
L__Lcd_Cmd37:
0x00A0	0x808A      	BSF         LCD_D4, BitPos(LCD_D4+0) 
L__Lcd_Cmd38:
;__Lib_Lcd.c,38 :: 		
0x00A2	0xB02A      	BTFSC       __Lib_Lcd_cmd_status, BitPos(__Lib_Lcd_cmd_status+0) 
0x00A4	0xD002      	BRA         L__Lcd_Cmd39
0x00A6	0x888A      	BSF         LCD_RS, BitPos(LCD_RS+0) 
0x00A8	0xD001      	BRA         L__Lcd_Cmd40
L__Lcd_Cmd39:
0x00AA	0x988A      	BCF         LCD_RS, BitPos(LCD_RS+0) 
L__Lcd_Cmd40:
;__Lib_Lcd.c,40 :: 		
0x00AC	0x8A8A      	BSF         LCD_EN, BitPos(LCD_EN+0) 
;__Lib_Lcd.c,41 :: 		
0x00AE	0xDFB6      	RCALL       _Delay_1us
;__Lib_Lcd.c,42 :: 		
0x00B0	0x9A8A      	BCF         LCD_EN, BitPos(LCD_EN+0) 
;__Lib_Lcd.c,44 :: 		
0x00B2	0xA02A      	BTFSS       __Lib_Lcd_cmd_status, BitPos(__Lib_Lcd_cmd_status+0) 
0x00B4	0xD002      	BRA         L_Lcd_Cmd0
;__Lib_Lcd.c,45 :: 		
0x00B6	0xDFB5      	RCALL       _Delay_5500us
0x00B8	0xD001      	BRA         L_Lcd_Cmd1
L_Lcd_Cmd0:
;__Lib_Lcd.c,47 :: 		
0x00BA	0xDFBE      	RCALL       _Delay_50us
L_Lcd_Cmd1:
;__Lib_Lcd.c,48 :: 		
L_end_Lcd_Cmd:
0x00BC	0x0012      	RETURN      0
; end of _Lcd_Cmd
_Lcd_Chr_CP:
;__Lib_Lcd.c,50 :: 		
;__Lib_Lcd.c,52 :: 		
0x00BE	0x902A      	BCF         __Lib_Lcd_cmd_status, BitPos(__Lib_Lcd_cmd_status+0) 
;__Lib_Lcd.c,53 :: 		
0x00C0	0xF036C035  	MOVFF       FARG_Lcd_Chr_CP_out_char, FARG_Lcd_Cmd_out_char
0x00C4	0xDFBE      	RCALL       _Lcd_Cmd
;__Lib_Lcd.c,54 :: 		
0x00C6	0x802A      	BSF         __Lib_Lcd_cmd_status, BitPos(__Lib_Lcd_cmd_status+0) 
;__Lib_Lcd.c,55 :: 		
L_end_Lcd_Chr_CP:
0x00C8	0x0012      	RETURN      0
; end of _Lcd_Chr_CP
___CC2DW:
;__Lib_System.c,21 :: 		
;__Lib_System.c,23 :: 		
_CC2DL_Loop1:
;__Lib_System.c,24 :: 		
0x00CA	0x0009      	TBLRD*+
;__Lib_System.c,25 :: 		
0x00CC	0xFFE6CFF5  	MOVFF       TABLAT, POSTINC1
;__Lib_System.c,26 :: 		
0x00D0	0x0600      	DECF        R0, 1, 0
;__Lib_System.c,27 :: 		
0x00D2	0xE1FB      	BNZ         _CC2DL_Loop1
;__Lib_System.c,28 :: 		
0x00D4	0x0601      	DECF        R1, 1, 0
;__Lib_System.c,29 :: 		
0x00D6	0xE1F9      	BNZ         _CC2DL_Loop1
;__Lib_System.c,31 :: 		
L_end___CC2DW:
0x00D8	0x0012      	RETURN      0
; end of ___CC2DW
_Lcd_Init:
;__Lib_Lcd.c,84 :: 		
;__Lib_Lcd.c,86 :: 		
0x00DA	0x9A93      	BCF         LCD_EN_Direction, BitPos(LCD_EN_Direction+0) 
;__Lib_Lcd.c,87 :: 		
0x00DC	0x9893      	BCF         LCD_RS_Direction, BitPos(LCD_RS_Direction+0) 
;__Lib_Lcd.c,88 :: 		
0x00DE	0x9093      	BCF         LCD_D4_Direction, BitPos(LCD_D4_Direction+0) 
;__Lib_Lcd.c,89 :: 		
0x00E0	0x9293      	BCF         LCD_D5_Direction, BitPos(LCD_D5_Direction+0) 
;__Lib_Lcd.c,90 :: 		
0x00E2	0x9493      	BCF         LCD_D6_Direction, BitPos(LCD_D6_Direction+0) 
;__Lib_Lcd.c,91 :: 		
0x00E4	0x9693      	BCF         LCD_D7_Direction, BitPos(LCD_D7_Direction+0) 
;__Lib_Lcd.c,93 :: 		
0x00E6	0x9A8A      	BCF         LCD_EN, BitPos(LCD_EN+0) 
;__Lib_Lcd.c,94 :: 		
0x00E8	0x988A      	BCF         LCD_RS, BitPos(LCD_RS+0) 
;__Lib_Lcd.c,95 :: 		
0x00EA	0x968A      	BCF         LCD_D7, BitPos(LCD_D7+0) 
;__Lib_Lcd.c,96 :: 		
0x00EC	0x948A      	BCF         LCD_D6, BitPos(LCD_D6+0) 
;__Lib_Lcd.c,97 :: 		
0x00EE	0x928A      	BCF         LCD_D5, BitPos(LCD_D5+0) 
;__Lib_Lcd.c,98 :: 		
0x00F0	0x908A      	BCF         LCD_D4, BitPos(LCD_D4+0) 
;__Lib_Lcd.c,100 :: 		
0x00F2	0xDF97      	RCALL       _Delay_5500us
;__Lib_Lcd.c,101 :: 		
0x00F4	0xDF96      	RCALL       _Delay_5500us
;__Lib_Lcd.c,102 :: 		
0x00F6	0xDF95      	RCALL       _Delay_5500us
;__Lib_Lcd.c,105 :: 		
0x00F8	0x828A      	BSF         LCD_D5, BitPos(LCD_D5+0) 
;__Lib_Lcd.c,106 :: 		
0x00FA	0x808A      	BSF         LCD_D4, BitPos(LCD_D4+0) 
;__Lib_Lcd.c,107 :: 		
0x00FC	0x8A8A      	BSF         LCD_EN, BitPos(LCD_EN+0) 
;__Lib_Lcd.c,108 :: 		
0x00FE	0xDF8E      	RCALL       _Delay_1us
;__Lib_Lcd.c,109 :: 		
0x0100	0x9A8A      	BCF         LCD_EN, BitPos(LCD_EN+0) 
;__Lib_Lcd.c,110 :: 		
0x0102	0xDF8F      	RCALL       _Delay_5500us
;__Lib_Lcd.c,112 :: 		
0x0104	0x8A8A      	BSF         LCD_EN, BitPos(LCD_EN+0) 
;__Lib_Lcd.c,113 :: 		
0x0106	0xDF8A      	RCALL       _Delay_1us
;__Lib_Lcd.c,114 :: 		
0x0108	0x9A8A      	BCF         LCD_EN, BitPos(LCD_EN+0) 
;__Lib_Lcd.c,115 :: 		
0x010A	0xDF8B      	RCALL       _Delay_5500us
;__Lib_Lcd.c,117 :: 		
0x010C	0x8A8A      	BSF         LCD_EN, BitPos(LCD_EN+0) 
;__Lib_Lcd.c,118 :: 		
0x010E	0xDF86      	RCALL       _Delay_1us
;__Lib_Lcd.c,119 :: 		
0x0110	0x9A8A      	BCF         LCD_EN, BitPos(LCD_EN+0) 
;__Lib_Lcd.c,120 :: 		
0x0112	0xDF87      	RCALL       _Delay_5500us
;__Lib_Lcd.c,123 :: 		
0x0114	0x908A      	BCF         LCD_D4, BitPos(LCD_D4+0) 
;__Lib_Lcd.c,124 :: 		
0x0116	0x8A8A      	BSF         LCD_EN, BitPos(LCD_EN+0) 
;__Lib_Lcd.c,125 :: 		
0x0118	0xDF81      	RCALL       _Delay_1us
;__Lib_Lcd.c,126 :: 		
0x011A	0x9A8A      	BCF         LCD_EN, BitPos(LCD_EN+0) 
;__Lib_Lcd.c,127 :: 		
0x011C	0xDF82      	RCALL       _Delay_5500us
;__Lib_Lcd.c,130 :: 		
0x011E	0x8A8A      	BSF         LCD_EN, BitPos(LCD_EN+0) 
;__Lib_Lcd.c,131 :: 		
0x0120	0xDF7D      	RCALL       _Delay_1us
;__Lib_Lcd.c,132 :: 		
0x0122	0x9A8A      	BCF         LCD_EN, BitPos(LCD_EN+0) 
;__Lib_Lcd.c,134 :: 		
0x0124	0x928A      	BCF         LCD_D5, BitPos(LCD_D5+0) 
;__Lib_Lcd.c,135 :: 		
0x0126	0x868A      	BSF         LCD_D7, BitPos(LCD_D7+0) 
;__Lib_Lcd.c,136 :: 		
0x0128	0x8A8A      	BSF         LCD_EN, BitPos(LCD_EN+0) 
;__Lib_Lcd.c,137 :: 		
0x012A	0xDF78      	RCALL       _Delay_1us
;__Lib_Lcd.c,138 :: 		
0x012C	0x9A8A      	BCF         LCD_EN, BitPos(LCD_EN+0) 
;__Lib_Lcd.c,139 :: 		
0x012E	0xDF79      	RCALL       _Delay_5500us
;__Lib_Lcd.c,142 :: 		
0x0130	0x968A      	BCF         LCD_D7, BitPos(LCD_D7+0) 
;__Lib_Lcd.c,143 :: 		
0x0132	0x808A      	BSF         LCD_D4, BitPos(LCD_D4+0) 
;__Lib_Lcd.c,144 :: 		
0x0134	0x8A8A      	BSF         LCD_EN, BitPos(LCD_EN+0) 
;__Lib_Lcd.c,145 :: 		
0x0136	0xDF72      	RCALL       _Delay_1us
;__Lib_Lcd.c,146 :: 		
0x0138	0x9A8A      	BCF         LCD_EN, BitPos(LCD_EN+0) 
;__Lib_Lcd.c,148 :: 		
0x013A	0x908A      	BCF         LCD_D4, BitPos(LCD_D4+0) 
;__Lib_Lcd.c,149 :: 		
0x013C	0x8A8A      	BSF         LCD_EN, BitPos(LCD_EN+0) 
;__Lib_Lcd.c,150 :: 		
0x013E	0xDF6E      	RCALL       _Delay_1us
;__Lib_Lcd.c,151 :: 		
0x0140	0x9A8A      	BCF         LCD_EN, BitPos(LCD_EN+0) 
;__Lib_Lcd.c,152 :: 		
0x0142	0xDF6F      	RCALL       _Delay_5500us
;__Lib_Lcd.c,155 :: 		
0x0144	0x8A8A      	BSF         LCD_EN, BitPos(LCD_EN+0) 
;__Lib_Lcd.c,156 :: 		
0x0146	0xDF6A      	RCALL       _Delay_1us
;__Lib_Lcd.c,157 :: 		
0x0148	0x9A8A      	BCF         LCD_EN, BitPos(LCD_EN+0) 
;__Lib_Lcd.c,159 :: 		
0x014A	0x808A      	BSF         LCD_D4, BitPos(LCD_D4+0) 
;__Lib_Lcd.c,160 :: 		
0x014C	0x8A8A      	BSF         LCD_EN, BitPos(LCD_EN+0) 
;__Lib_Lcd.c,161 :: 		
0x014E	0xDF66      	RCALL       _Delay_1us
;__Lib_Lcd.c,162 :: 		
0x0150	0x9A8A      	BCF         LCD_EN, BitPos(LCD_EN+0) 
;__Lib_Lcd.c,163 :: 		
0x0152	0xDF67      	RCALL       _Delay_5500us
;__Lib_Lcd.c,166 :: 		
0x0154	0x908A      	BCF         LCD_D4, BitPos(LCD_D4+0) 
;__Lib_Lcd.c,167 :: 		
0x0156	0x8A8A      	BSF         LCD_EN, BitPos(LCD_EN+0) 
;__Lib_Lcd.c,168 :: 		
0x0158	0xDF61      	RCALL       _Delay_1us
;__Lib_Lcd.c,169 :: 		
0x015A	0x9A8A      	BCF         LCD_EN, BitPos(LCD_EN+0) 
;__Lib_Lcd.c,171 :: 		
0x015C	0x868A      	BSF         LCD_D7, BitPos(LCD_D7+0) 
;__Lib_Lcd.c,172 :: 		
0x015E	0x848A      	BSF         LCD_D6, BitPos(LCD_D6+0) 
;__Lib_Lcd.c,173 :: 		
0x0160	0x828A      	BSF         LCD_D5, BitPos(LCD_D5+0) 
;__Lib_Lcd.c,174 :: 		
0x0162	0x808A      	BSF         LCD_D4, BitPos(LCD_D4+0) 
;__Lib_Lcd.c,175 :: 		
0x0164	0x8A8A      	BSF         LCD_EN, BitPos(LCD_EN+0) 
;__Lib_Lcd.c,176 :: 		
0x0166	0xDF5A      	RCALL       _Delay_1us
;__Lib_Lcd.c,177 :: 		
0x0168	0x9A8A      	BCF         LCD_EN, BitPos(LCD_EN+0) 
;__Lib_Lcd.c,179 :: 		
0x016A	0xDF5B      	RCALL       _Delay_5500us
;__Lib_Lcd.c,181 :: 		
0x016C	0x802A      	BSF         __Lib_Lcd_cmd_status, BitPos(__Lib_Lcd_cmd_status+0) 
;__Lib_Lcd.c,182 :: 		
L_end_Lcd_Init:
0x016E	0x0012      	RETURN      0
; end of _Lcd_Init
_Lcd_Out:
;__Lib_Lcd.c,184 :: 		
;__Lib_Lcd.c,187 :: 		
0x0170	0xD00F      	BRA         L_Lcd_Out11
;__Lib_Lcd.c,188 :: 		
L_Lcd_Out13:
0x0172	0x0E80      	MOVLW       128
0x0174	0x6E30      	MOVWF       FARG_Lcd_Out_row 
0x0176	0xD019      	BRA         L_Lcd_Out12
;__Lib_Lcd.c,189 :: 		
L_Lcd_Out14:
0x0178	0x0EC0      	MOVLW       192
0x017A	0x6E30      	MOVWF       FARG_Lcd_Out_row 
0x017C	0xD016      	BRA         L_Lcd_Out12
;__Lib_Lcd.c,190 :: 		
L_Lcd_Out15:
0x017E	0x0E94      	MOVLW       148
0x0180	0x6E30      	MOVWF       FARG_Lcd_Out_row 
0x0182	0xD013      	BRA         L_Lcd_Out12
;__Lib_Lcd.c,191 :: 		
L_Lcd_Out16:
0x0184	0x0ED4      	MOVLW       212
0x0186	0x6E30      	MOVWF       FARG_Lcd_Out_row 
0x0188	0xD010      	BRA         L_Lcd_Out12
;__Lib_Lcd.c,192 :: 		
L_Lcd_Out17:
0x018A	0x0E80      	MOVLW       128
0x018C	0x6E30      	MOVWF       FARG_Lcd_Out_row 
;__Lib_Lcd.c,193 :: 		
0x018E	0xD00D      	BRA         L_Lcd_Out12
L_Lcd_Out11:
0x0190	0x5030      	MOVF        FARG_Lcd_Out_row, 0 
0x0192	0x0A01      	XORLW       1
0x0194	0xE0EE      	BZ          L_Lcd_Out13
0x0196	0x5030      	MOVF        FARG_Lcd_Out_row, 0 
0x0198	0x0A02      	XORLW       2
0x019A	0xE0EE      	BZ          L_Lcd_Out14
0x019C	0x5030      	MOVF        FARG_Lcd_Out_row, 0 
0x019E	0x0A03      	XORLW       3
0x01A0	0xE0EE      	BZ          L_Lcd_Out15
0x01A2	0x5030      	MOVF        FARG_Lcd_Out_row, 0 
0x01A4	0x0A04      	XORLW       4
0x01A6	0xE0EE      	BZ          L_Lcd_Out16
0x01A8	0xD7F0      	BRA         L_Lcd_Out17
L_Lcd_Out12:
;__Lib_Lcd.c,194 :: 		
0x01AA	0x0431      	DECF        FARG_Lcd_Out_column, 0 
0x01AC	0x6E00      	MOVWF       R0 
0x01AE	0x5030      	MOVF        FARG_Lcd_Out_row, 0 
0x01B0	0x2600      	ADDWF       R0, 1 
0x01B2	0xF030C000  	MOVFF       R0, FARG_Lcd_Out_row
;__Lib_Lcd.c,196 :: 		
0x01B6	0xF036C000  	MOVFF       R0, FARG_Lcd_Cmd_out_char
0x01BA	0xDF43      	RCALL       _Lcd_Cmd
;__Lib_Lcd.c,197 :: 		
0x01BC	0x902A      	BCF         __Lib_Lcd_cmd_status, BitPos(__Lib_Lcd_cmd_status+0) 
;__Lib_Lcd.c,198 :: 		
0x01BE	0x6A34      	CLRF        Lcd_Out_i_L0 
;__Lib_Lcd.c,199 :: 		
L_Lcd_Out18:
0x01C0	0x5034      	MOVF        Lcd_Out_i_L0, 0 
0x01C2	0x2432      	ADDWF       FARG_Lcd_Out_text, 0 
0x01C4	0x6EE9      	MOVWF       FSR0L 
0x01C6	0x0E00      	MOVLW       0
0x01C8	0x2033      	ADDWFC      FARG_Lcd_Out_text+1, 0 
0x01CA	0x6EEA      	MOVWF       FSR0L+1 
0x01CC	0x52EE      	MOVF        POSTINC0, 1 
0x01CE	0xE00B      	BZ          L_Lcd_Out19
;__Lib_Lcd.c,200 :: 		
0x01D0	0x5034      	MOVF        Lcd_Out_i_L0, 0 
0x01D2	0x2432      	ADDWF       FARG_Lcd_Out_text, 0 
0x01D4	0x6EE9      	MOVWF       FSR0L 
0x01D6	0x0E00      	MOVLW       0
0x01D8	0x2033      	ADDWFC      FARG_Lcd_Out_text+1, 0 
0x01DA	0x6EEA      	MOVWF       FSR0L+1 
0x01DC	0xF035CFEE  	MOVFF       POSTINC0, FARG_Lcd_Chr_CP_out_char
0x01E0	0xDF6E      	RCALL       _Lcd_Chr_CP
0x01E2	0x2A34      	INCF        Lcd_Out_i_L0, 1 
0x01E4	0xD7ED      	BRA         L_Lcd_Out18
L_Lcd_Out19:
;__Lib_Lcd.c,201 :: 		
0x01E6	0x802A      	BSF         __Lib_Lcd_cmd_status, BitPos(__Lib_Lcd_cmd_status+0) 
;__Lib_Lcd.c,202 :: 		
L_end_Lcd_Out:
0x01E8	0x0012      	RETURN      0
; end of _Lcd_Out
_main:
0x01EA	0xF001EC88  	CALL        784, 0
;SezB.c,19 :: 		void main() {
;SezB.c,22 :: 		unsigned short int stato_accensione = 0, store_c0 = 0;          //Variabili sezione A
0x01EE	0x6A2B      	CLRF        main_stato_accensione_L0 
0x01F0	0x6A2C      	CLRF        main_store_c0_L0 
0x01F2	0x6A2D      	CLRF        main_velocita_motore_L0 
0x01F4	0x6A2E      	CLRF        main_store_c3_L0 
0x01F6	0x6A2F      	CLRF        main_store_c4_L0 
;SezB.c,26 :: 		TRISC = 255;
0x01F8	0x0EFF      	MOVLW       255
0x01FA	0x6E94      	MOVWF       TRISC 
;SezB.c,27 :: 		ANSELC = 0b11100110;
0x01FC	0x0EE6      	MOVLW       230
0x01FE	0x010F      	MOVLB       15
0x0200	0x6F3A      	MOVWF       ANSELC, 1
;SezB.c,29 :: 		TRISA = 0b11101111;
0x0202	0x0EEF      	MOVLW       239
0x0204	0x6E92      	MOVWF       TRISA 
;SezB.c,30 :: 		TRISD = 0;
0x0206	0x6A95      	CLRF        TRISD 
;SezB.c,34 :: 		TRISE.TRISE2 = 1;
0x0208	0x8496      	BSF         TRISE, 2 
;SezB.c,35 :: 		CCPTMRS1.C5TSEL0 = 1;
0x020A	0x8548      	BSF         CCPTMRS1, 2, 1
;SezB.c,36 :: 		CCPTMRS1.C5TSEL1 = 0; //Timer 4
0x020C	0x9748      	BCF         CCPTMRS1, 3, 1
;SezB.c,37 :: 		PR4 = 8;
0x020E	0x0E08      	MOVLW       8
0x0210	0x6F52      	MOVWF       PR4, 1
;SezB.c,38 :: 		CCP5CON = 0b00001111;
0x0212	0x0E0F      	MOVLW       15
0x0214	0x6F54      	MOVWF       CCP5CON, 1
;SezB.c,39 :: 		T4CON = 0b00000110;
0x0216	0x0E06      	MOVLW       6
0x0218	0x6F51      	MOVWF       T4CON, 1
;SezB.c,40 :: 		TRISE.TRISE2 = 0;
0x021A	0x9496      	BCF         TRISE, 2 
;SezB.c,45 :: 		Lcd_Init();		// Init the display library (This will set also the PORTB Configuration)
0x021C	0xDF5E      	RCALL       _Lcd_Init
;SezB.c,47 :: 		Lcd_Cmd(_LCD_CLEAR);    	// Clear display
0x021E	0x0E01      	MOVLW       1
0x0220	0x6E36      	MOVWF       FARG_Lcd_Cmd_out_char 
0x0222	0xDF0F      	RCALL       _Lcd_Cmd
;SezB.c,48 :: 		Lcd_Cmd(_LCD_CURSOR_OFF);   // Cursor OFF
0x0224	0x0E0C      	MOVLW       12
0x0226	0x6E36      	MOVWF       FARG_Lcd_Cmd_out_char 
0x0228	0xDF0C      	RCALL       _Lcd_Cmd
;SezB.c,49 :: 		Lcd_Out(1,1,"SPENTO");
0x022A	0x0E01      	MOVLW       1
0x022C	0x6E30      	MOVWF       FARG_Lcd_Out_row 
0x022E	0x0E01      	MOVLW       1
0x0230	0x6E31      	MOVWF       FARG_Lcd_Out_column 
0x0232	0x0E1C      	MOVLW       ?lstr1_SezB
0x0234	0x6E32      	MOVWF       FARG_Lcd_Out_text 
0x0236	0x0E00      	MOVLW       hi_addr(?lstr1_SezB)
0x0238	0x6E33      	MOVWF       FARG_Lcd_Out_text+1 
0x023A	0xDF9A      	RCALL       _Lcd_Out
;SezB.c,53 :: 		while(1){
L_main0:
;SezB.c,57 :: 		if(store_c0 == 0 && PORTC.RC0 == 1){
0x023C	0x502C      	MOVF        main_store_c0_L0, 0 
0x023E	0x0A00      	XORLW       0
0x0240	0xE123      	BNZ         L_main4
0x0242	0xA082      	BTFSS       PORTC, 0 
0x0244	0xD021      	BRA         L_main4
L__main33:
;SezB.c,58 :: 		if(stato_accensione){
0x0246	0x522B      	MOVF        main_stato_accensione_L0, 1 
0x0248	0xE00E      	BZ          L_main5
;SezB.c,59 :: 		stato_accensione = 0;
0x024A	0x6A2B      	CLRF        main_stato_accensione_L0 
;SezB.c,60 :: 		LATA.RA4 = 0;
0x024C	0x9889      	BCF         LATA, 4 
;SezB.c,61 :: 		velocita_motore = 0;
0x024E	0x6A2D      	CLRF        main_velocita_motore_L0 
;SezB.c,62 :: 		LATD = 0;
0x0250	0x6A8C      	CLRF        LATD 
;SezB.c,63 :: 		Lcd_Out(1,1,"SPENTO");
0x0252	0x0E01      	MOVLW       1
0x0254	0x6E30      	MOVWF       FARG_Lcd_Out_row 
0x0256	0x0E01      	MOVLW       1
0x0258	0x6E31      	MOVWF       FARG_Lcd_Out_column 
0x025A	0x0E23      	MOVLW       ?lstr2_SezB
0x025C	0x6E32      	MOVWF       FARG_Lcd_Out_text 
0x025E	0x0E00      	MOVLW       hi_addr(?lstr2_SezB)
0x0260	0x6E33      	MOVWF       FARG_Lcd_Out_text+1 
0x0262	0xDF86      	RCALL       _Lcd_Out
;SezB.c,64 :: 		}
0x0264	0xD00E      	BRA         L_main6
L_main5:
;SezB.c,66 :: 		stato_accensione = 1;
0x0266	0x0E01      	MOVLW       1
0x0268	0x6E2B      	MOVWF       main_stato_accensione_L0 
;SezB.c,67 :: 		LATA.RA4 = 1;
0x026A	0x8889      	BSF         LATA, 4 
;SezB.c,68 :: 		velocita_motore = 1;
0x026C	0x0E01      	MOVLW       1
0x026E	0x6E2D      	MOVWF       main_velocita_motore_L0 
;SezB.c,69 :: 		Lcd_Out(1,1,"ACCESO");
0x0270	0x0E01      	MOVLW       1
0x0272	0x6E30      	MOVWF       FARG_Lcd_Out_row 
0x0274	0x0E01      	MOVLW       1
0x0276	0x6E31      	MOVWF       FARG_Lcd_Out_column 
0x0278	0x0E15      	MOVLW       ?lstr3_SezB
0x027A	0x6E32      	MOVWF       FARG_Lcd_Out_text 
0x027C	0x0E00      	MOVLW       hi_addr(?lstr3_SezB)
0x027E	0x6E33      	MOVWF       FARG_Lcd_Out_text+1 
0x0280	0xDF77      	RCALL       _Lcd_Out
;SezB.c,70 :: 		}
L_main6:
;SezB.c,71 :: 		store_c0 = 1;
0x0282	0x0E01      	MOVLW       1
0x0284	0x6E2C      	MOVWF       main_store_c0_L0 
;SezB.c,72 :: 		}
0x0286	0xD005      	BRA         L_main7
L_main4:
;SezB.c,73 :: 		else if(store_c0 == 1 && PORTC.RC0 == 0)
0x0288	0x502C      	MOVF        main_store_c0_L0, 0 
0x028A	0x0A01      	XORLW       1
0x028C	0xE102      	BNZ         L_main10
0x028E	0xA082      	BTFSS       PORTC, 0 
L__main32:
;SezB.c,74 :: 		store_c0 = 0;
0x0290	0x6A2C      	CLRF        main_store_c0_L0 
L_main10:
L_main7:
;SezB.c,79 :: 		if(stato_accensione){
0x0292	0x522B      	MOVF        main_stato_accensione_L0, 1 
0x0294	0xE02E      	BZ          L_main11
;SezB.c,82 :: 		if(store_c3 == 0 && PORTC.RC3 == 1){
0x0296	0x502E      	MOVF        main_store_c3_L0, 0 
0x0298	0x0A00      	XORLW       0
0x029A	0xE109      	BNZ         L_main14
0x029C	0xA682      	BTFSS       PORTC, 3 
0x029E	0xD007      	BRA         L_main14
L__main31:
;SezB.c,83 :: 		if(velocita_motore<8)
0x02A0	0x0E08      	MOVLW       8
0x02A2	0x5C2D      	SUBWF       main_velocita_motore_L0, 0 
0x02A4	0xA0D8      	BTFSS       STATUS, 0 
;SezB.c,84 :: 		velocita_motore++;
0x02A6	0x2A2D      	INCF        main_velocita_motore_L0, 1 
L_main15:
;SezB.c,85 :: 		store_c3 = 1;
0x02A8	0x0E01      	MOVLW       1
0x02AA	0x6E2E      	MOVWF       main_store_c3_L0 
;SezB.c,86 :: 		}
0x02AC	0xD005      	BRA         L_main16
L_main14:
;SezB.c,87 :: 		else if(store_c3 == 1 && PORTC.RC3 == 0)
0x02AE	0x502E      	MOVF        main_store_c3_L0, 0 
0x02B0	0x0A01      	XORLW       1
0x02B2	0xE102      	BNZ         L_main19
0x02B4	0xA682      	BTFSS       PORTC, 3 
L__main30:
;SezB.c,88 :: 		store_c3 = 0;
0x02B6	0x6A2E      	CLRF        main_store_c3_L0 
L_main19:
L_main16:
;SezB.c,90 :: 		if(store_c4 == 0 && PORTC.RC4 == 1){
0x02B8	0x502F      	MOVF        main_store_c4_L0, 0 
0x02BA	0x0A00      	XORLW       0
0x02BC	0xE109      	BNZ         L_main22
0x02BE	0xA882      	BTFSS       PORTC, 4 
0x02C0	0xD007      	BRA         L_main22
L__main29:
;SezB.c,91 :: 		if(velocita_motore>1)
0x02C2	0x502D      	MOVF        main_velocita_motore_L0, 0 
0x02C4	0x0801      	SUBLW       1
0x02C6	0xA0D8      	BTFSS       STATUS, 0 
;SezB.c,92 :: 		velocita_motore--;
0x02C8	0x062D      	DECF        main_velocita_motore_L0, 1 
L_main23:
;SezB.c,93 :: 		store_c4 = 1;
0x02CA	0x0E01      	MOVLW       1
0x02CC	0x6E2F      	MOVWF       main_store_c4_L0 
;SezB.c,94 :: 		}
0x02CE	0xD005      	BRA         L_main24
L_main22:
;SezB.c,95 :: 		else if(store_c4 == 1 && PORTC.RC4 == 0)
0x02D0	0x502F      	MOVF        main_store_c4_L0, 0 
0x02D2	0x0A01      	XORLW       1
0x02D4	0xE102      	BNZ         L_main27
0x02D6	0xA882      	BTFSS       PORTC, 4 
L__main28:
;SezB.c,96 :: 		store_c4 = 0;
0x02D8	0x6A2F      	CLRF        main_store_c4_L0 
L_main27:
L_main24:
;SezB.c,98 :: 		LATD = (1<<velocita_motore) - 1;
0x02DA	0xF001C02D  	MOVFF       main_velocita_motore_L0, R1
0x02DE	0x0E01      	MOVLW       1
0x02E0	0x6E00      	MOVWF       R0 
0x02E2	0x5001      	MOVF        R1, 0 
L__main35:
0x02E4	0xE004      	BZ          L__main36
0x02E6	0x3600      	RLCF        R0, 1 
0x02E8	0x9000      	BCF         R0, 0 
0x02EA	0x0FFF      	ADDLW       255
0x02EC	0xD7FB      	BRA         L__main35
L__main36:
0x02EE	0x0400      	DECF        R0, 0 
0x02F0	0x6E8C      	MOVWF       LATD 
;SezB.c,101 :: 		}
L_main11:
;SezB.c,103 :: 		CCPR5L = velocita_motore;
0x02F2	0xFF55C02D  	MOVFF       main_velocita_motore_L0, CCPR5L
;SezB.c,106 :: 		}
0x02F6	0xD7A2      	BRA         L_main0
;SezB.c,109 :: 		}
L_end_main:
0x02F8	0xD7FF      	BRA         $+0
; end of _main
0x0310	0xF015EE10  	LFSR        1, 21
0x0314	0x0E15      	MOVLW       21
0x0316	0x6E00      	MOVWF       R0 
0x0318	0x0E01      	MOVLW       1
0x031A	0x6E01      	MOVWF       R1 
0x031C	0x0EFA      	MOVLW       250
0x031E	0x6EF6      	MOVWF       4086 
0x0320	0x0E02      	MOVLW       2
0x0322	0x6EF7      	MOVWF       TBLPTRH 
0x0324	0x0E00      	MOVLW       0
0x0326	0x6EF8      	MOVWF       TBLPTRU 
0x0328	0xF000EC65  	CALL        202, 0
0x032C	0x0012      	RETURN      0
;SezB.c,0 :: ?ICS?lstr3_SezB
0x02FA	0x4341 ;?ICS?lstr3_SezB+0
0x02FC	0x4543 ;?ICS?lstr3_SezB+2
0x02FE	0x4F53 ;?ICS?lstr3_SezB+4
0x0300	0x00 ;?ICS?lstr3_SezB+6
; end of ?ICS?lstr3_SezB
;SezB.c,0 :: ?ICS?lstr1_SezB
0x0301	0x5053 ;?ICS?lstr1_SezB+0
0x0303	0x4E45 ;?ICS?lstr1_SezB+2
0x0305	0x4F54 ;?ICS?lstr1_SezB+4
0x0307	0x00 ;?ICS?lstr1_SezB+6
; end of ?ICS?lstr1_SezB
;SezB.c,0 :: ?ICS?lstr2_SezB
0x0308	0x5053 ;?ICS?lstr2_SezB+0
0x030A	0x4E45 ;?ICS?lstr2_SezB+2
0x030C	0x4F54 ;?ICS?lstr2_SezB+4
0x030E	0x00 ;?ICS?lstr2_SezB+6
; end of ?ICS?lstr2_SezB
Symbol List:
//** Routines locations **
//ADDRESS    SIZE    PROCEDURE
//----------------------------------------------
0x001C       [6]    _Delay_1us
0x0022      [22]    _Delay_5500us
0x0038      [10]    _Delay_50us
0x0042     [124]    _Lcd_Cmd
0x00BE      [12]    _Lcd_Chr_CP
0x00CA      [16]    ___CC2DW
0x00DA     [150]    _Lcd_Init
0x0170     [122]    _Lcd_Out
0x01EA     [272]    _main
//** Variables locations ** 
//ADDRESS    SIZE    VARIABLE
//----------------------------------------------
0x0000       [1]    R0
0x0001       [1]    R1
0x0001       [1]    __Lib_Conversions_Adjust_Hex_tmp_L0
0x0002       [1]    R2
0x0002       [2]    memset_pp_L0
0x0002       [2]    memchr_s_L0
0x0002       [2]    memcpy_dd_L0
0x0002       [2]    strlen_cp_L0
0x0003       [2]    Ltrim_original_L0
0x0003       [1]    R3
0x0003       [2]    memmove_tt_L0
0x0004       [2]    strncpy_cp_L0
0x0004       [2]    strncat_cp_L0
0x0004       [2]    strcpy_cp_L0
0x0004       [2]    memcpy_ss_L0
0x0004       [2]    strcat_cp_L0
0x0004       [1]    R4
0x0005       [2]    memmove_ff_L0
0x0005       [1]    R5
0x0005       [2]    LongWordToHex_input_half_L0
0x0005       [2]    LongIntToHex_input_half_L0
0x0005       [2]    Ltrim_p_L0
0x0006       [1]    R6
0x0007       [1]    R7
0x0008       [1]    R8
0x0009       [1]    R9
0x000A       [1]    R10
0x000B       [1]    R11
0x000C       [1]    R12
0x000D       [1]    R13
0x000E       [1]    R14
0x000F       [1]    R15
0x0010       [1]    R16
0x0011       [1]    R17
0x0012       [1]    R18
0x0013       [1]    R19
0x0014       [1]    R20
0x0015       [7]    ?lstr3_SezB
0x001C       [7]    ?lstr1_SezB
0x0023       [7]    ?lstr2_SezB
0x002A       [0]    __Lib_Lcd_cmd_status
0x002B       [1]    main_stato_accensione_L0
0x002C       [1]    main_store_c0_L0
0x002D       [1]    main_velocita_motore_L0
0x002E       [1]    main_store_c3_L0
0x002F       [1]    main_store_c4_L0
0x0030       [1]    FARG_Lcd_Out_row
0x0031       [1]    FARG_Lcd_Out_column
0x0032       [2]    FARG_Lcd_Out_text
0x0034       [1]    Lcd_Out_i_L0
0x0035       [1]    FARG_Lcd_Chr_CP_out_char
0x0036       [1]    FARG_Lcd_Cmd_out_char
0x0F3A       [1]    ANSELC
0x0F48       [1]    CCPTMRS1
0x0F51       [1]    T4CON
0x0F52       [1]    PR4
0x0F54       [1]    CCP5CON
0x0F55       [1]    CCPR5L
0x0F82       [1]    PORTC
0x0F89       [1]    LATA
0x0F8A       [0]    LATB5_bit
0x0F8A       [0]    LATB1_bit
0x0F8A       [0]    LATB2_bit
0x0F8A       [0]    LATB0_bit
0x0F8A       [0]    LCD_RS
0x0F8A       [0]    LATB3_bit
0x0F8A       [0]    LCD_D6
0x0F8A       [0]    LATB4_bit
0x0F8A       [0]    LCD_D7
0x0F8A       [0]    LCD_D4
0x0F8A       [0]    LCD_EN
0x0F8A       [0]    LCD_D5
0x0F8C       [1]    LATD
0x0F92       [1]    TRISA
0x0F93       [0]    TRISB0_bit
0x0F93       [0]    LCD_RS_Direction
0x0F93       [0]    TRISB2_bit
0x0F93       [0]    TRISB4_bit
0x0F93       [0]    TRISB3_bit
0x0F93       [0]    TRISB1_bit
0x0F93       [0]    TRISB5_bit
0x0F93       [0]    LCD_D5_Direction
0x0F93       [0]    LCD_D4_Direction
0x0F93       [0]    LCD_D7_Direction
0x0F93       [0]    LCD_D6_Direction
0x0F93       [0]    LCD_EN_Direction
0x0F94       [1]    TRISC
0x0F95       [1]    TRISD
0x0F96       [1]    TRISE
0x0FD8       [1]    STATUS
0x0FD9       [1]    FSR2L
0x0FDA       [1]    FSR2H
0x0FDE       [1]    POSTINC2
0x0FE0       [1]    BSR
0x0FE1       [1]    FSR1L
0x0FE2       [1]    FSR1H
0x0FE4       [1]    PREINC1
0x0FE6       [1]    POSTINC1
0x0FE7       [1]    INDF1
0x0FE8       [1]    WREG
0x0FE9       [1]    FSR0L
0x0FEA       [1]    FSR0H
0x0FEE       [1]    POSTINC0
0x0FF3       [1]    PRODL
0x0FF4       [1]    PRODH
0x0FF5       [1]    TABLAT
0x0FF6       [1]    TBLPTRL
0x0FF7       [1]    TBLPTRH
0x0FF8       [1]    TBLPTRU
//** Constants locations ** 
//ADDRESS    SIZE    CONSTANT
//----------------------------------------------
0x02FA       [7]    ?ICS?lstr3_SezB
0x0301       [7]    ?ICS?lstr1_SezB
0x0308       [7]    ?ICS?lstr2_SezB
