;  LST file generated by mikroListExporter - v.2.0 
; Date/Time: 27/06/2024 12:43:07
;----------------------------------------------

;Address Opcode 	ASM
0x0000	0xF002EF1E  	GOTO        1084
_interrupt:
;SezB.c,117 :: 		void interrupt(){
;SezB.c,119 :: 		if(PIR1.ADIF){
0x0008	0xAC9E      	BTFSS       PIR1, 6 
0x000A	0xD005      	BRA         L_interrupt15
;SezB.c,121 :: 		value = ADRESH;
0x000C	0xF021CFC4  	MOVFF       ADRESH, _value
;SezB.c,122 :: 		adc_flag = 1;
0x0010	0x0E01      	MOVLW       1
0x0012	0x6E1F      	MOVWF       _adc_flag 
;SezB.c,123 :: 		PIR1.ADIF = 0;
0x0014	0x9C9E      	BCF         PIR1, 6 
;SezB.c,124 :: 		}
L_interrupt15:
;SezB.c,126 :: 		if(INTCON.TMR0IF){
0x0016	0xA4F2      	BTFSS       INTCON, 2 
0x0018	0xD005      	BRA         L_interrupt16
;SezB.c,127 :: 		el_time += 32;
0x001A	0x0E20      	MOVLW       32
0x001C	0x261D      	ADDWF       _el_time, 1 
0x001E	0x0E00      	MOVLW       0
0x0020	0x221E      	ADDWFC      _el_time+1, 1 
;SezB.c,128 :: 		INTCON.TMR0IF = 0;
0x0022	0x94F2      	BCF         INTCON, 2 
;SezB.c,129 :: 		}
L_interrupt16:
;SezB.c,131 :: 		}
L_end_interrupt:
L__interrupt31:
0x0024	0x0011      	RETFIE      1
; end of _interrupt
_Delay_1us:
;__Lib_Delays.c,7 :: 		void Delay_1us() {
;__Lib_Delays.c,8 :: 		Delay_us(1);
0x0026	0x0000      	NOP
0x0028	0x0000      	NOP
;__Lib_Delays.c,9 :: 		}
L_end_Delay_1us:
0x002A	0x0012      	RETURN      0
; end of _Delay_1us
_Delay_5500us:
;__Lib_Delays.c,31 :: 		void Delay_5500us() {
;__Lib_Delays.c,32 :: 		Delay_us(5500);
0x002C	0x0E0F      	MOVLW       15
0x002E	0x6E0C      	MOVWF       R12, 0
0x0030	0x0E47      	MOVLW       71
0x0032	0x6E0D      	MOVWF       R13, 0
L_Delay_5500us5:
0x0034	0x2E0D      	DECFSZ      R13, 1, 0
0x0036	0xD7FE      	BRA         L_Delay_5500us5
0x0038	0x2E0C      	DECFSZ      R12, 1, 0
0x003A	0xD7FC      	BRA         L_Delay_5500us5
0x003C	0x0000      	NOP
0x003E	0x0000      	NOP
;__Lib_Delays.c,33 :: 		}
L_end_Delay_5500us:
0x0040	0x0012      	RETURN      0
; end of _Delay_5500us
_Delay_50us:
;__Lib_Delays.c,19 :: 		void Delay_50us() {
;__Lib_Delays.c,20 :: 		Delay_us(50);
0x0042	0x0E21      	MOVLW       33
0x0044	0x6E0D      	MOVWF       R13, 0
L_Delay_50us2:
0x0046	0x2E0D      	DECFSZ      R13, 1, 0
0x0048	0xD7FE      	BRA         L_Delay_50us2
;__Lib_Delays.c,21 :: 		}
L_end_Delay_50us:
0x004A	0x0012      	RETURN      0
; end of _Delay_50us
_Div_16X16_U:
;__Lib_Math.c,102 :: 		
;__Lib_Math.c,109 :: 		
0x004C	0x6A08      	CLRF        R8, 0
;__Lib_Math.c,110 :: 		
0x004E	0x6A09      	CLRF        R9, 0
;__Lib_Math.c,111 :: 		
0x0050	0x0E10      	MOVLW       16
;__Lib_Math.c,112 :: 		
0x0052	0x6E0C      	MOVWF       R12, 0
;__Lib_Math.c,113 :: 		
0x0054	0x3401      	RLCF        R1, 0, 0
;__Lib_Math.c,114 :: 		
0x0056	0x3608      	RLCF        R8, 1, 0
;__Lib_Math.c,115 :: 		
0x0058	0x3609      	RLCF        R9, 1, 0
;__Lib_Math.c,116 :: 		
0x005A	0x5004      	MOVF        R4, 0, 0
;__Lib_Math.c,117 :: 		
0x005C	0x5E08      	SUBWF       R8, 1, 0
;__Lib_Math.c,118 :: 		
0x005E	0x5005      	MOVF        R5, 0, 0
;__Lib_Math.c,119 :: 		
0x0060	0xA0D8      	BTFSS       STATUS, 0, 0
;__Lib_Math.c,120 :: 		
0x0062	0x3C05      	INCFSZ      R5, 0, 0
;__Lib_Math.c,121 :: 		
0x0064	0x5E09      	SUBWF       R9, 1, 0
;__Lib_Math.c,122 :: 		
0x0066	0xB0D8      	BTFSC       STATUS, 0, 0
;__Lib_Math.c,123 :: 		
0x0068	0xD007      	BRA         $+16
;__Lib_Math.c,124 :: 		
0x006A	0x5004      	MOVF        R4, 0, 0
;__Lib_Math.c,125 :: 		
0x006C	0x2608      	ADDWF       R8, 1, 0
;__Lib_Math.c,126 :: 		
0x006E	0x5005      	MOVF        R5, 0, 0
;__Lib_Math.c,127 :: 		
0x0070	0xB0D8      	BTFSC       STATUS, 0, 0
;__Lib_Math.c,128 :: 		
0x0072	0x3C05      	INCFSZ      R5, 0, 0
;__Lib_Math.c,129 :: 		
0x0074	0x2609      	ADDWF       R9, 1, 0
;__Lib_Math.c,130 :: 		
0x0076	0x90D8      	BCF         STATUS, 0, 0
;__Lib_Math.c,131 :: 		
0x0078	0x3600      	RLCF        R0, 1, 0
;__Lib_Math.c,132 :: 		
0x007A	0x3601      	RLCF        R1, 1, 0
;__Lib_Math.c,133 :: 		
0x007C	0x2E0C      	DECFSZ      R12, 1, 0
;__Lib_Math.c,134 :: 		
0x007E	0xD7EA      	BRA         $-42
;__Lib_Math.c,136 :: 		
L_end_Div_16X16_U:
0x0080	0x0012      	RETURN      0
; end of _Div_16X16_U
_Lcd_Cmd:
;__Lib_Lcd.c,18 :: 		
;__Lib_Lcd.c,20 :: 		
0x0082	0xBE54      	BTFSC       FARG_Lcd_Cmd_out_char, 7 
0x0084	0xD002      	BRA         L__Lcd_Cmd21
0x0086	0x968A      	BCF         LCD_D7, BitPos(LCD_D7+0) 
0x0088	0xD001      	BRA         L__Lcd_Cmd22
L__Lcd_Cmd21:
0x008A	0x868A      	BSF         LCD_D7, BitPos(LCD_D7+0) 
L__Lcd_Cmd22:
;__Lib_Lcd.c,21 :: 		
0x008C	0xBC54      	BTFSC       FARG_Lcd_Cmd_out_char, 6 
0x008E	0xD002      	BRA         L__Lcd_Cmd23
0x0090	0x948A      	BCF         LCD_D6, BitPos(LCD_D6+0) 
0x0092	0xD001      	BRA         L__Lcd_Cmd24
L__Lcd_Cmd23:
0x0094	0x848A      	BSF         LCD_D6, BitPos(LCD_D6+0) 
L__Lcd_Cmd24:
;__Lib_Lcd.c,22 :: 		
0x0096	0xBA54      	BTFSC       FARG_Lcd_Cmd_out_char, 5 
0x0098	0xD002      	BRA         L__Lcd_Cmd25
0x009A	0x928A      	BCF         LCD_D5, BitPos(LCD_D5+0) 
0x009C	0xD001      	BRA         L__Lcd_Cmd26
L__Lcd_Cmd25:
0x009E	0x828A      	BSF         LCD_D5, BitPos(LCD_D5+0) 
L__Lcd_Cmd26:
;__Lib_Lcd.c,23 :: 		
0x00A0	0xB854      	BTFSC       FARG_Lcd_Cmd_out_char, 4 
0x00A2	0xD002      	BRA         L__Lcd_Cmd27
0x00A4	0x908A      	BCF         LCD_D4, BitPos(LCD_D4+0) 
0x00A6	0xD001      	BRA         L__Lcd_Cmd28
L__Lcd_Cmd27:
0x00A8	0x808A      	BSF         LCD_D4, BitPos(LCD_D4+0) 
L__Lcd_Cmd28:
;__Lib_Lcd.c,25 :: 		
0x00AA	0xB020      	BTFSC       __Lib_Lcd_cmd_status, BitPos(__Lib_Lcd_cmd_status+0) 
0x00AC	0xD002      	BRA         L__Lcd_Cmd29
0x00AE	0x888A      	BSF         LCD_RS, BitPos(LCD_RS+0) 
0x00B0	0xD001      	BRA         L__Lcd_Cmd30
L__Lcd_Cmd29:
0x00B2	0x988A      	BCF         LCD_RS, BitPos(LCD_RS+0) 
L__Lcd_Cmd30:
;__Lib_Lcd.c,28 :: 		
0x00B4	0x8A8A      	BSF         LCD_EN, BitPos(LCD_EN+0) 
;__Lib_Lcd.c,29 :: 		
0x00B6	0xDFB7      	RCALL       _Delay_1us
;__Lib_Lcd.c,30 :: 		
0x00B8	0x9A8A      	BCF         LCD_EN, BitPos(LCD_EN+0) 
;__Lib_Lcd.c,33 :: 		
0x00BA	0xB654      	BTFSC       FARG_Lcd_Cmd_out_char, 3 
0x00BC	0xD002      	BRA         L__Lcd_Cmd31
0x00BE	0x968A      	BCF         LCD_D7, BitPos(LCD_D7+0) 
0x00C0	0xD001      	BRA         L__Lcd_Cmd32
L__Lcd_Cmd31:
0x00C2	0x868A      	BSF         LCD_D7, BitPos(LCD_D7+0) 
L__Lcd_Cmd32:
;__Lib_Lcd.c,34 :: 		
0x00C4	0xB454      	BTFSC       FARG_Lcd_Cmd_out_char, 2 
0x00C6	0xD002      	BRA         L__Lcd_Cmd33
0x00C8	0x948A      	BCF         LCD_D6, BitPos(LCD_D6+0) 
0x00CA	0xD001      	BRA         L__Lcd_Cmd34
L__Lcd_Cmd33:
0x00CC	0x848A      	BSF         LCD_D6, BitPos(LCD_D6+0) 
L__Lcd_Cmd34:
;__Lib_Lcd.c,35 :: 		
0x00CE	0xB254      	BTFSC       FARG_Lcd_Cmd_out_char, 1 
0x00D0	0xD002      	BRA         L__Lcd_Cmd35
0x00D2	0x928A      	BCF         LCD_D5, BitPos(LCD_D5+0) 
0x00D4	0xD001      	BRA         L__Lcd_Cmd36
L__Lcd_Cmd35:
0x00D6	0x828A      	BSF         LCD_D5, BitPos(LCD_D5+0) 
L__Lcd_Cmd36:
;__Lib_Lcd.c,36 :: 		
0x00D8	0xB054      	BTFSC       FARG_Lcd_Cmd_out_char, 0 
0x00DA	0xD002      	BRA         L__Lcd_Cmd37
0x00DC	0x908A      	BCF         LCD_D4, BitPos(LCD_D4+0) 
0x00DE	0xD001      	BRA         L__Lcd_Cmd38
L__Lcd_Cmd37:
0x00E0	0x808A      	BSF         LCD_D4, BitPos(LCD_D4+0) 
L__Lcd_Cmd38:
;__Lib_Lcd.c,38 :: 		
0x00E2	0xB020      	BTFSC       __Lib_Lcd_cmd_status, BitPos(__Lib_Lcd_cmd_status+0) 
0x00E4	0xD002      	BRA         L__Lcd_Cmd39
0x00E6	0x888A      	BSF         LCD_RS, BitPos(LCD_RS+0) 
0x00E8	0xD001      	BRA         L__Lcd_Cmd40
L__Lcd_Cmd39:
0x00EA	0x988A      	BCF         LCD_RS, BitPos(LCD_RS+0) 
L__Lcd_Cmd40:
;__Lib_Lcd.c,40 :: 		
0x00EC	0x8A8A      	BSF         LCD_EN, BitPos(LCD_EN+0) 
;__Lib_Lcd.c,41 :: 		
0x00EE	0xDF9B      	RCALL       _Delay_1us
;__Lib_Lcd.c,42 :: 		
0x00F0	0x9A8A      	BCF         LCD_EN, BitPos(LCD_EN+0) 
;__Lib_Lcd.c,44 :: 		
0x00F2	0xA020      	BTFSS       __Lib_Lcd_cmd_status, BitPos(__Lib_Lcd_cmd_status+0) 
0x00F4	0xD002      	BRA         L_Lcd_Cmd0
;__Lib_Lcd.c,45 :: 		
0x00F6	0xDF9A      	RCALL       _Delay_5500us
0x00F8	0xD001      	BRA         L_Lcd_Cmd1
L_Lcd_Cmd0:
;__Lib_Lcd.c,47 :: 		
0x00FA	0xDFA3      	RCALL       _Delay_50us
L_Lcd_Cmd1:
;__Lib_Lcd.c,48 :: 		
L_end_Lcd_Cmd:
0x00FC	0x0012      	RETURN      0
; end of _Lcd_Cmd
_WordToStr:
;__Lib_Conversions.c,98 :: 		
;__Lib_Conversions.c,103 :: 		
0x00FE	0x6A51      	CLRF        WordToStr_len_L0 
L_WordToStr11:
0x0100	0x0E05      	MOVLW       5
0x0102	0x5C51      	SUBWF       WordToStr_len_L0, 0 
0x0104	0xE20A      	BC          L_WordToStr12
;__Lib_Conversions.c,104 :: 		
0x0106	0x5051      	MOVF        WordToStr_len_L0, 0 
0x0108	0x244F      	ADDWF       FARG_WordToStr_output, 0 
0x010A	0x6EE1      	MOVWF       FSR1L 
0x010C	0x0E00      	MOVLW       0
0x010E	0x2050      	ADDWFC      FARG_WordToStr_output+1, 0 
0x0110	0x6EE2      	MOVWF       FSR1L+1 
0x0112	0x0E20      	MOVLW       32
0x0114	0x6EE6      	MOVWF       POSTINC1 
;__Lib_Conversions.c,103 :: 		
0x0116	0x2A51      	INCF        WordToStr_len_L0, 1 
;__Lib_Conversions.c,104 :: 		
0x0118	0xD7F3      	BRA         L_WordToStr11
L_WordToStr12:
;__Lib_Conversions.c,105 :: 		
0x011A	0x5051      	MOVF        WordToStr_len_L0, 0 
0x011C	0x244F      	ADDWF       FARG_WordToStr_output, 0 
0x011E	0x6EE1      	MOVWF       FSR1L 
0x0120	0x0E00      	MOVLW       0
0x0122	0x2050      	ADDWFC      FARG_WordToStr_output+1, 0 
0x0124	0x6EE2      	MOVWF       FSR1L+1 
0x0126	0x6AE6      	CLRF        POSTINC1 
0x0128	0x0651      	DECF        WordToStr_len_L0, 1 
;__Lib_Conversions.c,107 :: 		
L_WordToStr14:
;__Lib_Conversions.c,108 :: 		
0x012A	0x5051      	MOVF        WordToStr_len_L0, 0 
0x012C	0x244F      	ADDWF       FARG_WordToStr_output, 0 
0x012E	0x6E52      	MOVWF       FLOC__WordToStr 
0x0130	0x0E00      	MOVLW       0
0x0132	0x2050      	ADDWFC      FARG_WordToStr_output+1, 0 
0x0134	0x6E53      	MOVWF       FLOC__WordToStr+1 
0x0136	0x0E0A      	MOVLW       10
0x0138	0x6E04      	MOVWF       R4 
0x013A	0x0E00      	MOVLW       0
0x013C	0x6E05      	MOVWF       R5 
0x013E	0xF000C04D  	MOVFF       FARG_WordToStr_input, R0
0x0142	0xF001C04E  	MOVFF       FARG_WordToStr_input+1, R1
0x0146	0xDF82      	RCALL       _Div_16X16_U
0x0148	0xF000C008  	MOVFF       R8, R0
0x014C	0xF001C009  	MOVFF       R9, R1
0x0150	0x0E30      	MOVLW       48
0x0152	0x2600      	ADDWF       R0, 1 
0x0154	0xFFE1C052  	MOVFF       FLOC__WordToStr, FSR1L
0x0158	0xFFE2C053  	MOVFF       FLOC__WordToStr+1, FSR1H
0x015C	0xFFE6C000  	MOVFF       R0, POSTINC1
;__Lib_Conversions.c,109 :: 		
0x0160	0x0E0A      	MOVLW       10
0x0162	0x6E04      	MOVWF       R4 
0x0164	0x0E00      	MOVLW       0
0x0166	0x6E05      	MOVWF       R5 
0x0168	0xF000C04D  	MOVFF       FARG_WordToStr_input, R0
0x016C	0xF001C04E  	MOVFF       FARG_WordToStr_input+1, R1
0x0170	0xDF6D      	RCALL       _Div_16X16_U
0x0172	0xF04DC000  	MOVFF       R0, FARG_WordToStr_input
0x0176	0xF04EC001  	MOVFF       R1, FARG_WordToStr_input+1
;__Lib_Conversions.c,110 :: 		
0x017A	0x0E00      	MOVLW       0
0x017C	0x1801      	XORWF       R1, 0 
0x017E	0xE102      	BNZ         L__WordToStr379
0x0180	0x0E00      	MOVLW       0
0x0182	0x1800      	XORWF       R0, 0 
L__WordToStr379:
0x0184	0xE101      	BNZ         L_WordToStr16
;__Lib_Conversions.c,111 :: 		
0x0186	0xD002      	BRA         L_WordToStr15
L_WordToStr16:
;__Lib_Conversions.c,112 :: 		
0x0188	0x0651      	DECF        WordToStr_len_L0, 1 
;__Lib_Conversions.c,113 :: 		
0x018A	0xD7CF      	BRA         L_WordToStr14
L_WordToStr15:
;__Lib_Conversions.c,114 :: 		
L_end_WordToStr:
0x018C	0x0012      	RETURN      0
; end of _WordToStr
_Lcd_Chr_CP:
;__Lib_Lcd.c,50 :: 		
;__Lib_Lcd.c,52 :: 		
0x018E	0x9020      	BCF         __Lib_Lcd_cmd_status, BitPos(__Lib_Lcd_cmd_status+0) 
;__Lib_Lcd.c,53 :: 		
0x0190	0xF054C04D  	MOVFF       FARG_Lcd_Chr_CP_out_char, FARG_Lcd_Cmd_out_char
0x0194	0xDF76      	RCALL       _Lcd_Cmd
;__Lib_Lcd.c,54 :: 		
0x0196	0x8020      	BSF         __Lib_Lcd_cmd_status, BitPos(__Lib_Lcd_cmd_status+0) 
;__Lib_Lcd.c,55 :: 		
L_end_Lcd_Chr_CP:
0x0198	0x0012      	RETURN      0
; end of _Lcd_Chr_CP
_IntToStr:
;__Lib_Conversions.c,195 :: 		
;__Lib_Conversions.c,201 :: 		
0x019A	0x6A49      	CLRF        IntToStr_negative_L0 
0x019C	0x6A4A      	CLRF        IntToStr_negative_L0+1 
;__Lib_Conversions.c,202 :: 		
0x019E	0xF04BC043  	MOVFF       FARG_IntToStr_input, IntToStr_inword_L0
0x01A2	0xF04CC044  	MOVFF       FARG_IntToStr_input+1, IntToStr_inword_L0+1
;__Lib_Conversions.c,203 :: 		
0x01A6	0x0E80      	MOVLW       128
0x01A8	0x1844      	XORWF       FARG_IntToStr_input+1, 0 
0x01AA	0x6E00      	MOVWF       R0 
0x01AC	0x0E80      	MOVLW       128
0x01AE	0x5C00      	SUBWF       R0, 0 
0x01B0	0xE102      	BNZ         L__IntToStr387
0x01B2	0x0E00      	MOVLW       0
0x01B4	0x5C43      	SUBWF       FARG_IntToStr_input, 0 
L__IntToStr387:
0x01B6	0xE20B      	BC          L_IntToStr37
;__Lib_Conversions.c,204 :: 		
0x01B8	0x0E01      	MOVLW       1
0x01BA	0x6E49      	MOVWF       IntToStr_negative_L0 
0x01BC	0x0E00      	MOVLW       0
0x01BE	0x6E4A      	MOVWF       IntToStr_negative_L0+1 
;__Lib_Conversions.c,205 :: 		
0x01C0	0x5043      	MOVF        FARG_IntToStr_input, 0 
0x01C2	0x0800      	SUBLW       0
0x01C4	0x6E4B      	MOVWF       IntToStr_inword_L0 
0x01C6	0xF04CC044  	MOVFF       FARG_IntToStr_input+1, IntToStr_inword_L0+1
0x01CA	0x0E00      	MOVLW       0
0x01CC	0x564C      	SUBFWB      IntToStr_inword_L0+1, 1 
;__Lib_Conversions.c,206 :: 		
L_IntToStr37:
;__Lib_Conversions.c,207 :: 		
0x01CE	0xF04DC04B  	MOVFF       IntToStr_inword_L0, FARG_WordToStr_input
0x01D2	0xF04EC04C  	MOVFF       IntToStr_inword_L0+1, FARG_WordToStr_input+1
0x01D6	0xF04FC045  	MOVFF       FARG_IntToStr_output, FARG_WordToStr_output
0x01DA	0xF050C046  	MOVFF       FARG_IntToStr_output+1, FARG_WordToStr_output+1
0x01DE	0xDF8F      	RCALL       _WordToStr
;__Lib_Conversions.c,209 :: 		
0x01E0	0x0E06      	MOVLW       6
0x01E2	0x6E47      	MOVWF       IntToStr_i_L0 
0x01E4	0x0E00      	MOVLW       0
0x01E6	0x6E48      	MOVWF       IntToStr_i_L0+1 
;__Lib_Conversions.c,210 :: 		
L_IntToStr38:
0x01E8	0x0E00      	MOVLW       0
0x01EA	0x6E00      	MOVWF       R0 
0x01EC	0x5048      	MOVF        IntToStr_i_L0+1, 0 
0x01EE	0x5C00      	SUBWF       R0, 0 
0x01F0	0xE102      	BNZ         L__IntToStr388
0x01F2	0x5047      	MOVF        IntToStr_i_L0, 0 
0x01F4	0x0800      	SUBLW       0
L__IntToStr388:
0x01F6	0xE219      	BC          L_IntToStr39
;__Lib_Conversions.c,211 :: 		
0x01F8	0x5047      	MOVF        IntToStr_i_L0, 0 
0x01FA	0x2445      	ADDWF       FARG_IntToStr_output, 0 
0x01FC	0x6EE1      	MOVWF       FSR1L 
0x01FE	0x5048      	MOVF        IntToStr_i_L0+1, 0 
0x0200	0x2046      	ADDWFC      FARG_IntToStr_output+1, 0 
0x0202	0x6EE2      	MOVWF       FSR1L+1 
0x0204	0x0E01      	MOVLW       1
0x0206	0x5C47      	SUBWF       IntToStr_i_L0, 0 
0x0208	0x6E00      	MOVWF       R0 
0x020A	0x0E00      	MOVLW       0
0x020C	0x5848      	SUBWFB      IntToStr_i_L0+1, 0 
0x020E	0x6E01      	MOVWF       R1 
0x0210	0x5000      	MOVF        R0, 0 
0x0212	0x2445      	ADDWF       FARG_IntToStr_output, 0 
0x0214	0x6EE9      	MOVWF       FSR0L 
0x0216	0x5001      	MOVF        R1, 0 
0x0218	0x2046      	ADDWFC      FARG_IntToStr_output+1, 0 
0x021A	0x6EEA      	MOVWF       FSR0L+1 
0x021C	0xFFE6CFEE  	MOVFF       POSTINC0, POSTINC1
;__Lib_Conversions.c,212 :: 		
0x0220	0x0E01      	MOVLW       1
0x0222	0x5E47      	SUBWF       IntToStr_i_L0, 1 
0x0224	0x0E00      	MOVLW       0
0x0226	0x5A48      	SUBWFB      IntToStr_i_L0+1, 1 
;__Lib_Conversions.c,213 :: 		
0x0228	0xD7DF      	BRA         L_IntToStr38
L_IntToStr39:
;__Lib_Conversions.c,214 :: 		
0x022A	0xFFE1C045  	MOVFF       FARG_IntToStr_output, FSR1L
0x022E	0xFFE2C046  	MOVFF       FARG_IntToStr_output+1, FSR1H
0x0232	0x0E20      	MOVLW       32
0x0234	0x6EE6      	MOVWF       POSTINC1 
;__Lib_Conversions.c,215 :: 		
0x0236	0x5049      	MOVF        IntToStr_negative_L0, 0 
0x0238	0x104A      	IORWF       IntToStr_negative_L0+1, 0 
0x023A	0xE01A      	BZ          L_IntToStr40
;__Lib_Conversions.c,216 :: 		
0x023C	0x6A47      	CLRF        IntToStr_i_L0 
0x023E	0x6A48      	CLRF        IntToStr_i_L0+1 
;__Lib_Conversions.c,217 :: 		
L_IntToStr41:
0x0240	0x5047      	MOVF        IntToStr_i_L0, 0 
0x0242	0x2445      	ADDWF       FARG_IntToStr_output, 0 
0x0244	0x6EE9      	MOVWF       FSR0L 
0x0246	0x5048      	MOVF        IntToStr_i_L0+1, 0 
0x0248	0x2046      	ADDWFC      FARG_IntToStr_output+1, 0 
0x024A	0x6EEA      	MOVWF       FSR0L+1 
0x024C	0x50EE      	MOVF        POSTINC0, 0 
0x024E	0x0A20      	XORLW       32
0x0250	0xE103      	BNZ         L_IntToStr42
0x0252	0x4A47      	INFSNZ      IntToStr_i_L0, 1 
0x0254	0x2A48      	INCF        IntToStr_i_L0+1, 1 
0x0256	0xD7F4      	BRA         L_IntToStr41
L_IntToStr42:
;__Lib_Conversions.c,218 :: 		
0x0258	0x0E01      	MOVLW       1
0x025A	0x5E47      	SUBWF       IntToStr_i_L0, 1 
0x025C	0x0E00      	MOVLW       0
0x025E	0x5A48      	SUBWFB      IntToStr_i_L0+1, 1 
;__Lib_Conversions.c,219 :: 		
0x0260	0x5047      	MOVF        IntToStr_i_L0, 0 
0x0262	0x2445      	ADDWF       FARG_IntToStr_output, 0 
0x0264	0x6EE1      	MOVWF       FSR1L 
0x0266	0x5048      	MOVF        IntToStr_i_L0+1, 0 
0x0268	0x2046      	ADDWFC      FARG_IntToStr_output+1, 0 
0x026A	0x6EE2      	MOVWF       FSR1L+1 
0x026C	0x0E2D      	MOVLW       45
0x026E	0x6EE6      	MOVWF       POSTINC1 
L_IntToStr40:
;__Lib_Conversions.c,220 :: 		
L_end_IntToStr:
0x0270	0x0012      	RETURN      0
; end of _IntToStr
___CC2DW:
;__Lib_System.c,21 :: 		
;__Lib_System.c,23 :: 		
_CC2DL_Loop1:
;__Lib_System.c,24 :: 		
0x0272	0x0009      	TBLRD*+
;__Lib_System.c,25 :: 		
0x0274	0xFFE6CFF5  	MOVFF       TABLAT, POSTINC1
;__Lib_System.c,26 :: 		
0x0278	0x0600      	DECF        R0, 1, 0
;__Lib_System.c,27 :: 		
0x027A	0xE1FB      	BNZ         _CC2DL_Loop1
;__Lib_System.c,28 :: 		
0x027C	0x0601      	DECF        R1, 1, 0
;__Lib_System.c,29 :: 		
0x027E	0xE1F9      	BNZ         _CC2DL_Loop1
;__Lib_System.c,31 :: 		
L_end___CC2DW:
0x0280	0x0012      	RETURN      0
; end of ___CC2DW
_Lcd_Init:
;__Lib_Lcd.c,84 :: 		
;__Lib_Lcd.c,86 :: 		
0x0282	0x9A93      	BCF         LCD_EN_Direction, BitPos(LCD_EN_Direction+0) 
;__Lib_Lcd.c,87 :: 		
0x0284	0x9893      	BCF         LCD_RS_Direction, BitPos(LCD_RS_Direction+0) 
;__Lib_Lcd.c,88 :: 		
0x0286	0x9093      	BCF         LCD_D4_Direction, BitPos(LCD_D4_Direction+0) 
;__Lib_Lcd.c,89 :: 		
0x0288	0x9293      	BCF         LCD_D5_Direction, BitPos(LCD_D5_Direction+0) 
;__Lib_Lcd.c,90 :: 		
0x028A	0x9493      	BCF         LCD_D6_Direction, BitPos(LCD_D6_Direction+0) 
;__Lib_Lcd.c,91 :: 		
0x028C	0x9693      	BCF         LCD_D7_Direction, BitPos(LCD_D7_Direction+0) 
;__Lib_Lcd.c,93 :: 		
0x028E	0x9A8A      	BCF         LCD_EN, BitPos(LCD_EN+0) 
;__Lib_Lcd.c,94 :: 		
0x0290	0x988A      	BCF         LCD_RS, BitPos(LCD_RS+0) 
;__Lib_Lcd.c,95 :: 		
0x0292	0x968A      	BCF         LCD_D7, BitPos(LCD_D7+0) 
;__Lib_Lcd.c,96 :: 		
0x0294	0x948A      	BCF         LCD_D6, BitPos(LCD_D6+0) 
;__Lib_Lcd.c,97 :: 		
0x0296	0x928A      	BCF         LCD_D5, BitPos(LCD_D5+0) 
;__Lib_Lcd.c,98 :: 		
0x0298	0x908A      	BCF         LCD_D4, BitPos(LCD_D4+0) 
;__Lib_Lcd.c,100 :: 		
0x029A	0xDEC8      	RCALL       _Delay_5500us
;__Lib_Lcd.c,101 :: 		
0x029C	0xDEC7      	RCALL       _Delay_5500us
;__Lib_Lcd.c,102 :: 		
0x029E	0xDEC6      	RCALL       _Delay_5500us
;__Lib_Lcd.c,105 :: 		
0x02A0	0x828A      	BSF         LCD_D5, BitPos(LCD_D5+0) 
;__Lib_Lcd.c,106 :: 		
0x02A2	0x808A      	BSF         LCD_D4, BitPos(LCD_D4+0) 
;__Lib_Lcd.c,107 :: 		
0x02A4	0x8A8A      	BSF         LCD_EN, BitPos(LCD_EN+0) 
;__Lib_Lcd.c,108 :: 		
0x02A6	0xDEBF      	RCALL       _Delay_1us
;__Lib_Lcd.c,109 :: 		
0x02A8	0x9A8A      	BCF         LCD_EN, BitPos(LCD_EN+0) 
;__Lib_Lcd.c,110 :: 		
0x02AA	0xDEC0      	RCALL       _Delay_5500us
;__Lib_Lcd.c,112 :: 		
0x02AC	0x8A8A      	BSF         LCD_EN, BitPos(LCD_EN+0) 
;__Lib_Lcd.c,113 :: 		
0x02AE	0xDEBB      	RCALL       _Delay_1us
;__Lib_Lcd.c,114 :: 		
0x02B0	0x9A8A      	BCF         LCD_EN, BitPos(LCD_EN+0) 
;__Lib_Lcd.c,115 :: 		
0x02B2	0xDEBC      	RCALL       _Delay_5500us
;__Lib_Lcd.c,117 :: 		
0x02B4	0x8A8A      	BSF         LCD_EN, BitPos(LCD_EN+0) 
;__Lib_Lcd.c,118 :: 		
0x02B6	0xDEB7      	RCALL       _Delay_1us
;__Lib_Lcd.c,119 :: 		
0x02B8	0x9A8A      	BCF         LCD_EN, BitPos(LCD_EN+0) 
;__Lib_Lcd.c,120 :: 		
0x02BA	0xDEB8      	RCALL       _Delay_5500us
;__Lib_Lcd.c,123 :: 		
0x02BC	0x908A      	BCF         LCD_D4, BitPos(LCD_D4+0) 
;__Lib_Lcd.c,124 :: 		
0x02BE	0x8A8A      	BSF         LCD_EN, BitPos(LCD_EN+0) 
;__Lib_Lcd.c,125 :: 		
0x02C0	0xDEB2      	RCALL       _Delay_1us
;__Lib_Lcd.c,126 :: 		
0x02C2	0x9A8A      	BCF         LCD_EN, BitPos(LCD_EN+0) 
;__Lib_Lcd.c,127 :: 		
0x02C4	0xDEB3      	RCALL       _Delay_5500us
;__Lib_Lcd.c,130 :: 		
0x02C6	0x8A8A      	BSF         LCD_EN, BitPos(LCD_EN+0) 
;__Lib_Lcd.c,131 :: 		
0x02C8	0xDEAE      	RCALL       _Delay_1us
;__Lib_Lcd.c,132 :: 		
0x02CA	0x9A8A      	BCF         LCD_EN, BitPos(LCD_EN+0) 
;__Lib_Lcd.c,134 :: 		
0x02CC	0x928A      	BCF         LCD_D5, BitPos(LCD_D5+0) 
;__Lib_Lcd.c,135 :: 		
0x02CE	0x868A      	BSF         LCD_D7, BitPos(LCD_D7+0) 
;__Lib_Lcd.c,136 :: 		
0x02D0	0x8A8A      	BSF         LCD_EN, BitPos(LCD_EN+0) 
;__Lib_Lcd.c,137 :: 		
0x02D2	0xDEA9      	RCALL       _Delay_1us
;__Lib_Lcd.c,138 :: 		
0x02D4	0x9A8A      	BCF         LCD_EN, BitPos(LCD_EN+0) 
;__Lib_Lcd.c,139 :: 		
0x02D6	0xDEAA      	RCALL       _Delay_5500us
;__Lib_Lcd.c,142 :: 		
0x02D8	0x968A      	BCF         LCD_D7, BitPos(LCD_D7+0) 
;__Lib_Lcd.c,143 :: 		
0x02DA	0x808A      	BSF         LCD_D4, BitPos(LCD_D4+0) 
;__Lib_Lcd.c,144 :: 		
0x02DC	0x8A8A      	BSF         LCD_EN, BitPos(LCD_EN+0) 
;__Lib_Lcd.c,145 :: 		
0x02DE	0xDEA3      	RCALL       _Delay_1us
;__Lib_Lcd.c,146 :: 		
0x02E0	0x9A8A      	BCF         LCD_EN, BitPos(LCD_EN+0) 
;__Lib_Lcd.c,148 :: 		
0x02E2	0x908A      	BCF         LCD_D4, BitPos(LCD_D4+0) 
;__Lib_Lcd.c,149 :: 		
0x02E4	0x8A8A      	BSF         LCD_EN, BitPos(LCD_EN+0) 
;__Lib_Lcd.c,150 :: 		
0x02E6	0xDE9F      	RCALL       _Delay_1us
;__Lib_Lcd.c,151 :: 		
0x02E8	0x9A8A      	BCF         LCD_EN, BitPos(LCD_EN+0) 
;__Lib_Lcd.c,152 :: 		
0x02EA	0xDEA0      	RCALL       _Delay_5500us
;__Lib_Lcd.c,155 :: 		
0x02EC	0x8A8A      	BSF         LCD_EN, BitPos(LCD_EN+0) 
;__Lib_Lcd.c,156 :: 		
0x02EE	0xDE9B      	RCALL       _Delay_1us
;__Lib_Lcd.c,157 :: 		
0x02F0	0x9A8A      	BCF         LCD_EN, BitPos(LCD_EN+0) 
;__Lib_Lcd.c,159 :: 		
0x02F2	0x808A      	BSF         LCD_D4, BitPos(LCD_D4+0) 
;__Lib_Lcd.c,160 :: 		
0x02F4	0x8A8A      	BSF         LCD_EN, BitPos(LCD_EN+0) 
;__Lib_Lcd.c,161 :: 		
0x02F6	0xDE97      	RCALL       _Delay_1us
;__Lib_Lcd.c,162 :: 		
0x02F8	0x9A8A      	BCF         LCD_EN, BitPos(LCD_EN+0) 
;__Lib_Lcd.c,163 :: 		
0x02FA	0xDE98      	RCALL       _Delay_5500us
;__Lib_Lcd.c,166 :: 		
0x02FC	0x908A      	BCF         LCD_D4, BitPos(LCD_D4+0) 
;__Lib_Lcd.c,167 :: 		
0x02FE	0x8A8A      	BSF         LCD_EN, BitPos(LCD_EN+0) 
;__Lib_Lcd.c,168 :: 		
0x0300	0xDE92      	RCALL       _Delay_1us
;__Lib_Lcd.c,169 :: 		
0x0302	0x9A8A      	BCF         LCD_EN, BitPos(LCD_EN+0) 
;__Lib_Lcd.c,171 :: 		
0x0304	0x868A      	BSF         LCD_D7, BitPos(LCD_D7+0) 
;__Lib_Lcd.c,172 :: 		
0x0306	0x848A      	BSF         LCD_D6, BitPos(LCD_D6+0) 
;__Lib_Lcd.c,173 :: 		
0x0308	0x828A      	BSF         LCD_D5, BitPos(LCD_D5+0) 
;__Lib_Lcd.c,174 :: 		
0x030A	0x808A      	BSF         LCD_D4, BitPos(LCD_D4+0) 
;__Lib_Lcd.c,175 :: 		
0x030C	0x8A8A      	BSF         LCD_EN, BitPos(LCD_EN+0) 
;__Lib_Lcd.c,176 :: 		
0x030E	0xDE8B      	RCALL       _Delay_1us
;__Lib_Lcd.c,177 :: 		
0x0310	0x9A8A      	BCF         LCD_EN, BitPos(LCD_EN+0) 
;__Lib_Lcd.c,179 :: 		
0x0312	0xDE8C      	RCALL       _Delay_5500us
;__Lib_Lcd.c,181 :: 		
0x0314	0x8020      	BSF         __Lib_Lcd_cmd_status, BitPos(__Lib_Lcd_cmd_status+0) 
;__Lib_Lcd.c,182 :: 		
L_end_Lcd_Init:
0x0316	0x0012      	RETURN      0
; end of _Lcd_Init
_Lcd_Out:
;__Lib_Lcd.c,184 :: 		
;__Lib_Lcd.c,187 :: 		
0x0318	0xD00F      	BRA         L_Lcd_Out11
;__Lib_Lcd.c,188 :: 		
L_Lcd_Out13:
0x031A	0x0E80      	MOVLW       128
0x031C	0x6E43      	MOVWF       FARG_Lcd_Out_row 
0x031E	0xD019      	BRA         L_Lcd_Out12
;__Lib_Lcd.c,189 :: 		
L_Lcd_Out14:
0x0320	0x0EC0      	MOVLW       192
0x0322	0x6E43      	MOVWF       FARG_Lcd_Out_row 
0x0324	0xD016      	BRA         L_Lcd_Out12
;__Lib_Lcd.c,190 :: 		
L_Lcd_Out15:
0x0326	0x0E94      	MOVLW       148
0x0328	0x6E43      	MOVWF       FARG_Lcd_Out_row 
0x032A	0xD013      	BRA         L_Lcd_Out12
;__Lib_Lcd.c,191 :: 		
L_Lcd_Out16:
0x032C	0x0ED4      	MOVLW       212
0x032E	0x6E43      	MOVWF       FARG_Lcd_Out_row 
0x0330	0xD010      	BRA         L_Lcd_Out12
;__Lib_Lcd.c,192 :: 		
L_Lcd_Out17:
0x0332	0x0E80      	MOVLW       128
0x0334	0x6E43      	MOVWF       FARG_Lcd_Out_row 
;__Lib_Lcd.c,193 :: 		
0x0336	0xD00D      	BRA         L_Lcd_Out12
L_Lcd_Out11:
0x0338	0x5043      	MOVF        FARG_Lcd_Out_row, 0 
0x033A	0x0A01      	XORLW       1
0x033C	0xE0EE      	BZ          L_Lcd_Out13
0x033E	0x5043      	MOVF        FARG_Lcd_Out_row, 0 
0x0340	0x0A02      	XORLW       2
0x0342	0xE0EE      	BZ          L_Lcd_Out14
0x0344	0x5043      	MOVF        FARG_Lcd_Out_row, 0 
0x0346	0x0A03      	XORLW       3
0x0348	0xE0EE      	BZ          L_Lcd_Out15
0x034A	0x5043      	MOVF        FARG_Lcd_Out_row, 0 
0x034C	0x0A04      	XORLW       4
0x034E	0xE0EE      	BZ          L_Lcd_Out16
0x0350	0xD7F0      	BRA         L_Lcd_Out17
L_Lcd_Out12:
;__Lib_Lcd.c,194 :: 		
0x0352	0x0444      	DECF        FARG_Lcd_Out_column, 0 
0x0354	0x6E00      	MOVWF       R0 
0x0356	0x5043      	MOVF        FARG_Lcd_Out_row, 0 
0x0358	0x2600      	ADDWF       R0, 1 
0x035A	0xF043C000  	MOVFF       R0, FARG_Lcd_Out_row
;__Lib_Lcd.c,196 :: 		
0x035E	0xF054C000  	MOVFF       R0, FARG_Lcd_Cmd_out_char
0x0362	0xDE8F      	RCALL       _Lcd_Cmd
;__Lib_Lcd.c,197 :: 		
0x0364	0x9020      	BCF         __Lib_Lcd_cmd_status, BitPos(__Lib_Lcd_cmd_status+0) 
;__Lib_Lcd.c,198 :: 		
0x0366	0x6A47      	CLRF        Lcd_Out_i_L0 
;__Lib_Lcd.c,199 :: 		
L_Lcd_Out18:
0x0368	0x5047      	MOVF        Lcd_Out_i_L0, 0 
0x036A	0x2445      	ADDWF       FARG_Lcd_Out_text, 0 
0x036C	0x6EE9      	MOVWF       FSR0L 
0x036E	0x0E00      	MOVLW       0
0x0370	0x2046      	ADDWFC      FARG_Lcd_Out_text+1, 0 
0x0372	0x6EEA      	MOVWF       FSR0L+1 
0x0374	0x52EE      	MOVF        POSTINC0, 1 
0x0376	0xE00B      	BZ          L_Lcd_Out19
;__Lib_Lcd.c,200 :: 		
0x0378	0x5047      	MOVF        Lcd_Out_i_L0, 0 
0x037A	0x2445      	ADDWF       FARG_Lcd_Out_text, 0 
0x037C	0x6EE9      	MOVWF       FSR0L 
0x037E	0x0E00      	MOVLW       0
0x0380	0x2046      	ADDWFC      FARG_Lcd_Out_text+1, 0 
0x0382	0x6EEA      	MOVWF       FSR0L+1 
0x0384	0xF04DCFEE  	MOVFF       POSTINC0, FARG_Lcd_Chr_CP_out_char
0x0388	0xDF02      	RCALL       _Lcd_Chr_CP
0x038A	0x2A47      	INCF        Lcd_Out_i_L0, 1 
0x038C	0xD7ED      	BRA         L_Lcd_Out18
L_Lcd_Out19:
;__Lib_Lcd.c,201 :: 		
0x038E	0x8020      	BSF         __Lib_Lcd_cmd_status, BitPos(__Lib_Lcd_cmd_status+0) 
;__Lib_Lcd.c,202 :: 		
L_end_Lcd_Out:
0x0390	0x0012      	RETURN      0
; end of _Lcd_Out
_strcat:
;__Lib_CString.c,87 :: 		
;__Lib_CString.c,90 :: 		
0x0392	0xF004C043  	MOVFF       FARG_strcat_to, R4
0x0396	0xF005C044  	MOVFF       FARG_strcat_to+1, R5
;__Lib_CString.c,91 :: 		
L_strcat22:
0x039A	0xFFE9C004  	MOVFF       R4, FSR0L
0x039E	0xFFEAC005  	MOVFF       R5, FSR0H
0x03A2	0x52EE      	MOVF        POSTINC0, 1 
0x03A4	0xE003      	BZ          L_strcat23
;__Lib_CString.c,92 :: 		
0x03A6	0x4A04      	INFSNZ      R4, 1 
0x03A8	0x2A05      	INCF        R5, 1 
0x03AA	0xD7F7      	BRA         L_strcat22
L_strcat23:
;__Lib_CString.c,93 :: 		
L_strcat24:
0x03AC	0xF002C004  	MOVFF       R4, R2
0x03B0	0xF003C005  	MOVFF       R5, R3
0x03B4	0x4A04      	INFSNZ      R4, 1 
0x03B6	0x2A05      	INCF        R5, 1 
0x03B8	0xF000C045  	MOVFF       FARG_strcat_from, R0
0x03BC	0xF001C046  	MOVFF       FARG_strcat_from+1, R1
0x03C0	0x4A45      	INFSNZ      FARG_strcat_from, 1 
0x03C2	0x2A46      	INCF        FARG_strcat_from+1, 1 
0x03C4	0xFFE9C000  	MOVFF       R0, FSR0L
0x03C8	0xFFEAC001  	MOVFF       R1, FSR0H
0x03CC	0xFFE1C002  	MOVFF       R2, FSR1L
0x03D0	0xFFE2C003  	MOVFF       R3, FSR1H
0x03D4	0xFFE6CFEE  	MOVFF       POSTINC0, POSTINC1
0x03D8	0xFFE9C002  	MOVFF       R2, FSR0L
0x03DC	0xFFEAC003  	MOVFF       R3, FSR0H
0x03E0	0x52EE      	MOVF        POSTINC0, 1 
0x03E2	0xE001      	BZ          L_strcat25
;__Lib_CString.c,94 :: 		
0x03E4	0xD7E3      	BRA         L_strcat24
L_strcat25:
;__Lib_CString.c,95 :: 		
0x03E6	0xF000C043  	MOVFF       FARG_strcat_to, R0
0x03EA	0xF001C044  	MOVFF       FARG_strcat_to+1, R1
;__Lib_CString.c,96 :: 		
L_end_strcat:
0x03EE	0x0012      	RETURN      0
; end of _strcat
_strcpy:
;__Lib_CString.c,126 :: 		
;__Lib_CString.c,129 :: 		
0x03F0	0xF004C043  	MOVFF       FARG_strcpy_to, R4
0x03F4	0xF005C044  	MOVFF       FARG_strcpy_to+1, R5
;__Lib_CString.c,130 :: 		
L_strcpy34:
0x03F8	0xF002C004  	MOVFF       R4, R2
0x03FC	0xF003C005  	MOVFF       R5, R3
0x0400	0x4A04      	INFSNZ      R4, 1 
0x0402	0x2A05      	INCF        R5, 1 
0x0404	0xF000C045  	MOVFF       FARG_strcpy_from, R0
0x0408	0xF001C046  	MOVFF       FARG_strcpy_from+1, R1
0x040C	0x4A45      	INFSNZ      FARG_strcpy_from, 1 
0x040E	0x2A46      	INCF        FARG_strcpy_from+1, 1 
0x0410	0xFFE9C000  	MOVFF       R0, FSR0L
0x0414	0xFFEAC001  	MOVFF       R1, FSR0H
0x0418	0xFFE1C002  	MOVFF       R2, FSR1L
0x041C	0xFFE2C003  	MOVFF       R3, FSR1H
0x0420	0xFFE6CFEE  	MOVFF       POSTINC0, POSTINC1
0x0424	0xFFE9C002  	MOVFF       R2, FSR0L
0x0428	0xFFEAC003  	MOVFF       R3, FSR0H
0x042C	0x52EE      	MOVF        POSTINC0, 1 
0x042E	0xE001      	BZ          L_strcpy35
;__Lib_CString.c,131 :: 		
0x0430	0xD7E3      	BRA         L_strcpy34
L_strcpy35:
;__Lib_CString.c,132 :: 		
0x0432	0xF000C043  	MOVFF       FARG_strcpy_to, R0
0x0436	0xF001C044  	MOVFF       FARG_strcpy_to+1, R1
;__Lib_CString.c,133 :: 		
L_end_strcpy:
0x043A	0x0012      	RETURN      0
; end of _strcpy
_main:
0x043C	0x0E20      	MOVLW       32
0x043E	0x6E15      	MOVWF       ?lstr1_SezB 
0x0440	0x0E2B      	MOVLW       43
0x0442	0x6E16      	MOVWF       22 
0x0444	0x0E20      	MOVLW       32
0x0446	0x6E17      	MOVWF       23 
0x0448	0x6A18      	CLRF        24 
0x044A	0x0E20      	MOVLW       32
0x044C	0x6E19      	MOVWF       ?lstr2_SezB 
0x044E	0x0E3D      	MOVLW       61
0x0450	0x6E1A      	MOVWF       26 
0x0452	0x0E20      	MOVLW       32
0x0454	0x6E1B      	MOVWF       27 
0x0456	0x6A1C      	CLRF        28 
0x0458	0x6A1D      	CLRF        _el_time 
0x045A	0x6A1E      	CLRF        30 
0x045C	0x6A1F      	CLRF        _adc_flag 
;SezB.c,21 :: 		void main() {
;SezB.c,24 :: 		unsigned short int store_d[8] = {0, 0, 0, 0, 0, 0, 0, 0}, i = 0;
0x045E	0x6A3A      	CLRF        main_store_d_L0 
0x0460	0x6A3B      	CLRF        main_store_d_L0+1 
0x0462	0x6A3C      	CLRF        main_store_d_L0+2 
0x0464	0x6A3D      	CLRF        main_store_d_L0+3 
0x0466	0x6A3E      	CLRF        main_store_d_L0+4 
0x0468	0x6A3F      	CLRF        main_store_d_L0+5 
0x046A	0x6A40      	CLRF        main_store_d_L0+6 
0x046C	0x6A41      	CLRF        main_store_d_L0+7 
0x046E	0x6A42      	CLRF        main_i_L0 
;SezB.c,27 :: 		TRISA = 255;
0x0470	0x0EFF      	MOVLW       255
0x0472	0x6E92      	MOVWF       TRISA 
;SezB.c,28 :: 		ANSELA = 255;
0x0474	0x0EFF      	MOVLW       255
0x0476	0x010F      	MOVLB       15
0x0478	0x6F38      	MOVWF       ANSELA, 1
;SezB.c,30 :: 		TRISC = 0;
0x047A	0x6A94      	CLRF        TRISC 
;SezB.c,31 :: 		ANSELC = 255;
0x047C	0x0EFF      	MOVLW       255
0x047E	0x6F3A      	MOVWF       ANSELC, 1
;SezB.c,33 :: 		TRISD = 255;
0x0480	0x0EFF      	MOVLW       255
0x0482	0x6E95      	MOVWF       TRISD 
;SezB.c,34 :: 		ANSELD = 0;
0x0484	0x6B3B      	CLRF        ANSELD, 1
;SezB.c,38 :: 		ADCON0 = 0b00000001;
0x0486	0x0E01      	MOVLW       1
0x0488	0x6EC2      	MOVWF       ADCON0 
;SezB.c,39 :: 		ADCON2 = 0b00100001;
0x048A	0x0E21      	MOVLW       33
0x048C	0x6EC0      	MOVWF       ADCON2 
;SezB.c,42 :: 		INTCON = 0b11100000;
0x048E	0x0EE0      	MOVLW       224
0x0490	0x6EF2      	MOVWF       INTCON 
;SezB.c,43 :: 		PIE1.ADIE = 1;
0x0492	0x8C9D      	BSF         PIE1, 6 
;SezB.c,44 :: 		PIR1.ADIF = 0;
0x0494	0x9C9E      	BCF         PIR1, 6 
;SezB.c,47 :: 		T0CON = 0b11000111;
0x0496	0x0EC7      	MOVLW       199
0x0498	0x6ED5      	MOVWF       T0CON 
;SezB.c,51 :: 		Lcd_Init();                // Init the display library (This will set also the PORTB Configuration)
0x049A	0xDEF3      	RCALL       _Lcd_Init
;SezB.c,53 :: 		Lcd_Cmd(_LCD_CLEAR);            // Clear display
0x049C	0x0E01      	MOVLW       1
0x049E	0x6E54      	MOVWF       FARG_Lcd_Cmd_out_char 
0x04A0	0xDDF0      	RCALL       _Lcd_Cmd
;SezB.c,54 :: 		Lcd_Cmd(_LCD_CURSOR_OFF);   // Cursor OFF
0x04A2	0x0E0C      	MOVLW       12
0x04A4	0x6E54      	MOVWF       FARG_Lcd_Cmd_out_char 
0x04A6	0xDDED      	RCALL       _Lcd_Cmd
;SezB.c,58 :: 		ADCON0.GO_NOT_DONE = 1;
0x04A8	0x82C2      	BSF         ADCON0, 1 
;SezB.c,60 :: 		LATC = 0;
0x04AA	0x6A8B      	CLRF        LATC 
;SezB.c,62 :: 		while(1){
L_main0:
;SezB.c,66 :: 		for(i=0;i<8;i++){
0x04AC	0x6A42      	CLRF        main_i_L0 
L_main2:
0x04AE	0x0E08      	MOVLW       8
0x04B0	0x5C42      	SUBWF       main_i_L0, 0 
0x04B2	0xE26A      	BC          L_main3
;SezB.c,67 :: 		if(store_d[i] == 0 && (PORTD & (1<<i)) == (1<<i) ){
0x04B4	0x0E3A      	MOVLW       main_store_d_L0
0x04B6	0x6EE9      	MOVWF       FSR0L 
0x04B8	0x0E00      	MOVLW       hi_addr(main_store_d_L0)
0x04BA	0x6EEA      	MOVWF       FSR0L+1 
0x04BC	0x5042      	MOVF        main_i_L0, 0 
0x04BE	0x26E9      	ADDWF       FSR0L, 1 
0x04C0	0xB0D8      	BTFSC       STATUS, 0 
0x04C2	0x2AEA      	INCF        FSR0L+1, 1 
0x04C4	0x50EE      	MOVF        POSTINC0, 0 
0x04C6	0x0A00      	XORLW       0
0x04C8	0xE130      	BNZ         L_main7
0x04CA	0xF000C042  	MOVFF       main_i_L0, R0
0x04CE	0x0E01      	MOVLW       1
0x04D0	0x6E03      	MOVWF       R3 
0x04D2	0x0E00      	MOVLW       0
0x04D4	0x6E04      	MOVWF       R4 
0x04D6	0x5000      	MOVF        R0, 0 
L__main21:
0x04D8	0xE005      	BZ          L__main22
0x04DA	0x3603      	RLCF        R3, 1 
0x04DC	0x9003      	BCF         R3, 0 
0x04DE	0x3604      	RLCF        R4, 1 
0x04E0	0x0FFF      	ADDLW       255
0x04E2	0xD7FA      	BRA         L__main21
L__main22:
0x04E4	0x5003      	MOVF        R3, 0 
0x04E6	0x1483      	ANDWF       PORTD, 0 
0x04E8	0x6E01      	MOVWF       R1 
0x04EA	0x0E00      	MOVLW       0
0x04EC	0x1404      	ANDWF       R4, 0 
0x04EE	0x6E02      	MOVWF       R2 
0x04F0	0x5002      	MOVF        R2, 0 
0x04F2	0x1804      	XORWF       R4, 0 
0x04F4	0xE102      	BNZ         L__main23
0x04F6	0x5003      	MOVF        R3, 0 
0x04F8	0x1801      	XORWF       R1, 0 
L__main23:
0x04FA	0xE117      	BNZ         L_main7
L__main19:
;SezB.c,68 :: 		LATC = LATC ^ (1<<i);
0x04FC	0xF001C042  	MOVFF       main_i_L0, R1
0x0500	0x0E01      	MOVLW       1
0x0502	0x6E00      	MOVWF       R0 
0x0504	0x5001      	MOVF        R1, 0 
L__main24:
0x0506	0xE004      	BZ          L__main25
0x0508	0x3600      	RLCF        R0, 1 
0x050A	0x9000      	BCF         R0, 0 
0x050C	0x0FFF      	ADDLW       255
0x050E	0xD7FB      	BRA         L__main24
L__main25:
0x0510	0x5000      	MOVF        R0, 0 
0x0512	0x1A8B      	XORWF       LATC, 1 
;SezB.c,69 :: 		store_d[i] = 1;
0x0514	0x0E3A      	MOVLW       main_store_d_L0
0x0516	0x6EE1      	MOVWF       FSR1L 
0x0518	0x0E00      	MOVLW       hi_addr(main_store_d_L0)
0x051A	0x6EE2      	MOVWF       FSR1L+1 
0x051C	0x5042      	MOVF        main_i_L0, 0 
0x051E	0x26E1      	ADDWF       FSR1L, 1 
0x0520	0xB0D8      	BTFSC       STATUS, 0 
0x0522	0x2AE2      	INCF        FSR1L+1, 1 
0x0524	0x0E01      	MOVLW       1
0x0526	0x6EE6      	MOVWF       POSTINC1 
;SezB.c,70 :: 		}
0x0528	0xD02D      	BRA         L_main8
L_main7:
;SezB.c,71 :: 		else if(store_d[i] == 1 && (PORTD & (1<<i)) == 0)
0x052A	0x0E3A      	MOVLW       main_store_d_L0
0x052C	0x6EE9      	MOVWF       FSR0L 
0x052E	0x0E00      	MOVLW       hi_addr(main_store_d_L0)
0x0530	0x6EEA      	MOVWF       FSR0L+1 
0x0532	0x5042      	MOVF        main_i_L0, 0 
0x0534	0x26E9      	ADDWF       FSR0L, 1 
0x0536	0xB0D8      	BTFSC       STATUS, 0 
0x0538	0x2AEA      	INCF        FSR0L+1, 1 
0x053A	0x50EE      	MOVF        POSTINC0, 0 
0x053C	0x0A01      	XORLW       1
0x053E	0xE122      	BNZ         L_main11
0x0540	0xF002C042  	MOVFF       main_i_L0, R2
0x0544	0x0E01      	MOVLW       1
0x0546	0x6E00      	MOVWF       R0 
0x0548	0x0E00      	MOVLW       0
0x054A	0x6E01      	MOVWF       R1 
0x054C	0x5002      	MOVF        R2, 0 
L__main26:
0x054E	0xE005      	BZ          L__main27
0x0550	0x3600      	RLCF        R0, 1 
0x0552	0x9000      	BCF         R0, 0 
0x0554	0x3601      	RLCF        R1, 1 
0x0556	0x0FFF      	ADDLW       255
0x0558	0xD7FA      	BRA         L__main26
L__main27:
0x055A	0x5000      	MOVF        R0, 0 
0x055C	0x1483      	ANDWF       PORTD, 0 
0x055E	0x6E02      	MOVWF       R2 
0x0560	0x0E00      	MOVLW       0
0x0562	0x1401      	ANDWF       R1, 0 
0x0564	0x6E03      	MOVWF       R3 
0x0566	0x0E00      	MOVLW       0
0x0568	0x1803      	XORWF       R3, 0 
0x056A	0xE102      	BNZ         L__main28
0x056C	0x0E00      	MOVLW       0
0x056E	0x1802      	XORWF       R2, 0 
L__main28:
0x0570	0xE109      	BNZ         L_main11
L__main18:
;SezB.c,72 :: 		store_d[i] = 0;
0x0572	0x0E3A      	MOVLW       main_store_d_L0
0x0574	0x6EE1      	MOVWF       FSR1L 
0x0576	0x0E00      	MOVLW       hi_addr(main_store_d_L0)
0x0578	0x6EE2      	MOVWF       FSR1L+1 
0x057A	0x5042      	MOVF        main_i_L0, 0 
0x057C	0x26E1      	ADDWF       FSR1L, 1 
0x057E	0xB0D8      	BTFSC       STATUS, 0 
0x0580	0x2AE2      	INCF        FSR1L+1, 1 
0x0582	0x6AE6      	CLRF        POSTINC1 
L_main11:
L_main8:
;SezB.c,66 :: 		for(i=0;i<8;i++){
0x0584	0x2A42      	INCF        main_i_L0, 1 
;SezB.c,73 :: 		}
0x0586	0xD793      	BRA         L_main2
L_main3:
;SezB.c,76 :: 		if(el_time>=500 && adc_flag){
0x0588	0x0E01      	MOVLW       1
0x058A	0x5C1E      	SUBWF       _el_time+1, 0 
0x058C	0xE102      	BNZ         L__main29
0x058E	0x0EF4      	MOVLW       244
0x0590	0x5C1D      	SUBWF       _el_time, 0 
L__main29:
0x0592	0xE308      	BNC         L_main14
0x0594	0x521F      	MOVF        _adc_flag, 1 
0x0596	0xE006      	BZ          L_main14
L__main17:
;SezB.c,78 :: 		adc_flag = 0;
0x0598	0x6A1F      	CLRF        _adc_flag 
;SezB.c,79 :: 		el_time -= 500;
0x059A	0x0EF4      	MOVLW       244
0x059C	0x5E1D      	SUBWF       _el_time, 1 
0x059E	0x0E01      	MOVLW       1
0x05A0	0x5A1E      	SUBWFB      _el_time+1, 1 
;SezB.c,80 :: 		ADCON0.GO_NOT_DONE = 1;
0x05A2	0x82C2      	BSF         ADCON0, 1 
;SezB.c,81 :: 		}
L_main14:
;SezB.c,85 :: 		IntToStr((int)value,s);
0x05A4	0xF043C021  	MOVFF       _value, FARG_IntToStr_input
0x05A8	0x0E00      	MOVLW       0
0x05AA	0x6E44      	MOVWF       FARG_IntToStr_input+1 
0x05AC	0x0E22      	MOVLW       main_s_L0
0x05AE	0x6E45      	MOVWF       FARG_IntToStr_output 
0x05B0	0x0E00      	MOVLW       hi_addr(main_s_L0)
0x05B2	0x6E46      	MOVWF       FARG_IntToStr_output+1 
0x05B4	0xDDF2      	RCALL       _IntToStr
;SezB.c,86 :: 		s[0] = s[3];
0x05B6	0xF022C025  	MOVFF       main_s_L0+3, main_s_L0
;SezB.c,87 :: 		s[1] = s[4];
0x05BA	0xF023C026  	MOVFF       main_s_L0+4, main_s_L0+1
;SezB.c,88 :: 		s[2] = s[5];
0x05BE	0xF024C027  	MOVFF       main_s_L0+5, main_s_L0+2
;SezB.c,89 :: 		s[3] = 0;
0x05C2	0x6A25      	CLRF        main_s_L0+3 
;SezB.c,90 :: 		strcpy(txt, s);
0x05C4	0x0E29      	MOVLW       main_txt_L0
0x05C6	0x6E43      	MOVWF       FARG_strcpy_to 
0x05C8	0x0E00      	MOVLW       hi_addr(main_txt_L0)
0x05CA	0x6E44      	MOVWF       FARG_strcpy_to+1 
0x05CC	0x0E22      	MOVLW       main_s_L0
0x05CE	0x6E45      	MOVWF       FARG_strcpy_from 
0x05D0	0x0E00      	MOVLW       hi_addr(main_s_L0)
0x05D2	0x6E46      	MOVWF       FARG_strcpy_from+1 
0x05D4	0xDF0D      	RCALL       _strcpy
;SezB.c,91 :: 		strcat(txt, " + ");
0x05D6	0x0E29      	MOVLW       main_txt_L0
0x05D8	0x6E43      	MOVWF       FARG_strcat_to 
0x05DA	0x0E00      	MOVLW       hi_addr(main_txt_L0)
0x05DC	0x6E44      	MOVWF       FARG_strcat_to+1 
0x05DE	0x0E15      	MOVLW       ?lstr1_SezB
0x05E0	0x6E45      	MOVWF       FARG_strcat_from 
0x05E2	0x0E00      	MOVLW       hi_addr(?lstr1_SezB)
0x05E4	0x6E46      	MOVWF       FARG_strcat_from+1 
0x05E6	0xDED5      	RCALL       _strcat
;SezB.c,92 :: 		IntToStr((int)LATC,s);
0x05E8	0xF043CF8B  	MOVFF       LATC, FARG_IntToStr_input
0x05EC	0x0E00      	MOVLW       0
0x05EE	0x6E44      	MOVWF       FARG_IntToStr_input+1 
0x05F0	0x0E22      	MOVLW       main_s_L0
0x05F2	0x6E45      	MOVWF       FARG_IntToStr_output 
0x05F4	0x0E00      	MOVLW       hi_addr(main_s_L0)
0x05F6	0x6E46      	MOVWF       FARG_IntToStr_output+1 
0x05F8	0xDDD0      	RCALL       _IntToStr
;SezB.c,93 :: 		s[0] = s[3];
0x05FA	0xF022C025  	MOVFF       main_s_L0+3, main_s_L0
;SezB.c,94 :: 		s[1] = s[4];
0x05FE	0xF023C026  	MOVFF       main_s_L0+4, main_s_L0+1
;SezB.c,95 :: 		s[2] = s[5];
0x0602	0xF024C027  	MOVFF       main_s_L0+5, main_s_L0+2
;SezB.c,96 :: 		s[3] = 0;
0x0606	0x6A25      	CLRF        main_s_L0+3 
;SezB.c,97 :: 		strcat(txt,s);
0x0608	0x0E29      	MOVLW       main_txt_L0
0x060A	0x6E43      	MOVWF       FARG_strcat_to 
0x060C	0x0E00      	MOVLW       hi_addr(main_txt_L0)
0x060E	0x6E44      	MOVWF       FARG_strcat_to+1 
0x0610	0x0E22      	MOVLW       main_s_L0
0x0612	0x6E45      	MOVWF       FARG_strcat_from 
0x0614	0x0E00      	MOVLW       hi_addr(main_s_L0)
0x0616	0x6E46      	MOVWF       FARG_strcat_from+1 
0x0618	0xDEBC      	RCALL       _strcat
;SezB.c,98 :: 		strcat(txt, " = ");
0x061A	0x0E29      	MOVLW       main_txt_L0
0x061C	0x6E43      	MOVWF       FARG_strcat_to 
0x061E	0x0E00      	MOVLW       hi_addr(main_txt_L0)
0x0620	0x6E44      	MOVWF       FARG_strcat_to+1 
0x0622	0x0E19      	MOVLW       ?lstr2_SezB
0x0624	0x6E45      	MOVWF       FARG_strcat_from 
0x0626	0x0E00      	MOVLW       hi_addr(?lstr2_SezB)
0x0628	0x6E46      	MOVWF       FARG_strcat_from+1 
0x062A	0xDEB3      	RCALL       _strcat
;SezB.c,101 :: 		IntToStr(value+LATC,s);
0x062C	0x508B      	MOVF        LATC, 0 
0x062E	0x2421      	ADDWF       _value, 0 
0x0630	0x6E43      	MOVWF       FARG_IntToStr_input 
0x0632	0x6A44      	CLRF        FARG_IntToStr_input+1 
0x0634	0x0E00      	MOVLW       0
0x0636	0x2244      	ADDWFC      FARG_IntToStr_input+1, 1 
0x0638	0x0E22      	MOVLW       main_s_L0
0x063A	0x6E45      	MOVWF       FARG_IntToStr_output 
0x063C	0x0E00      	MOVLW       hi_addr(main_s_L0)
0x063E	0x6E46      	MOVWF       FARG_IntToStr_output+1 
0x0640	0xDDAC      	RCALL       _IntToStr
;SezB.c,102 :: 		s[0] = ' ';
0x0642	0x0E20      	MOVLW       32
0x0644	0x6E22      	MOVWF       main_s_L0 
;SezB.c,103 :: 		s[1] = s[3];
0x0646	0xF023C025  	MOVFF       main_s_L0+3, main_s_L0+1
;SezB.c,104 :: 		s[2] = s[4];
0x064A	0xF024C026  	MOVFF       main_s_L0+4, main_s_L0+2
;SezB.c,105 :: 		s[3] = s[5];
0x064E	0xF025C027  	MOVFF       main_s_L0+5, main_s_L0+3
;SezB.c,106 :: 		s[4] = 0;
0x0652	0x6A26      	CLRF        main_s_L0+4 
;SezB.c,107 :: 		strcat(txt, s);
0x0654	0x0E29      	MOVLW       main_txt_L0
0x0656	0x6E43      	MOVWF       FARG_strcat_to 
0x0658	0x0E00      	MOVLW       hi_addr(main_txt_L0)
0x065A	0x6E44      	MOVWF       FARG_strcat_to+1 
0x065C	0x0E22      	MOVLW       main_s_L0
0x065E	0x6E45      	MOVWF       FARG_strcat_from 
0x0660	0x0E00      	MOVLW       hi_addr(main_s_L0)
0x0662	0x6E46      	MOVWF       FARG_strcat_from+1 
0x0664	0xDE96      	RCALL       _strcat
;SezB.c,108 :: 		Lcd_Out(1,1,txt);
0x0666	0x0E01      	MOVLW       1
0x0668	0x6E43      	MOVWF       FARG_Lcd_Out_row 
0x066A	0x0E01      	MOVLW       1
0x066C	0x6E44      	MOVWF       FARG_Lcd_Out_column 
0x066E	0x0E29      	MOVLW       main_txt_L0
0x0670	0x6E45      	MOVWF       FARG_Lcd_Out_text 
0x0672	0x0E00      	MOVLW       hi_addr(main_txt_L0)
0x0674	0x6E46      	MOVWF       FARG_Lcd_Out_text+1 
0x0676	0xDE50      	RCALL       _Lcd_Out
;SezB.c,110 :: 		}
0x0678	0xD719      	BRA         L_main0
;SezB.c,113 :: 		}
L_end_main:
0x067A	0xD7FF      	BRA         $+0
; end of _main
Symbol List:
//** Routines locations **
//ADDRESS    SIZE    PROCEDURE
//----------------------------------------------
0x0008      [30]    _interrupt
0x0026       [6]    _Delay_1us
0x002C      [22]    _Delay_5500us
0x0042      [10]    _Delay_50us
0x004C      [54]    _Div_16X16_U
0x0082     [124]    _Lcd_Cmd
0x00FE     [144]    _WordToStr
0x018E      [12]    _Lcd_Chr_CP
0x019A     [216]    _IntToStr
0x0272      [16]    ___CC2DW
0x0282     [150]    _Lcd_Init
0x0318     [122]    _Lcd_Out
0x0392      [94]    _strcat
0x03F0      [76]    _strcpy
0x043C     [576]    _main
//** Variables locations ** 
//ADDRESS    SIZE    VARIABLE
//----------------------------------------------
0x0000       [1]    R0
0x0001       [1]    __Lib_Conversions_Adjust_Hex_tmp_L0
0x0001       [1]    R1
0x0002       [2]    memcpy_dd_L0
0x0002       [2]    memchr_s_L0
0x0002       [2]    strlen_cp_L0
0x0002       [2]    memset_pp_L0
0x0002       [1]    R2
0x0003       [1]    R3
0x0003       [2]    Ltrim_original_L0
0x0003       [2]    memmove_tt_L0
0x0004       [2]    strcat_cp_L0
0x0004       [2]    strncpy_cp_L0
0x0004       [2]    strncat_cp_L0
0x0004       [1]    R4
0x0004       [2]    memcpy_ss_L0
0x0004       [2]    strcpy_cp_L0
0x0005       [1]    R5
0x0005       [2]    LongWordToHex_input_half_L0
0x0005       [2]    LongIntToHex_input_half_L0
0x0005       [2]    Ltrim_p_L0
0x0005       [2]    memmove_ff_L0
0x0006       [1]    R6
0x0007       [1]    R7
0x0008       [1]    R8
0x0009       [1]    R9
0x000A       [1]    R10
0x000B       [1]    R11
0x000C       [1]    R12
0x000D       [1]    R13
0x000E       [1]    R14
0x000F       [1]    R15
0x0010       [1]    R16
0x0011       [1]    R17
0x0012       [1]    R18
0x0013       [1]    R19
0x0014       [1]    R20
0x0015       [4]    ?lstr1_SezB
0x0019       [4]    ?lstr2_SezB
0x001D       [2]    _el_time
0x001F       [1]    _adc_flag
0x0020       [0]    __Lib_Lcd_cmd_status
0x0021       [1]    _value
0x0022       [7]    main_s_L0
0x0029      [17]    main_txt_L0
0x003A       [8]    main_store_d_L0
0x0042       [1]    main_i_L0
0x0043       [2]    FARG_IntToStr_input
0x0043       [2]    FARG_strcpy_to
0x0043       [2]    FARG_strcat_to
0x0043       [1]    FARG_Lcd_Out_row
0x0044       [1]    FARG_Lcd_Out_column
0x0045       [2]    FARG_Lcd_Out_text
0x0045       [2]    FARG_strcpy_from
0x0045       [2]    FARG_IntToStr_output
0x0045       [2]    FARG_strcat_from
0x0047       [1]    Lcd_Out_i_L0
0x0047       [2]    IntToStr_i_L0
0x0049       [2]    IntToStr_negative_L0
0x004B       [2]    IntToStr_inword_L0
0x004D       [2]    FARG_WordToStr_input
0x004D       [1]    FARG_Lcd_Chr_CP_out_char
0x004F       [2]    FARG_WordToStr_output
0x0051       [1]    WordToStr_len_L0
0x0052       [2]    FLOC__WordToStr
0x0054       [1]    FARG_Lcd_Cmd_out_char
0x0F38       [1]    ANSELA
0x0F3A       [1]    ANSELC
0x0F3B       [1]    ANSELD
0x0F83       [1]    PORTD
0x0F8A       [0]    LATB2_bit
0x0F8A       [0]    LATB0_bit
0x0F8A       [0]    LATB1_bit
0x0F8A       [0]    LATB4_bit
0x0F8A       [0]    LCD_EN
0x0F8A       [0]    LCD_RS
0x0F8A       [0]    LATB5_bit
0x0F8A       [0]    LCD_D7
0x0F8A       [0]    LCD_D5
0x0F8A       [0]    LCD_D4
0x0F8A       [0]    LCD_D6
0x0F8A       [0]    LATB3_bit
0x0F8B       [1]    LATC
0x0F92       [1]    TRISA
0x0F93       [0]    LCD_RS_Direction
0x0F93       [0]    TRISB0_bit
0x0F93       [0]    TRISB1_bit
0x0F93       [0]    LCD_D6_Direction
0x0F93       [0]    LCD_D7_Direction
0x0F93       [0]    LCD_D5_Direction
0x0F93       [0]    LCD_EN_Direction
0x0F93       [0]    LCD_D4_Direction
0x0F93       [0]    TRISB3_bit
0x0F93       [0]    TRISB4_bit
0x0F93       [0]    TRISB5_bit
0x0F93       [0]    TRISB2_bit
0x0F94       [1]    TRISC
0x0F95       [1]    TRISD
0x0F9D       [1]    PIE1
0x0F9E       [1]    PIR1
0x0FC0       [1]    ADCON2
0x0FC2       [1]    ADCON0
0x0FC4       [1]    ADRESH
0x0FD5       [1]    T0CON
0x0FD8       [1]    STATUS
0x0FD9       [1]    FSR2L
0x0FDA       [1]    FSR2H
0x0FDE       [1]    POSTINC2
0x0FE0       [1]    BSR
0x0FE1       [1]    FSR1L
0x0FE2       [1]    FSR1H
0x0FE4       [1]    PREINC1
0x0FE6       [1]    POSTINC1
0x0FE7       [1]    INDF1
0x0FE8       [1]    WREG
0x0FE9       [1]    FSR0L
0x0FEA       [1]    FSR0H
0x0FEE       [1]    POSTINC0
0x0FF2       [1]    INTCON
0x0FF3       [1]    PRODL
0x0FF4       [1]    PRODH
0x0FF5       [1]    TABLAT
0x0FF6       [3]    TBLPTR
0x0FF6       [1]    TBLPTRL
0x0FF7       [1]    TBLPTRH
0x0FF8       [1]    TBLPTRU
