;  LST file generated by mikroListExporter - v.2.0 
; Date/Time: 26/06/2024 19:08:01
;----------------------------------------------

;Address Opcode 	ASM
0x0000	0xF001EFF1  	GOTO        994
_interrupt:
;SezB.c,115 :: 		void interrupt(){
;SezB.c,117 :: 		if(INTCON.TMR0IF){
0x0008	0xA4F2      	BTFSS       INTCON, 2 
0x000A	0xD005      	BRA         L_interrupt37
;SezB.c,119 :: 		el_time += 32;
0x000C	0x0E20      	MOVLW       32
0x000E	0x261E      	ADDWF       _el_time, 1 
0x0010	0x0E00      	MOVLW       0
0x0012	0x221F      	ADDWFC      _el_time+1, 1 
;SezB.c,121 :: 		INTCON.TMR0IF = 0;
0x0014	0x94F2      	BCF         INTCON, 2 
;SezB.c,122 :: 		}
L_interrupt37:
;SezB.c,124 :: 		}
L_end_interrupt:
L__interrupt58:
0x0016	0x0011      	RETFIE      1
; end of _interrupt
_Delay_1us:
;__Lib_Delays.c,7 :: 		void Delay_1us() {
;__Lib_Delays.c,8 :: 		Delay_us(1);
0x0018	0x0000      	NOP
0x001A	0x0000      	NOP
;__Lib_Delays.c,9 :: 		}
L_end_Delay_1us:
0x001C	0x0012      	RETURN      0
; end of _Delay_1us
_Delay_5500us:
;__Lib_Delays.c,31 :: 		void Delay_5500us() {
;__Lib_Delays.c,32 :: 		Delay_us(5500);
0x001E	0x0E0F      	MOVLW       15
0x0020	0x6E0C      	MOVWF       R12, 0
0x0022	0x0E47      	MOVLW       71
0x0024	0x6E0D      	MOVWF       R13, 0
L_Delay_5500us5:
0x0026	0x2E0D      	DECFSZ      R13, 1, 0
0x0028	0xD7FE      	BRA         L_Delay_5500us5
0x002A	0x2E0C      	DECFSZ      R12, 1, 0
0x002C	0xD7FC      	BRA         L_Delay_5500us5
0x002E	0x0000      	NOP
0x0030	0x0000      	NOP
;__Lib_Delays.c,33 :: 		}
L_end_Delay_5500us:
0x0032	0x0012      	RETURN      0
; end of _Delay_5500us
_Delay_50us:
;__Lib_Delays.c,19 :: 		void Delay_50us() {
;__Lib_Delays.c,20 :: 		Delay_us(50);
0x0034	0x0E21      	MOVLW       33
0x0036	0x6E0D      	MOVWF       R13, 0
L_Delay_50us2:
0x0038	0x2E0D      	DECFSZ      R13, 1, 0
0x003A	0xD7FE      	BRA         L_Delay_50us2
;__Lib_Delays.c,21 :: 		}
L_end_Delay_50us:
0x003C	0x0012      	RETURN      0
; end of _Delay_50us
_Div_16X16_U:
;__Lib_Math.c,102 :: 		
;__Lib_Math.c,109 :: 		
0x003E	0x6A08      	CLRF        R8, 0
;__Lib_Math.c,110 :: 		
0x0040	0x6A09      	CLRF        R9, 0
;__Lib_Math.c,111 :: 		
0x0042	0x0E10      	MOVLW       16
;__Lib_Math.c,112 :: 		
0x0044	0x6E0C      	MOVWF       R12, 0
;__Lib_Math.c,113 :: 		
0x0046	0x3401      	RLCF        R1, 0, 0
;__Lib_Math.c,114 :: 		
0x0048	0x3608      	RLCF        R8, 1, 0
;__Lib_Math.c,115 :: 		
0x004A	0x3609      	RLCF        R9, 1, 0
;__Lib_Math.c,116 :: 		
0x004C	0x5004      	MOVF        R4, 0, 0
;__Lib_Math.c,117 :: 		
0x004E	0x5E08      	SUBWF       R8, 1, 0
;__Lib_Math.c,118 :: 		
0x0050	0x5005      	MOVF        R5, 0, 0
;__Lib_Math.c,119 :: 		
0x0052	0xA0D8      	BTFSS       STATUS, 0, 0
;__Lib_Math.c,120 :: 		
0x0054	0x3C05      	INCFSZ      R5, 0, 0
;__Lib_Math.c,121 :: 		
0x0056	0x5E09      	SUBWF       R9, 1, 0
;__Lib_Math.c,122 :: 		
0x0058	0xB0D8      	BTFSC       STATUS, 0, 0
;__Lib_Math.c,123 :: 		
0x005A	0xD007      	BRA         $+16
;__Lib_Math.c,124 :: 		
0x005C	0x5004      	MOVF        R4, 0, 0
;__Lib_Math.c,125 :: 		
0x005E	0x2608      	ADDWF       R8, 1, 0
;__Lib_Math.c,126 :: 		
0x0060	0x5005      	MOVF        R5, 0, 0
;__Lib_Math.c,127 :: 		
0x0062	0xB0D8      	BTFSC       STATUS, 0, 0
;__Lib_Math.c,128 :: 		
0x0064	0x3C05      	INCFSZ      R5, 0, 0
;__Lib_Math.c,129 :: 		
0x0066	0x2609      	ADDWF       R9, 1, 0
;__Lib_Math.c,130 :: 		
0x0068	0x90D8      	BCF         STATUS, 0, 0
;__Lib_Math.c,131 :: 		
0x006A	0x3600      	RLCF        R0, 1, 0
;__Lib_Math.c,132 :: 		
0x006C	0x3601      	RLCF        R1, 1, 0
;__Lib_Math.c,133 :: 		
0x006E	0x2E0C      	DECFSZ      R12, 1, 0
;__Lib_Math.c,134 :: 		
0x0070	0xD7EA      	BRA         $-42
;__Lib_Math.c,136 :: 		
L_end_Div_16X16_U:
0x0072	0x0012      	RETURN      0
; end of _Div_16X16_U
_Lcd_Cmd:
;__Lib_Lcd.c,18 :: 		
;__Lib_Lcd.c,20 :: 		
0x0074	0xBE55      	BTFSC       FARG_Lcd_Cmd_out_char, 7 
0x0076	0xD002      	BRA         L__Lcd_Cmd21
0x0078	0x968A      	BCF         LCD_D7, BitPos(LCD_D7+0) 
0x007A	0xD001      	BRA         L__Lcd_Cmd22
L__Lcd_Cmd21:
0x007C	0x868A      	BSF         LCD_D7, BitPos(LCD_D7+0) 
L__Lcd_Cmd22:
;__Lib_Lcd.c,21 :: 		
0x007E	0xBC55      	BTFSC       FARG_Lcd_Cmd_out_char, 6 
0x0080	0xD002      	BRA         L__Lcd_Cmd23
0x0082	0x948A      	BCF         LCD_D6, BitPos(LCD_D6+0) 
0x0084	0xD001      	BRA         L__Lcd_Cmd24
L__Lcd_Cmd23:
0x0086	0x848A      	BSF         LCD_D6, BitPos(LCD_D6+0) 
L__Lcd_Cmd24:
;__Lib_Lcd.c,22 :: 		
0x0088	0xBA55      	BTFSC       FARG_Lcd_Cmd_out_char, 5 
0x008A	0xD002      	BRA         L__Lcd_Cmd25
0x008C	0x928A      	BCF         LCD_D5, BitPos(LCD_D5+0) 
0x008E	0xD001      	BRA         L__Lcd_Cmd26
L__Lcd_Cmd25:
0x0090	0x828A      	BSF         LCD_D5, BitPos(LCD_D5+0) 
L__Lcd_Cmd26:
;__Lib_Lcd.c,23 :: 		
0x0092	0xB855      	BTFSC       FARG_Lcd_Cmd_out_char, 4 
0x0094	0xD002      	BRA         L__Lcd_Cmd27
0x0096	0x908A      	BCF         LCD_D4, BitPos(LCD_D4+0) 
0x0098	0xD001      	BRA         L__Lcd_Cmd28
L__Lcd_Cmd27:
0x009A	0x808A      	BSF         LCD_D4, BitPos(LCD_D4+0) 
L__Lcd_Cmd28:
;__Lib_Lcd.c,25 :: 		
0x009C	0xB029      	BTFSC       __Lib_Lcd_cmd_status, BitPos(__Lib_Lcd_cmd_status+0) 
0x009E	0xD002      	BRA         L__Lcd_Cmd29
0x00A0	0x888A      	BSF         LCD_RS, BitPos(LCD_RS+0) 
0x00A2	0xD001      	BRA         L__Lcd_Cmd30
L__Lcd_Cmd29:
0x00A4	0x988A      	BCF         LCD_RS, BitPos(LCD_RS+0) 
L__Lcd_Cmd30:
;__Lib_Lcd.c,28 :: 		
0x00A6	0x8A8A      	BSF         LCD_EN, BitPos(LCD_EN+0) 
;__Lib_Lcd.c,29 :: 		
0x00A8	0xDFB7      	RCALL       _Delay_1us
;__Lib_Lcd.c,30 :: 		
0x00AA	0x9A8A      	BCF         LCD_EN, BitPos(LCD_EN+0) 
;__Lib_Lcd.c,33 :: 		
0x00AC	0xB655      	BTFSC       FARG_Lcd_Cmd_out_char, 3 
0x00AE	0xD002      	BRA         L__Lcd_Cmd31
0x00B0	0x968A      	BCF         LCD_D7, BitPos(LCD_D7+0) 
0x00B2	0xD001      	BRA         L__Lcd_Cmd32
L__Lcd_Cmd31:
0x00B4	0x868A      	BSF         LCD_D7, BitPos(LCD_D7+0) 
L__Lcd_Cmd32:
;__Lib_Lcd.c,34 :: 		
0x00B6	0xB455      	BTFSC       FARG_Lcd_Cmd_out_char, 2 
0x00B8	0xD002      	BRA         L__Lcd_Cmd33
0x00BA	0x948A      	BCF         LCD_D6, BitPos(LCD_D6+0) 
0x00BC	0xD001      	BRA         L__Lcd_Cmd34
L__Lcd_Cmd33:
0x00BE	0x848A      	BSF         LCD_D6, BitPos(LCD_D6+0) 
L__Lcd_Cmd34:
;__Lib_Lcd.c,35 :: 		
0x00C0	0xB255      	BTFSC       FARG_Lcd_Cmd_out_char, 1 
0x00C2	0xD002      	BRA         L__Lcd_Cmd35
0x00C4	0x928A      	BCF         LCD_D5, BitPos(LCD_D5+0) 
0x00C6	0xD001      	BRA         L__Lcd_Cmd36
L__Lcd_Cmd35:
0x00C8	0x828A      	BSF         LCD_D5, BitPos(LCD_D5+0) 
L__Lcd_Cmd36:
;__Lib_Lcd.c,36 :: 		
0x00CA	0xB055      	BTFSC       FARG_Lcd_Cmd_out_char, 0 
0x00CC	0xD002      	BRA         L__Lcd_Cmd37
0x00CE	0x908A      	BCF         LCD_D4, BitPos(LCD_D4+0) 
0x00D0	0xD001      	BRA         L__Lcd_Cmd38
L__Lcd_Cmd37:
0x00D2	0x808A      	BSF         LCD_D4, BitPos(LCD_D4+0) 
L__Lcd_Cmd38:
;__Lib_Lcd.c,38 :: 		
0x00D4	0xB029      	BTFSC       __Lib_Lcd_cmd_status, BitPos(__Lib_Lcd_cmd_status+0) 
0x00D6	0xD002      	BRA         L__Lcd_Cmd39
0x00D8	0x888A      	BSF         LCD_RS, BitPos(LCD_RS+0) 
0x00DA	0xD001      	BRA         L__Lcd_Cmd40
L__Lcd_Cmd39:
0x00DC	0x988A      	BCF         LCD_RS, BitPos(LCD_RS+0) 
L__Lcd_Cmd40:
;__Lib_Lcd.c,40 :: 		
0x00DE	0x8A8A      	BSF         LCD_EN, BitPos(LCD_EN+0) 
;__Lib_Lcd.c,41 :: 		
0x00E0	0xDF9B      	RCALL       _Delay_1us
;__Lib_Lcd.c,42 :: 		
0x00E2	0x9A8A      	BCF         LCD_EN, BitPos(LCD_EN+0) 
;__Lib_Lcd.c,44 :: 		
0x00E4	0xA029      	BTFSS       __Lib_Lcd_cmd_status, BitPos(__Lib_Lcd_cmd_status+0) 
0x00E6	0xD002      	BRA         L_Lcd_Cmd0
;__Lib_Lcd.c,45 :: 		
0x00E8	0xDF9A      	RCALL       _Delay_5500us
0x00EA	0xD001      	BRA         L_Lcd_Cmd1
L_Lcd_Cmd0:
;__Lib_Lcd.c,47 :: 		
0x00EC	0xDFA3      	RCALL       _Delay_50us
L_Lcd_Cmd1:
;__Lib_Lcd.c,48 :: 		
L_end_Lcd_Cmd:
0x00EE	0x0012      	RETURN      0
; end of _Lcd_Cmd
_Lcd_Chr_CP:
;__Lib_Lcd.c,50 :: 		
;__Lib_Lcd.c,52 :: 		
0x00F0	0x9029      	BCF         __Lib_Lcd_cmd_status, BitPos(__Lib_Lcd_cmd_status+0) 
;__Lib_Lcd.c,53 :: 		
0x00F2	0xF055C04E  	MOVFF       FARG_Lcd_Chr_CP_out_char, FARG_Lcd_Cmd_out_char
0x00F6	0xDFBE      	RCALL       _Lcd_Cmd
;__Lib_Lcd.c,54 :: 		
0x00F8	0x8029      	BSF         __Lib_Lcd_cmd_status, BitPos(__Lib_Lcd_cmd_status+0) 
;__Lib_Lcd.c,55 :: 		
L_end_Lcd_Chr_CP:
0x00FA	0x0012      	RETURN      0
; end of _Lcd_Chr_CP
_WordToStr:
;__Lib_Conversions.c,98 :: 		
;__Lib_Conversions.c,103 :: 		
0x00FC	0x6A52      	CLRF        WordToStr_len_L0 
L_WordToStr11:
0x00FE	0x0E05      	MOVLW       5
0x0100	0x5C52      	SUBWF       WordToStr_len_L0, 0 
0x0102	0xE20A      	BC          L_WordToStr12
;__Lib_Conversions.c,104 :: 		
0x0104	0x5052      	MOVF        WordToStr_len_L0, 0 
0x0106	0x2450      	ADDWF       FARG_WordToStr_output, 0 
0x0108	0x6EE1      	MOVWF       FSR1L 
0x010A	0x0E00      	MOVLW       0
0x010C	0x2051      	ADDWFC      FARG_WordToStr_output+1, 0 
0x010E	0x6EE2      	MOVWF       FSR1L+1 
0x0110	0x0E20      	MOVLW       32
0x0112	0x6EE6      	MOVWF       POSTINC1 
;__Lib_Conversions.c,103 :: 		
0x0114	0x2A52      	INCF        WordToStr_len_L0, 1 
;__Lib_Conversions.c,104 :: 		
0x0116	0xD7F3      	BRA         L_WordToStr11
L_WordToStr12:
;__Lib_Conversions.c,105 :: 		
0x0118	0x5052      	MOVF        WordToStr_len_L0, 0 
0x011A	0x2450      	ADDWF       FARG_WordToStr_output, 0 
0x011C	0x6EE1      	MOVWF       FSR1L 
0x011E	0x0E00      	MOVLW       0
0x0120	0x2051      	ADDWFC      FARG_WordToStr_output+1, 0 
0x0122	0x6EE2      	MOVWF       FSR1L+1 
0x0124	0x6AE6      	CLRF        POSTINC1 
0x0126	0x0652      	DECF        WordToStr_len_L0, 1 
;__Lib_Conversions.c,107 :: 		
L_WordToStr14:
;__Lib_Conversions.c,108 :: 		
0x0128	0x5052      	MOVF        WordToStr_len_L0, 0 
0x012A	0x2450      	ADDWF       FARG_WordToStr_output, 0 
0x012C	0x6E53      	MOVWF       FLOC__WordToStr 
0x012E	0x0E00      	MOVLW       0
0x0130	0x2051      	ADDWFC      FARG_WordToStr_output+1, 0 
0x0132	0x6E54      	MOVWF       FLOC__WordToStr+1 
0x0134	0x0E0A      	MOVLW       10
0x0136	0x6E04      	MOVWF       R4 
0x0138	0x0E00      	MOVLW       0
0x013A	0x6E05      	MOVWF       R5 
0x013C	0xF000C04E  	MOVFF       FARG_WordToStr_input, R0
0x0140	0xF001C04F  	MOVFF       FARG_WordToStr_input+1, R1
0x0144	0xDF7C      	RCALL       _Div_16X16_U
0x0146	0xF000C008  	MOVFF       R8, R0
0x014A	0xF001C009  	MOVFF       R9, R1
0x014E	0x0E30      	MOVLW       48
0x0150	0x2600      	ADDWF       R0, 1 
0x0152	0xFFE1C053  	MOVFF       FLOC__WordToStr, FSR1L
0x0156	0xFFE2C054  	MOVFF       FLOC__WordToStr+1, FSR1H
0x015A	0xFFE6C000  	MOVFF       R0, POSTINC1
;__Lib_Conversions.c,109 :: 		
0x015E	0x0E0A      	MOVLW       10
0x0160	0x6E04      	MOVWF       R4 
0x0162	0x0E00      	MOVLW       0
0x0164	0x6E05      	MOVWF       R5 
0x0166	0xF000C04E  	MOVFF       FARG_WordToStr_input, R0
0x016A	0xF001C04F  	MOVFF       FARG_WordToStr_input+1, R1
0x016E	0xDF67      	RCALL       _Div_16X16_U
0x0170	0xF04EC000  	MOVFF       R0, FARG_WordToStr_input
0x0174	0xF04FC001  	MOVFF       R1, FARG_WordToStr_input+1
;__Lib_Conversions.c,110 :: 		
0x0178	0x0E00      	MOVLW       0
0x017A	0x1801      	XORWF       R1, 0 
0x017C	0xE102      	BNZ         L__WordToStr379
0x017E	0x0E00      	MOVLW       0
0x0180	0x1800      	XORWF       R0, 0 
L__WordToStr379:
0x0182	0xE101      	BNZ         L_WordToStr16
;__Lib_Conversions.c,111 :: 		
0x0184	0xD002      	BRA         L_WordToStr15
L_WordToStr16:
;__Lib_Conversions.c,112 :: 		
0x0186	0x0652      	DECF        WordToStr_len_L0, 1 
;__Lib_Conversions.c,113 :: 		
0x0188	0xD7CF      	BRA         L_WordToStr14
L_WordToStr15:
;__Lib_Conversions.c,114 :: 		
L_end_WordToStr:
0x018A	0x0012      	RETURN      0
; end of _WordToStr
___CC2DW:
;__Lib_System.c,21 :: 		
;__Lib_System.c,23 :: 		
_CC2DL_Loop1:
;__Lib_System.c,24 :: 		
0x018C	0x0009      	TBLRD*+
;__Lib_System.c,25 :: 		
0x018E	0xFFE6CFF5  	MOVFF       TABLAT, POSTINC1
;__Lib_System.c,26 :: 		
0x0192	0x0600      	DECF        R0, 1, 0
;__Lib_System.c,27 :: 		
0x0194	0xE1FB      	BNZ         _CC2DL_Loop1
;__Lib_System.c,28 :: 		
0x0196	0x0601      	DECF        R1, 1, 0
;__Lib_System.c,29 :: 		
0x0198	0xE1F9      	BNZ         _CC2DL_Loop1
;__Lib_System.c,31 :: 		
L_end___CC2DW:
0x019A	0x0012      	RETURN      0
; end of ___CC2DW
_Lcd_Init:
;__Lib_Lcd.c,84 :: 		
;__Lib_Lcd.c,86 :: 		
0x019C	0x9A93      	BCF         LCD_EN_Direction, BitPos(LCD_EN_Direction+0) 
;__Lib_Lcd.c,87 :: 		
0x019E	0x9893      	BCF         LCD_RS_Direction, BitPos(LCD_RS_Direction+0) 
;__Lib_Lcd.c,88 :: 		
0x01A0	0x9093      	BCF         LCD_D4_Direction, BitPos(LCD_D4_Direction+0) 
;__Lib_Lcd.c,89 :: 		
0x01A2	0x9293      	BCF         LCD_D5_Direction, BitPos(LCD_D5_Direction+0) 
;__Lib_Lcd.c,90 :: 		
0x01A4	0x9493      	BCF         LCD_D6_Direction, BitPos(LCD_D6_Direction+0) 
;__Lib_Lcd.c,91 :: 		
0x01A6	0x9693      	BCF         LCD_D7_Direction, BitPos(LCD_D7_Direction+0) 
;__Lib_Lcd.c,93 :: 		
0x01A8	0x9A8A      	BCF         LCD_EN, BitPos(LCD_EN+0) 
;__Lib_Lcd.c,94 :: 		
0x01AA	0x988A      	BCF         LCD_RS, BitPos(LCD_RS+0) 
;__Lib_Lcd.c,95 :: 		
0x01AC	0x968A      	BCF         LCD_D7, BitPos(LCD_D7+0) 
;__Lib_Lcd.c,96 :: 		
0x01AE	0x948A      	BCF         LCD_D6, BitPos(LCD_D6+0) 
;__Lib_Lcd.c,97 :: 		
0x01B0	0x928A      	BCF         LCD_D5, BitPos(LCD_D5+0) 
;__Lib_Lcd.c,98 :: 		
0x01B2	0x908A      	BCF         LCD_D4, BitPos(LCD_D4+0) 
;__Lib_Lcd.c,100 :: 		
0x01B4	0xDF34      	RCALL       _Delay_5500us
;__Lib_Lcd.c,101 :: 		
0x01B6	0xDF33      	RCALL       _Delay_5500us
;__Lib_Lcd.c,102 :: 		
0x01B8	0xDF32      	RCALL       _Delay_5500us
;__Lib_Lcd.c,105 :: 		
0x01BA	0x828A      	BSF         LCD_D5, BitPos(LCD_D5+0) 
;__Lib_Lcd.c,106 :: 		
0x01BC	0x808A      	BSF         LCD_D4, BitPos(LCD_D4+0) 
;__Lib_Lcd.c,107 :: 		
0x01BE	0x8A8A      	BSF         LCD_EN, BitPos(LCD_EN+0) 
;__Lib_Lcd.c,108 :: 		
0x01C0	0xDF2B      	RCALL       _Delay_1us
;__Lib_Lcd.c,109 :: 		
0x01C2	0x9A8A      	BCF         LCD_EN, BitPos(LCD_EN+0) 
;__Lib_Lcd.c,110 :: 		
0x01C4	0xDF2C      	RCALL       _Delay_5500us
;__Lib_Lcd.c,112 :: 		
0x01C6	0x8A8A      	BSF         LCD_EN, BitPos(LCD_EN+0) 
;__Lib_Lcd.c,113 :: 		
0x01C8	0xDF27      	RCALL       _Delay_1us
;__Lib_Lcd.c,114 :: 		
0x01CA	0x9A8A      	BCF         LCD_EN, BitPos(LCD_EN+0) 
;__Lib_Lcd.c,115 :: 		
0x01CC	0xDF28      	RCALL       _Delay_5500us
;__Lib_Lcd.c,117 :: 		
0x01CE	0x8A8A      	BSF         LCD_EN, BitPos(LCD_EN+0) 
;__Lib_Lcd.c,118 :: 		
0x01D0	0xDF23      	RCALL       _Delay_1us
;__Lib_Lcd.c,119 :: 		
0x01D2	0x9A8A      	BCF         LCD_EN, BitPos(LCD_EN+0) 
;__Lib_Lcd.c,120 :: 		
0x01D4	0xDF24      	RCALL       _Delay_5500us
;__Lib_Lcd.c,123 :: 		
0x01D6	0x908A      	BCF         LCD_D4, BitPos(LCD_D4+0) 
;__Lib_Lcd.c,124 :: 		
0x01D8	0x8A8A      	BSF         LCD_EN, BitPos(LCD_EN+0) 
;__Lib_Lcd.c,125 :: 		
0x01DA	0xDF1E      	RCALL       _Delay_1us
;__Lib_Lcd.c,126 :: 		
0x01DC	0x9A8A      	BCF         LCD_EN, BitPos(LCD_EN+0) 
;__Lib_Lcd.c,127 :: 		
0x01DE	0xDF1F      	RCALL       _Delay_5500us
;__Lib_Lcd.c,130 :: 		
0x01E0	0x8A8A      	BSF         LCD_EN, BitPos(LCD_EN+0) 
;__Lib_Lcd.c,131 :: 		
0x01E2	0xDF1A      	RCALL       _Delay_1us
;__Lib_Lcd.c,132 :: 		
0x01E4	0x9A8A      	BCF         LCD_EN, BitPos(LCD_EN+0) 
;__Lib_Lcd.c,134 :: 		
0x01E6	0x928A      	BCF         LCD_D5, BitPos(LCD_D5+0) 
;__Lib_Lcd.c,135 :: 		
0x01E8	0x868A      	BSF         LCD_D7, BitPos(LCD_D7+0) 
;__Lib_Lcd.c,136 :: 		
0x01EA	0x8A8A      	BSF         LCD_EN, BitPos(LCD_EN+0) 
;__Lib_Lcd.c,137 :: 		
0x01EC	0xDF15      	RCALL       _Delay_1us
;__Lib_Lcd.c,138 :: 		
0x01EE	0x9A8A      	BCF         LCD_EN, BitPos(LCD_EN+0) 
;__Lib_Lcd.c,139 :: 		
0x01F0	0xDF16      	RCALL       _Delay_5500us
;__Lib_Lcd.c,142 :: 		
0x01F2	0x968A      	BCF         LCD_D7, BitPos(LCD_D7+0) 
;__Lib_Lcd.c,143 :: 		
0x01F4	0x808A      	BSF         LCD_D4, BitPos(LCD_D4+0) 
;__Lib_Lcd.c,144 :: 		
0x01F6	0x8A8A      	BSF         LCD_EN, BitPos(LCD_EN+0) 
;__Lib_Lcd.c,145 :: 		
0x01F8	0xDF0F      	RCALL       _Delay_1us
;__Lib_Lcd.c,146 :: 		
0x01FA	0x9A8A      	BCF         LCD_EN, BitPos(LCD_EN+0) 
;__Lib_Lcd.c,148 :: 		
0x01FC	0x908A      	BCF         LCD_D4, BitPos(LCD_D4+0) 
;__Lib_Lcd.c,149 :: 		
0x01FE	0x8A8A      	BSF         LCD_EN, BitPos(LCD_EN+0) 
;__Lib_Lcd.c,150 :: 		
0x0200	0xDF0B      	RCALL       _Delay_1us
;__Lib_Lcd.c,151 :: 		
0x0202	0x9A8A      	BCF         LCD_EN, BitPos(LCD_EN+0) 
;__Lib_Lcd.c,152 :: 		
0x0204	0xDF0C      	RCALL       _Delay_5500us
;__Lib_Lcd.c,155 :: 		
0x0206	0x8A8A      	BSF         LCD_EN, BitPos(LCD_EN+0) 
;__Lib_Lcd.c,156 :: 		
0x0208	0xDF07      	RCALL       _Delay_1us
;__Lib_Lcd.c,157 :: 		
0x020A	0x9A8A      	BCF         LCD_EN, BitPos(LCD_EN+0) 
;__Lib_Lcd.c,159 :: 		
0x020C	0x808A      	BSF         LCD_D4, BitPos(LCD_D4+0) 
;__Lib_Lcd.c,160 :: 		
0x020E	0x8A8A      	BSF         LCD_EN, BitPos(LCD_EN+0) 
;__Lib_Lcd.c,161 :: 		
0x0210	0xDF03      	RCALL       _Delay_1us
;__Lib_Lcd.c,162 :: 		
0x0212	0x9A8A      	BCF         LCD_EN, BitPos(LCD_EN+0) 
;__Lib_Lcd.c,163 :: 		
0x0214	0xDF04      	RCALL       _Delay_5500us
;__Lib_Lcd.c,166 :: 		
0x0216	0x908A      	BCF         LCD_D4, BitPos(LCD_D4+0) 
;__Lib_Lcd.c,167 :: 		
0x0218	0x8A8A      	BSF         LCD_EN, BitPos(LCD_EN+0) 
;__Lib_Lcd.c,168 :: 		
0x021A	0xDEFE      	RCALL       _Delay_1us
;__Lib_Lcd.c,169 :: 		
0x021C	0x9A8A      	BCF         LCD_EN, BitPos(LCD_EN+0) 
;__Lib_Lcd.c,171 :: 		
0x021E	0x868A      	BSF         LCD_D7, BitPos(LCD_D7+0) 
;__Lib_Lcd.c,172 :: 		
0x0220	0x848A      	BSF         LCD_D6, BitPos(LCD_D6+0) 
;__Lib_Lcd.c,173 :: 		
0x0222	0x828A      	BSF         LCD_D5, BitPos(LCD_D5+0) 
;__Lib_Lcd.c,174 :: 		
0x0224	0x808A      	BSF         LCD_D4, BitPos(LCD_D4+0) 
;__Lib_Lcd.c,175 :: 		
0x0226	0x8A8A      	BSF         LCD_EN, BitPos(LCD_EN+0) 
;__Lib_Lcd.c,176 :: 		
0x0228	0xDEF7      	RCALL       _Delay_1us
;__Lib_Lcd.c,177 :: 		
0x022A	0x9A8A      	BCF         LCD_EN, BitPos(LCD_EN+0) 
;__Lib_Lcd.c,179 :: 		
0x022C	0xDEF8      	RCALL       _Delay_5500us
;__Lib_Lcd.c,181 :: 		
0x022E	0x8029      	BSF         __Lib_Lcd_cmd_status, BitPos(__Lib_Lcd_cmd_status+0) 
;__Lib_Lcd.c,182 :: 		
L_end_Lcd_Init:
0x0230	0x0012      	RETURN      0
; end of _Lcd_Init
_IntToStr:
;__Lib_Conversions.c,195 :: 		
;__Lib_Conversions.c,201 :: 		
0x0232	0x6A4A      	CLRF        IntToStr_negative_L0 
0x0234	0x6A4B      	CLRF        IntToStr_negative_L0+1 
;__Lib_Conversions.c,202 :: 		
0x0236	0xF04CC044  	MOVFF       FARG_IntToStr_input, IntToStr_inword_L0
0x023A	0xF04DC045  	MOVFF       FARG_IntToStr_input+1, IntToStr_inword_L0+1
;__Lib_Conversions.c,203 :: 		
0x023E	0x0E80      	MOVLW       128
0x0240	0x1845      	XORWF       FARG_IntToStr_input+1, 0 
0x0242	0x6E00      	MOVWF       R0 
0x0244	0x0E80      	MOVLW       128
0x0246	0x5C00      	SUBWF       R0, 0 
0x0248	0xE102      	BNZ         L__IntToStr387
0x024A	0x0E00      	MOVLW       0
0x024C	0x5C44      	SUBWF       FARG_IntToStr_input, 0 
L__IntToStr387:
0x024E	0xE20B      	BC          L_IntToStr37
;__Lib_Conversions.c,204 :: 		
0x0250	0x0E01      	MOVLW       1
0x0252	0x6E4A      	MOVWF       IntToStr_negative_L0 
0x0254	0x0E00      	MOVLW       0
0x0256	0x6E4B      	MOVWF       IntToStr_negative_L0+1 
;__Lib_Conversions.c,205 :: 		
0x0258	0x5044      	MOVF        FARG_IntToStr_input, 0 
0x025A	0x0800      	SUBLW       0
0x025C	0x6E4C      	MOVWF       IntToStr_inword_L0 
0x025E	0xF04DC045  	MOVFF       FARG_IntToStr_input+1, IntToStr_inword_L0+1
0x0262	0x0E00      	MOVLW       0
0x0264	0x564D      	SUBFWB      IntToStr_inword_L0+1, 1 
;__Lib_Conversions.c,206 :: 		
L_IntToStr37:
;__Lib_Conversions.c,207 :: 		
0x0266	0xF04EC04C  	MOVFF       IntToStr_inword_L0, FARG_WordToStr_input
0x026A	0xF04FC04D  	MOVFF       IntToStr_inword_L0+1, FARG_WordToStr_input+1
0x026E	0xF050C046  	MOVFF       FARG_IntToStr_output, FARG_WordToStr_output
0x0272	0xF051C047  	MOVFF       FARG_IntToStr_output+1, FARG_WordToStr_output+1
0x0276	0xDF42      	RCALL       _WordToStr
;__Lib_Conversions.c,209 :: 		
0x0278	0x0E06      	MOVLW       6
0x027A	0x6E48      	MOVWF       IntToStr_i_L0 
0x027C	0x0E00      	MOVLW       0
0x027E	0x6E49      	MOVWF       IntToStr_i_L0+1 
;__Lib_Conversions.c,210 :: 		
L_IntToStr38:
0x0280	0x0E00      	MOVLW       0
0x0282	0x6E00      	MOVWF       R0 
0x0284	0x5049      	MOVF        IntToStr_i_L0+1, 0 
0x0286	0x5C00      	SUBWF       R0, 0 
0x0288	0xE102      	BNZ         L__IntToStr388
0x028A	0x5048      	MOVF        IntToStr_i_L0, 0 
0x028C	0x0800      	SUBLW       0
L__IntToStr388:
0x028E	0xE219      	BC          L_IntToStr39
;__Lib_Conversions.c,211 :: 		
0x0290	0x5048      	MOVF        IntToStr_i_L0, 0 
0x0292	0x2446      	ADDWF       FARG_IntToStr_output, 0 
0x0294	0x6EE1      	MOVWF       FSR1L 
0x0296	0x5049      	MOVF        IntToStr_i_L0+1, 0 
0x0298	0x2047      	ADDWFC      FARG_IntToStr_output+1, 0 
0x029A	0x6EE2      	MOVWF       FSR1L+1 
0x029C	0x0E01      	MOVLW       1
0x029E	0x5C48      	SUBWF       IntToStr_i_L0, 0 
0x02A0	0x6E00      	MOVWF       R0 
0x02A2	0x0E00      	MOVLW       0
0x02A4	0x5849      	SUBWFB      IntToStr_i_L0+1, 0 
0x02A6	0x6E01      	MOVWF       R1 
0x02A8	0x5000      	MOVF        R0, 0 
0x02AA	0x2446      	ADDWF       FARG_IntToStr_output, 0 
0x02AC	0x6EE9      	MOVWF       FSR0L 
0x02AE	0x5001      	MOVF        R1, 0 
0x02B0	0x2047      	ADDWFC      FARG_IntToStr_output+1, 0 
0x02B2	0x6EEA      	MOVWF       FSR0L+1 
0x02B4	0xFFE6CFEE  	MOVFF       POSTINC0, POSTINC1
;__Lib_Conversions.c,212 :: 		
0x02B8	0x0E01      	MOVLW       1
0x02BA	0x5E48      	SUBWF       IntToStr_i_L0, 1 
0x02BC	0x0E00      	MOVLW       0
0x02BE	0x5A49      	SUBWFB      IntToStr_i_L0+1, 1 
;__Lib_Conversions.c,213 :: 		
0x02C0	0xD7DF      	BRA         L_IntToStr38
L_IntToStr39:
;__Lib_Conversions.c,214 :: 		
0x02C2	0xFFE1C046  	MOVFF       FARG_IntToStr_output, FSR1L
0x02C6	0xFFE2C047  	MOVFF       FARG_IntToStr_output+1, FSR1H
0x02CA	0x0E20      	MOVLW       32
0x02CC	0x6EE6      	MOVWF       POSTINC1 
;__Lib_Conversions.c,215 :: 		
0x02CE	0x504A      	MOVF        IntToStr_negative_L0, 0 
0x02D0	0x104B      	IORWF       IntToStr_negative_L0+1, 0 
0x02D2	0xE01A      	BZ          L_IntToStr40
;__Lib_Conversions.c,216 :: 		
0x02D4	0x6A48      	CLRF        IntToStr_i_L0 
0x02D6	0x6A49      	CLRF        IntToStr_i_L0+1 
;__Lib_Conversions.c,217 :: 		
L_IntToStr41:
0x02D8	0x5048      	MOVF        IntToStr_i_L0, 0 
0x02DA	0x2446      	ADDWF       FARG_IntToStr_output, 0 
0x02DC	0x6EE9      	MOVWF       FSR0L 
0x02DE	0x5049      	MOVF        IntToStr_i_L0+1, 0 
0x02E0	0x2047      	ADDWFC      FARG_IntToStr_output+1, 0 
0x02E2	0x6EEA      	MOVWF       FSR0L+1 
0x02E4	0x50EE      	MOVF        POSTINC0, 0 
0x02E6	0x0A20      	XORLW       32
0x02E8	0xE103      	BNZ         L_IntToStr42
0x02EA	0x4A48      	INFSNZ      IntToStr_i_L0, 1 
0x02EC	0x2A49      	INCF        IntToStr_i_L0+1, 1 
0x02EE	0xD7F4      	BRA         L_IntToStr41
L_IntToStr42:
;__Lib_Conversions.c,218 :: 		
0x02F0	0x0E01      	MOVLW       1
0x02F2	0x5E48      	SUBWF       IntToStr_i_L0, 1 
0x02F4	0x0E00      	MOVLW       0
0x02F6	0x5A49      	SUBWFB      IntToStr_i_L0+1, 1 
;__Lib_Conversions.c,219 :: 		
0x02F8	0x5048      	MOVF        IntToStr_i_L0, 0 
0x02FA	0x2446      	ADDWF       FARG_IntToStr_output, 0 
0x02FC	0x6EE1      	MOVWF       FSR1L 
0x02FE	0x5049      	MOVF        IntToStr_i_L0+1, 0 
0x0300	0x2047      	ADDWFC      FARG_IntToStr_output+1, 0 
0x0302	0x6EE2      	MOVWF       FSR1L+1 
0x0304	0x0E2D      	MOVLW       45
0x0306	0x6EE6      	MOVWF       POSTINC1 
L_IntToStr40:
;__Lib_Conversions.c,220 :: 		
L_end_IntToStr:
0x0308	0x0012      	RETURN      0
; end of _IntToStr
_Lcd_Out:
;__Lib_Lcd.c,184 :: 		
;__Lib_Lcd.c,187 :: 		
0x030A	0xD00F      	BRA         L_Lcd_Out11
;__Lib_Lcd.c,188 :: 		
L_Lcd_Out13:
0x030C	0x0E80      	MOVLW       128
0x030E	0x6E44      	MOVWF       FARG_Lcd_Out_row 
0x0310	0xD019      	BRA         L_Lcd_Out12
;__Lib_Lcd.c,189 :: 		
L_Lcd_Out14:
0x0312	0x0EC0      	MOVLW       192
0x0314	0x6E44      	MOVWF       FARG_Lcd_Out_row 
0x0316	0xD016      	BRA         L_Lcd_Out12
;__Lib_Lcd.c,190 :: 		
L_Lcd_Out15:
0x0318	0x0E94      	MOVLW       148
0x031A	0x6E44      	MOVWF       FARG_Lcd_Out_row 
0x031C	0xD013      	BRA         L_Lcd_Out12
;__Lib_Lcd.c,191 :: 		
L_Lcd_Out16:
0x031E	0x0ED4      	MOVLW       212
0x0320	0x6E44      	MOVWF       FARG_Lcd_Out_row 
0x0322	0xD010      	BRA         L_Lcd_Out12
;__Lib_Lcd.c,192 :: 		
L_Lcd_Out17:
0x0324	0x0E80      	MOVLW       128
0x0326	0x6E44      	MOVWF       FARG_Lcd_Out_row 
;__Lib_Lcd.c,193 :: 		
0x0328	0xD00D      	BRA         L_Lcd_Out12
L_Lcd_Out11:
0x032A	0x5044      	MOVF        FARG_Lcd_Out_row, 0 
0x032C	0x0A01      	XORLW       1
0x032E	0xE0EE      	BZ          L_Lcd_Out13
0x0330	0x5044      	MOVF        FARG_Lcd_Out_row, 0 
0x0332	0x0A02      	XORLW       2
0x0334	0xE0EE      	BZ          L_Lcd_Out14
0x0336	0x5044      	MOVF        FARG_Lcd_Out_row, 0 
0x0338	0x0A03      	XORLW       3
0x033A	0xE0EE      	BZ          L_Lcd_Out15
0x033C	0x5044      	MOVF        FARG_Lcd_Out_row, 0 
0x033E	0x0A04      	XORLW       4
0x0340	0xE0EE      	BZ          L_Lcd_Out16
0x0342	0xD7F0      	BRA         L_Lcd_Out17
L_Lcd_Out12:
;__Lib_Lcd.c,194 :: 		
0x0344	0x0445      	DECF        FARG_Lcd_Out_column, 0 
0x0346	0x6E00      	MOVWF       R0 
0x0348	0x5044      	MOVF        FARG_Lcd_Out_row, 0 
0x034A	0x2600      	ADDWF       R0, 1 
0x034C	0xF044C000  	MOVFF       R0, FARG_Lcd_Out_row
;__Lib_Lcd.c,196 :: 		
0x0350	0xF055C000  	MOVFF       R0, FARG_Lcd_Cmd_out_char
0x0354	0xDE8F      	RCALL       _Lcd_Cmd
;__Lib_Lcd.c,197 :: 		
0x0356	0x9029      	BCF         __Lib_Lcd_cmd_status, BitPos(__Lib_Lcd_cmd_status+0) 
;__Lib_Lcd.c,198 :: 		
0x0358	0x6A48      	CLRF        Lcd_Out_i_L0 
;__Lib_Lcd.c,199 :: 		
L_Lcd_Out18:
0x035A	0x5048      	MOVF        Lcd_Out_i_L0, 0 
0x035C	0x2446      	ADDWF       FARG_Lcd_Out_text, 0 
0x035E	0x6EE9      	MOVWF       FSR0L 
0x0360	0x0E00      	MOVLW       0
0x0362	0x2047      	ADDWFC      FARG_Lcd_Out_text+1, 0 
0x0364	0x6EEA      	MOVWF       FSR0L+1 
0x0366	0x52EE      	MOVF        POSTINC0, 1 
0x0368	0xE00B      	BZ          L_Lcd_Out19
;__Lib_Lcd.c,200 :: 		
0x036A	0x5048      	MOVF        Lcd_Out_i_L0, 0 
0x036C	0x2446      	ADDWF       FARG_Lcd_Out_text, 0 
0x036E	0x6EE9      	MOVWF       FSR0L 
0x0370	0x0E00      	MOVLW       0
0x0372	0x2047      	ADDWFC      FARG_Lcd_Out_text+1, 0 
0x0374	0x6EEA      	MOVWF       FSR0L+1 
0x0376	0xF04ECFEE  	MOVFF       POSTINC0, FARG_Lcd_Chr_CP_out_char
0x037A	0xDEBA      	RCALL       _Lcd_Chr_CP
0x037C	0x2A48      	INCF        Lcd_Out_i_L0, 1 
0x037E	0xD7ED      	BRA         L_Lcd_Out18
L_Lcd_Out19:
;__Lib_Lcd.c,201 :: 		
0x0380	0x8029      	BSF         __Lib_Lcd_cmd_status, BitPos(__Lib_Lcd_cmd_status+0) 
;__Lib_Lcd.c,202 :: 		
L_end_Lcd_Out:
0x0382	0x0012      	RETURN      0
; end of _Lcd_Out
_strcat:
;__Lib_CString.c,87 :: 		
;__Lib_CString.c,90 :: 		
0x0384	0xF004C044  	MOVFF       FARG_strcat_to, R4
0x0388	0xF005C045  	MOVFF       FARG_strcat_to+1, R5
;__Lib_CString.c,91 :: 		
L_strcat22:
0x038C	0xFFE9C004  	MOVFF       R4, FSR0L
0x0390	0xFFEAC005  	MOVFF       R5, FSR0H
0x0394	0x52EE      	MOVF        POSTINC0, 1 
0x0396	0xE003      	BZ          L_strcat23
;__Lib_CString.c,92 :: 		
0x0398	0x4A04      	INFSNZ      R4, 1 
0x039A	0x2A05      	INCF        R5, 1 
0x039C	0xD7F7      	BRA         L_strcat22
L_strcat23:
;__Lib_CString.c,93 :: 		
L_strcat24:
0x039E	0xF002C004  	MOVFF       R4, R2
0x03A2	0xF003C005  	MOVFF       R5, R3
0x03A6	0x4A04      	INFSNZ      R4, 1 
0x03A8	0x2A05      	INCF        R5, 1 
0x03AA	0xF000C046  	MOVFF       FARG_strcat_from, R0
0x03AE	0xF001C047  	MOVFF       FARG_strcat_from+1, R1
0x03B2	0x4A46      	INFSNZ      FARG_strcat_from, 1 
0x03B4	0x2A47      	INCF        FARG_strcat_from+1, 1 
0x03B6	0xFFE9C000  	MOVFF       R0, FSR0L
0x03BA	0xFFEAC001  	MOVFF       R1, FSR0H
0x03BE	0xFFE1C002  	MOVFF       R2, FSR1L
0x03C2	0xFFE2C003  	MOVFF       R3, FSR1H
0x03C6	0xFFE6CFEE  	MOVFF       POSTINC0, POSTINC1
0x03CA	0xFFE9C002  	MOVFF       R2, FSR0L
0x03CE	0xFFEAC003  	MOVFF       R3, FSR0H
0x03D2	0x52EE      	MOVF        POSTINC0, 1 
0x03D4	0xE001      	BZ          L_strcat25
;__Lib_CString.c,94 :: 		
0x03D6	0xD7E3      	BRA         L_strcat24
L_strcat25:
;__Lib_CString.c,95 :: 		
0x03D8	0xF000C044  	MOVFF       FARG_strcat_to, R0
0x03DC	0xF001C045  	MOVFF       FARG_strcat_to+1, R1
;__Lib_CString.c,96 :: 		
L_end_strcat:
0x03E0	0x0012      	RETURN      0
; end of _strcat
_main:
0x03E2	0xF002ECDA  	CALL        1460, 0
;SezB.c,20 :: 		void main() {
;SezB.c,22 :: 		unsigned short int timer_value = 30;    //Sezione A
0x03E6	0x0E1E      	MOVLW       30
0x03E8	0x6E39      	MOVWF       main_timer_value_L0 
0x03EA	0x6A3A      	CLRF        main_store_a0_L0 
0x03EC	0x6A3B      	CLRF        main_store_a0_L0+1 
0x03EE	0x6A3C      	CLRF        main_store_a1_L0 
0x03F0	0x6A3D      	CLRF        main_store_a1_L0+1 
0x03F2	0x6A3E      	CLRF        main_store_a2_L0 
0x03F4	0x6A3F      	CLRF        main_store_a2_L0+1 
0x03F6	0x6A40      	CLRF        main_store_a3_L0 
0x03F8	0x6A41      	CLRF        main_store_a3_L0+1 
0x03FA	0x6A42      	CLRF        main_start_L0 
0x03FC	0x6A43      	CLRF        main_start_L0+1 
;SezB.c,27 :: 		TRISD = 0;
0x03FE	0x6A95      	CLRF        TRISD 
;SezB.c,28 :: 		TRISE.RE2 = 0;
0x0400	0x9496      	BCF         TRISE, 2 
;SezB.c,31 :: 		TRISA = 255;
0x0402	0x0EFF      	MOVLW       255
0x0404	0x6E92      	MOVWF       TRISA 
;SezB.c,32 :: 		ANSELA = 0b11110000;
0x0406	0x0EF0      	MOVLW       240
0x0408	0x010F      	MOVLB       15
0x040A	0x6F38      	MOVWF       ANSELA, 1
;SezB.c,35 :: 		INTCON = 0b10100000;
0x040C	0x0EA0      	MOVLW       160
0x040E	0x6EF2      	MOVWF       INTCON 
;SezB.c,38 :: 		T0CON = 0b01000111;
0x0410	0x0E47      	MOVLW       71
0x0412	0x6ED5      	MOVWF       T0CON 
;SezB.c,41 :: 		Lcd_Init();		// Init the display library (This will set also the PORTB Configuration)
0x0414	0xDEC3      	RCALL       _Lcd_Init
;SezB.c,43 :: 		Lcd_Cmd(_LCD_CLEAR);    	// Clear display
0x0416	0x0E01      	MOVLW       1
0x0418	0x6E55      	MOVWF       FARG_Lcd_Cmd_out_char 
0x041A	0xDE2C      	RCALL       _Lcd_Cmd
;SezB.c,44 :: 		Lcd_Cmd(_LCD_CURSOR_OFF);   // Cursor OFF
0x041C	0x0E0C      	MOVLW       12
0x041E	0x6E55      	MOVWF       FARG_Lcd_Cmd_out_char 
0x0420	0xDE29      	RCALL       _Lcd_Cmd
;SezB.c,47 :: 		IntToStr((int) timer_value, timer);
0x0422	0xF044C039  	MOVFF       main_timer_value_L0, FARG_IntToStr_input
0x0426	0x0E00      	MOVLW       0
0x0428	0x6E45      	MOVWF       FARG_IntToStr_input+1 
0x042A	0x0E2A      	MOVLW       main_timer_L0
0x042C	0x6E46      	MOVWF       FARG_IntToStr_output 
0x042E	0x0E00      	MOVLW       hi_addr(main_timer_L0)
0x0430	0x6E47      	MOVWF       FARG_IntToStr_output+1 
0x0432	0xDEFF      	RCALL       _IntToStr
;SezB.c,48 :: 		strcat(timer, " secondi");
0x0434	0x0E2A      	MOVLW       main_timer_L0
0x0436	0x6E44      	MOVWF       FARG_strcat_to 
0x0438	0x0E00      	MOVLW       hi_addr(main_timer_L0)
0x043A	0x6E45      	MOVWF       FARG_strcat_to+1 
0x043C	0x0E15      	MOVLW       ?lstr1_SezB
0x043E	0x6E46      	MOVWF       FARG_strcat_from 
0x0440	0x0E00      	MOVLW       hi_addr(?lstr1_SezB)
0x0442	0x6E47      	MOVWF       FARG_strcat_from+1 
0x0444	0xDF9F      	RCALL       _strcat
;SezB.c,49 :: 		Lcd_Out(1,1, timer);
0x0446	0x0E01      	MOVLW       1
0x0448	0x6E44      	MOVWF       FARG_Lcd_Out_row 
0x044A	0x0E01      	MOVLW       1
0x044C	0x6E45      	MOVWF       FARG_Lcd_Out_column 
0x044E	0x0E2A      	MOVLW       main_timer_L0
0x0450	0x6E46      	MOVWF       FARG_Lcd_Out_text 
0x0452	0x0E00      	MOVLW       hi_addr(main_timer_L0)
0x0454	0x6E47      	MOVWF       FARG_Lcd_Out_text+1 
0x0456	0xDF59      	RCALL       _Lcd_Out
;SezB.c,51 :: 		while(1){
L_main0:
;SezB.c,54 :: 		if(store_a0 == 0 && PORTA.RA0 == 1){
0x0458	0x0E00      	MOVLW       0
0x045A	0x183B      	XORWF       main_store_a0_L0+1, 0 
0x045C	0xE102      	BNZ         L__main48
0x045E	0x0E00      	MOVLW       0
0x0460	0x183A      	XORWF       main_store_a0_L0, 0 
L__main48:
0x0462	0xE10C      	BNZ         L_main4
0x0464	0xA080      	BTFSS       PORTA, 0 
0x0466	0xD00A      	BRA         L_main4
L__main46:
;SezB.c,55 :: 		T0CON.TMR0ON = 1;
0x0468	0x8ED5      	BSF         T0CON, 7 
;SezB.c,56 :: 		start = 1;
0x046A	0x0E01      	MOVLW       1
0x046C	0x6E42      	MOVWF       main_start_L0 
0x046E	0x0E00      	MOVLW       0
0x0470	0x6E43      	MOVWF       main_start_L0+1 
;SezB.c,57 :: 		store_a0 = 1;
0x0472	0x0E01      	MOVLW       1
0x0474	0x6E3A      	MOVWF       main_store_a0_L0 
0x0476	0x0E00      	MOVLW       0
0x0478	0x6E3B      	MOVWF       main_store_a0_L0+1 
;SezB.c,58 :: 		}
0x047A	0xD00A      	BRA         L_main5
L_main4:
;SezB.c,59 :: 		else if(store_a0 == 1 && PORTA.RA0 == 0)
0x047C	0x0E00      	MOVLW       0
0x047E	0x183B      	XORWF       main_store_a0_L0+1, 0 
0x0480	0xE102      	BNZ         L__main49
0x0482	0x0E01      	MOVLW       1
0x0484	0x183A      	XORWF       main_store_a0_L0, 0 
L__main49:
0x0486	0xE104      	BNZ         L_main8
0x0488	0xB080      	BTFSC       PORTA, 0 
0x048A	0xD002      	BRA         L_main8
L__main45:
;SezB.c,60 :: 		store_a0 = 0;
0x048C	0x6A3A      	CLRF        main_store_a0_L0 
0x048E	0x6A3B      	CLRF        main_store_a0_L0+1 
L_main8:
L_main5:
;SezB.c,62 :: 		if(store_a1 == 0 && PORTA.RA1 == 1){
0x0490	0x0E00      	MOVLW       0
0x0492	0x183D      	XORWF       main_store_a1_L0+1, 0 
0x0494	0xE102      	BNZ         L__main50
0x0496	0x0E00      	MOVLW       0
0x0498	0x183C      	XORWF       main_store_a1_L0, 0 
L__main50:
0x049A	0xE10C      	BNZ         L_main11
0x049C	0xA280      	BTFSS       PORTA, 1 
0x049E	0xD00A      	BRA         L_main11
L__main44:
;SezB.c,63 :: 		T0CON.TMR0ON = 0;
0x04A0	0x9ED5      	BCF         T0CON, 7 
;SezB.c,64 :: 		el_time = 0;
0x04A2	0x6A1E      	CLRF        _el_time 
0x04A4	0x6A1F      	CLRF        _el_time+1 
;SezB.c,65 :: 		start = 0;
0x04A6	0x6A42      	CLRF        main_start_L0 
0x04A8	0x6A43      	CLRF        main_start_L0+1 
;SezB.c,66 :: 		store_a1 = 1;
0x04AA	0x0E01      	MOVLW       1
0x04AC	0x6E3C      	MOVWF       main_store_a1_L0 
0x04AE	0x0E00      	MOVLW       0
0x04B0	0x6E3D      	MOVWF       main_store_a1_L0+1 
;SezB.c,67 :: 		}
0x04B2	0xD00A      	BRA         L_main12
L_main11:
;SezB.c,68 :: 		else if(store_a1 == 1 && PORTA.RA1 == 0)
0x04B4	0x0E00      	MOVLW       0
0x04B6	0x183D      	XORWF       main_store_a1_L0+1, 0 
0x04B8	0xE102      	BNZ         L__main51
0x04BA	0x0E01      	MOVLW       1
0x04BC	0x183C      	XORWF       main_store_a1_L0, 0 
L__main51:
0x04BE	0xE104      	BNZ         L_main15
0x04C0	0xB280      	BTFSC       PORTA, 1 
0x04C2	0xD002      	BRA         L_main15
L__main43:
;SezB.c,69 :: 		store_a1 = 0;
0x04C4	0x6A3C      	CLRF        main_store_a1_L0 
0x04C6	0x6A3D      	CLRF        main_store_a1_L0+1 
L_main15:
L_main12:
;SezB.c,71 :: 		if(store_a2 == 0 && PORTA.RA2 == 1){
0x04C8	0x0E00      	MOVLW       0
0x04CA	0x183F      	XORWF       main_store_a2_L0+1, 0 
0x04CC	0xE102      	BNZ         L__main52
0x04CE	0x0E00      	MOVLW       0
0x04D0	0x183E      	XORWF       main_store_a2_L0, 0 
L__main52:
0x04D2	0xE10C      	BNZ         L_main18
0x04D4	0xA480      	BTFSS       PORTA, 2 
0x04D6	0xD00A      	BRA         L_main18
L__main42:
;SezB.c,72 :: 		if(timer_value<250)
0x04D8	0x0EFA      	MOVLW       250
0x04DA	0x5C39      	SUBWF       main_timer_value_L0, 0 
0x04DC	0xE202      	BC          L_main19
;SezB.c,73 :: 		timer_value += 5;
0x04DE	0x0E05      	MOVLW       5
0x04E0	0x2639      	ADDWF       main_timer_value_L0, 1 
L_main19:
;SezB.c,74 :: 		store_a2 = 1;
0x04E2	0x0E01      	MOVLW       1
0x04E4	0x6E3E      	MOVWF       main_store_a2_L0 
0x04E6	0x0E00      	MOVLW       0
0x04E8	0x6E3F      	MOVWF       main_store_a2_L0+1 
;SezB.c,75 :: 		}
0x04EA	0xD00A      	BRA         L_main20
L_main18:
;SezB.c,76 :: 		else if(store_a2 == 1 && PORTA.RA2 == 0)
0x04EC	0x0E00      	MOVLW       0
0x04EE	0x183F      	XORWF       main_store_a2_L0+1, 0 
0x04F0	0xE102      	BNZ         L__main53
0x04F2	0x0E01      	MOVLW       1
0x04F4	0x183E      	XORWF       main_store_a2_L0, 0 
L__main53:
0x04F6	0xE104      	BNZ         L_main23
0x04F8	0xB480      	BTFSC       PORTA, 2 
0x04FA	0xD002      	BRA         L_main23
L__main41:
;SezB.c,77 :: 		store_a2 = 0;
0x04FC	0x6A3E      	CLRF        main_store_a2_L0 
0x04FE	0x6A3F      	CLRF        main_store_a2_L0+1 
L_main23:
L_main20:
;SezB.c,79 :: 		if(store_a3 == 0 && PORTA.RA3 == 1){
0x0500	0x0E00      	MOVLW       0
0x0502	0x1841      	XORWF       main_store_a3_L0+1, 0 
0x0504	0xE102      	BNZ         L__main54
0x0506	0x0E00      	MOVLW       0
0x0508	0x1840      	XORWF       main_store_a3_L0, 0 
L__main54:
0x050A	0xE10C      	BNZ         L_main26
0x050C	0xA680      	BTFSS       PORTA, 3 
0x050E	0xD00A      	BRA         L_main26
L__main40:
;SezB.c,80 :: 		if(timer_value > 0)
0x0510	0x5039      	MOVF        main_timer_value_L0, 0 
0x0512	0x0800      	SUBLW       0
0x0514	0xE202      	BC          L_main27
;SezB.c,81 :: 		timer_value -= 5;
0x0516	0x0E05      	MOVLW       5
0x0518	0x5E39      	SUBWF       main_timer_value_L0, 1 
L_main27:
;SezB.c,82 :: 		store_a3 = 1;
0x051A	0x0E01      	MOVLW       1
0x051C	0x6E40      	MOVWF       main_store_a3_L0 
0x051E	0x0E00      	MOVLW       0
0x0520	0x6E41      	MOVWF       main_store_a3_L0+1 
;SezB.c,83 :: 		}
0x0522	0xD00A      	BRA         L_main28
L_main26:
;SezB.c,84 :: 		else if(store_a3 == 1 && PORTA.RA3 == 0)
0x0524	0x0E00      	MOVLW       0
0x0526	0x1841      	XORWF       main_store_a3_L0+1, 0 
0x0528	0xE102      	BNZ         L__main55
0x052A	0x0E01      	MOVLW       1
0x052C	0x1840      	XORWF       main_store_a3_L0, 0 
L__main55:
0x052E	0xE104      	BNZ         L_main31
0x0530	0xB680      	BTFSC       PORTA, 3 
0x0532	0xD002      	BRA         L_main31
L__main39:
;SezB.c,85 :: 		store_a3 = 0;
0x0534	0x6A40      	CLRF        main_store_a3_L0 
0x0536	0x6A41      	CLRF        main_store_a3_L0+1 
L_main31:
L_main28:
;SezB.c,89 :: 		if(el_time >= 1000){
0x0538	0x0E03      	MOVLW       3
0x053A	0x5C1F      	SUBWF       _el_time+1, 0 
0x053C	0xE102      	BNZ         L__main56
0x053E	0x0EE8      	MOVLW       232
0x0540	0x5C1E      	SUBWF       _el_time, 0 
L__main56:
0x0542	0xE311      	BNC         L_main32
;SezB.c,91 :: 		if(timer_value >0 && start){
0x0544	0x5039      	MOVF        main_timer_value_L0, 0 
0x0546	0x0800      	SUBLW       0
0x0548	0xE204      	BC          L_main35
0x054A	0x5042      	MOVF        main_start_L0, 0 
0x054C	0x1043      	IORWF       main_start_L0+1, 0 
0x054E	0xA4D8      	BTFSS       STATUS, 2 
L__main38:
;SezB.c,92 :: 		timer_value--;
0x0550	0x0639      	DECF        main_timer_value_L0, 1 
;SezB.c,93 :: 		}
L_main35:
;SezB.c,94 :: 		if(timer_value == 0)
0x0552	0x5039      	MOVF        main_timer_value_L0, 0 
0x0554	0x0A00      	XORLW       0
0x0556	0xB4D8      	BTFSC       STATUS, 2 
;SezB.c,95 :: 		LATE.RE2 = 1;
0x0558	0x848D      	BSF         LATE, 2 
L_main36:
;SezB.c,97 :: 		LATD = timer_value;
0x055A	0xFF8CC039  	MOVFF       main_timer_value_L0, LATD
;SezB.c,98 :: 		el_time -= 1000;
0x055E	0x0EE8      	MOVLW       232
0x0560	0x5E1E      	SUBWF       _el_time, 1 
0x0562	0x0E03      	MOVLW       3
0x0564	0x5A1F      	SUBWFB      _el_time+1, 1 
;SezB.c,99 :: 		}
L_main32:
;SezB.c,102 :: 		IntToStr((int) timer_value, timer);
0x0566	0xF044C039  	MOVFF       main_timer_value_L0, FARG_IntToStr_input
0x056A	0x0E00      	MOVLW       0
0x056C	0x6E45      	MOVWF       FARG_IntToStr_input+1 
0x056E	0x0E2A      	MOVLW       main_timer_L0
0x0570	0x6E46      	MOVWF       FARG_IntToStr_output 
0x0572	0x0E00      	MOVLW       hi_addr(main_timer_L0)
0x0574	0x6E47      	MOVWF       FARG_IntToStr_output+1 
0x0576	0xDE5D      	RCALL       _IntToStr
;SezB.c,103 :: 		strcat(timer, " secondi");
0x0578	0x0E2A      	MOVLW       main_timer_L0
0x057A	0x6E44      	MOVWF       FARG_strcat_to 
0x057C	0x0E00      	MOVLW       hi_addr(main_timer_L0)
0x057E	0x6E45      	MOVWF       FARG_strcat_to+1 
0x0580	0x0E20      	MOVLW       ?lstr2_SezB
0x0582	0x6E46      	MOVWF       FARG_strcat_from 
0x0584	0x0E00      	MOVLW       hi_addr(?lstr2_SezB)
0x0586	0x6E47      	MOVWF       FARG_strcat_from+1 
0x0588	0xDEFD      	RCALL       _strcat
;SezB.c,104 :: 		Lcd_Out(1,1, timer);
0x058A	0x0E01      	MOVLW       1
0x058C	0x6E44      	MOVWF       FARG_Lcd_Out_row 
0x058E	0x0E01      	MOVLW       1
0x0590	0x6E45      	MOVWF       FARG_Lcd_Out_column 
0x0592	0x0E2A      	MOVLW       main_timer_L0
0x0594	0x6E46      	MOVWF       FARG_Lcd_Out_text 
0x0596	0x0E00      	MOVLW       hi_addr(main_timer_L0)
0x0598	0x6E47      	MOVWF       FARG_Lcd_Out_text+1 
0x059A	0xDEB7      	RCALL       _Lcd_Out
;SezB.c,109 :: 		}
0x059C	0xD75D      	BRA         L_main0
;SezB.c,113 :: 		}
L_end_main:
0x059E	0xD7FF      	BRA         $+0
; end of _main
0x05B4	0xF015EE10  	LFSR        1, 21
0x05B8	0x0E14      	MOVLW       20
0x05BA	0x6E00      	MOVWF       R0 
0x05BC	0x0E01      	MOVLW       1
0x05BE	0x6E01      	MOVWF       R1 
0x05C0	0x0EA0      	MOVLW       160
0x05C2	0x6EF6      	MOVWF       TBLPTR 
0x05C4	0x0E05      	MOVLW       5
0x05C6	0x6EF7      	MOVWF       TBLPTRH 
0x05C8	0x0E00      	MOVLW       0
0x05CA	0x6EF8      	MOVWF       TBLPTRU 
0x05CC	0xF000ECC6  	CALL        396, 0
0x05D0	0x0012      	RETURN      0
;SezB.c,0 :: ?ICS?lstr1_SezB
0x05A0	0x7320 ;?ICS?lstr1_SezB+0
0x05A2	0x6365 ;?ICS?lstr1_SezB+2
0x05A4	0x6E6F ;?ICS?lstr1_SezB+4
0x05A6	0x6964 ;?ICS?lstr1_SezB+6
0x05A8	0x00 ;?ICS?lstr1_SezB+8
; end of ?ICS?lstr1_SezB
;SezB.c,0 :: ?ICS_el_time
0x05A9	0x0000 ;?ICS_el_time+0
; end of ?ICS_el_time
;SezB.c,0 :: ?ICS?lstr2_SezB
0x05AB	0x7320 ;?ICS?lstr2_SezB+0
0x05AD	0x6365 ;?ICS?lstr2_SezB+2
0x05AF	0x6E6F ;?ICS?lstr2_SezB+4
0x05B1	0x6964 ;?ICS?lstr2_SezB+6
0x05B3	0x00 ;?ICS?lstr2_SezB+8
; end of ?ICS?lstr2_SezB
Symbol List:
//** Routines locations **
//ADDRESS    SIZE    PROCEDURE
//----------------------------------------------
0x0008      [16]    _interrupt
0x0018       [6]    _Delay_1us
0x001E      [22]    _Delay_5500us
0x0034      [10]    _Delay_50us
0x003E      [54]    _Div_16X16_U
0x0074     [124]    _Lcd_Cmd
0x00F0      [12]    _Lcd_Chr_CP
0x00FC     [144]    _WordToStr
0x018C      [16]    ___CC2DW
0x019C     [150]    _Lcd_Init
0x0232     [216]    _IntToStr
0x030A     [122]    _Lcd_Out
0x0384      [94]    _strcat
0x03E2     [446]    _main
//** Variables locations ** 
//ADDRESS    SIZE    VARIABLE
//----------------------------------------------
0x0000       [1]    R0
0x0001       [1]    __Lib_Conversions_Adjust_Hex_tmp_L0
0x0001       [1]    R1
0x0002       [1]    R2
0x0002       [2]    strlen_cp_L0
0x0002       [2]    memset_pp_L0
0x0002       [2]    memcpy_dd_L0
0x0002       [2]    memchr_s_L0
0x0003       [1]    R3
0x0003       [2]    memmove_tt_L0
0x0003       [2]    Ltrim_original_L0
0x0004       [1]    R4
0x0004       [2]    strncat_cp_L0
0x0004       [2]    strncpy_cp_L0
0x0004       [2]    strcat_cp_L0
0x0004       [2]    strcpy_cp_L0
0x0004       [2]    memcpy_ss_L0
0x0005       [2]    Ltrim_p_L0
0x0005       [2]    LongWordToHex_input_half_L0
0x0005       [1]    R5
0x0005       [2]    memmove_ff_L0
0x0005       [2]    LongIntToHex_input_half_L0
0x0006       [1]    R6
0x0007       [1]    R7
0x0008       [1]    R8
0x0009       [1]    R9
0x000A       [1]    R10
0x000B       [1]    R11
0x000C       [1]    R12
0x000D       [1]    R13
0x000E       [1]    R14
0x000F       [1]    R15
0x0010       [1]    R16
0x0011       [1]    R17
0x0012       [1]    R18
0x0013       [1]    R19
0x0014       [1]    R20
0x0015       [9]    ?lstr1_SezB
0x001E       [2]    _el_time
0x0020       [9]    ?lstr2_SezB
0x0029       [0]    __Lib_Lcd_cmd_status
0x002A      [15]    main_timer_L0
0x0039       [1]    main_timer_value_L0
0x003A       [2]    main_store_a0_L0
0x003C       [2]    main_store_a1_L0
0x003E       [2]    main_store_a2_L0
0x0040       [2]    main_store_a3_L0
0x0042       [2]    main_start_L0
0x0044       [2]    FARG_IntToStr_input
0x0044       [2]    FARG_strcat_to
0x0044       [1]    FARG_Lcd_Out_row
0x0045       [1]    FARG_Lcd_Out_column
0x0046       [2]    FARG_strcat_from
0x0046       [2]    FARG_Lcd_Out_text
0x0046       [2]    FARG_IntToStr_output
0x0048       [2]    IntToStr_i_L0
0x0048       [1]    Lcd_Out_i_L0
0x004A       [2]    IntToStr_negative_L0
0x004C       [2]    IntToStr_inword_L0
0x004E       [2]    FARG_WordToStr_input
0x004E       [1]    FARG_Lcd_Chr_CP_out_char
0x0050       [2]    FARG_WordToStr_output
0x0052       [1]    WordToStr_len_L0
0x0053       [2]    FLOC__WordToStr
0x0055       [1]    FARG_Lcd_Cmd_out_char
0x0F38       [1]    ANSELA
0x0F80       [1]    PORTA
0x0F8A       [0]    LCD_D5
0x0F8A       [0]    LCD_D4
0x0F8A       [0]    LATB3_bit
0x0F8A       [0]    LCD_D6
0x0F8A       [0]    LATB2_bit
0x0F8A       [0]    LCD_RS
0x0F8A       [0]    LATB0_bit
0x0F8A       [0]    LCD_EN
0x0F8A       [0]    LATB1_bit
0x0F8A       [0]    LCD_D7
0x0F8A       [0]    LATB5_bit
0x0F8A       [0]    LATB4_bit
0x0F8C       [1]    LATD
0x0F8D       [1]    LATE
0x0F92       [1]    TRISA
0x0F93       [0]    LCD_D6_Direction
0x0F93       [0]    LCD_D5_Direction
0x0F93       [0]    LCD_D4_Direction
0x0F93       [0]    LCD_RS_Direction
0x0F93       [0]    LCD_EN_Direction
0x0F93       [0]    LCD_D7_Direction
0x0F93       [0]    TRISB3_bit
0x0F93       [0]    TRISB4_bit
0x0F93       [0]    TRISB2_bit
0x0F93       [0]    TRISB0_bit
0x0F93       [0]    TRISB1_bit
0x0F93       [0]    TRISB5_bit
0x0F95       [1]    TRISD
0x0F96       [1]    TRISE
0x0FD5       [1]    T0CON
0x0FD8       [1]    STATUS
0x0FD9       [1]    FSR2L
0x0FDA       [1]    FSR2H
0x0FDE       [1]    POSTINC2
0x0FE0       [1]    BSR
0x0FE1       [1]    FSR1L
0x0FE2       [1]    FSR1H
0x0FE4       [1]    PREINC1
0x0FE6       [1]    POSTINC1
0x0FE7       [1]    INDF1
0x0FE8       [1]    WREG
0x0FE9       [1]    FSR0L
0x0FEA       [1]    FSR0H
0x0FEE       [1]    POSTINC0
0x0FF2       [1]    INTCON
0x0FF3       [1]    PRODL
0x0FF4       [1]    PRODH
0x0FF5       [1]    TABLAT
0x0FF6       [3]    TBLPTR
0x0FF6       [1]    TBLPTRL
0x0FF7       [1]    TBLPTRH
0x0FF8       [1]    TBLPTRU
//** Constants locations ** 
//ADDRESS    SIZE    CONSTANT
//----------------------------------------------
0x05A0       [9]    ?ICS?lstr1_SezB
0x05A9       [2]    ?ICS_el_time
0x05AB       [9]    ?ICS?lstr2_SezB
