;  LST file generated by mikroListExporter - v.2.0 
; Date/Time: 25/06/2024 10:10:22
;----------------------------------------------

;Address Opcode 	ASM
0x0000	0xF001EFC4  	GOTO        904
0x0004	0x0000      	NOP
0x0006	0x0000      	NOP
0x0008	0xF000EF00  	GOTO        0
0x000C	0x0000      	NOP
0x000E	0x0000      	NOP
0x0010	0x0000      	NOP
0x0012	0x0000      	NOP
0x0014	0x0000      	NOP
0x0016	0x0000      	NOP
0x0018	0xD7F3      	BRA         0
_Delay_5500us:
;__Lib_Delays.c,31 :: 		void Delay_5500us() {
;__Lib_Delays.c,32 :: 		Delay_us(5500);
0x001C	0x0E0F      	MOVLW       15
0x001E	0x6E0C      	MOVWF       R12, 0
0x0020	0x0E47      	MOVLW       71
0x0022	0x6E0D      	MOVWF       R13, 0
L_Delay_5500us5:
0x0024	0x2E0D      	DECFSZ      R13, 1, 0
0x0026	0xD7FE      	BRA         L_Delay_5500us5
0x0028	0x2E0C      	DECFSZ      R12, 1, 0
0x002A	0xD7FC      	BRA         L_Delay_5500us5
0x002C	0x0000      	NOP
0x002E	0x0000      	NOP
;__Lib_Delays.c,33 :: 		}
L_end_Delay_5500us:
0x0030	0x0012      	RETURN      0
; end of _Delay_5500us
_Delay_50us:
;__Lib_Delays.c,19 :: 		void Delay_50us() {
;__Lib_Delays.c,20 :: 		Delay_us(50);
0x0032	0x0E21      	MOVLW       33
0x0034	0x6E0D      	MOVWF       R13, 0
L_Delay_50us2:
0x0036	0x2E0D      	DECFSZ      R13, 1, 0
0x0038	0xD7FE      	BRA         L_Delay_50us2
;__Lib_Delays.c,21 :: 		}
L_end_Delay_50us:
0x003A	0x0012      	RETURN      0
; end of _Delay_50us
_Delay_1us:
;__Lib_Delays.c,7 :: 		void Delay_1us() {
;__Lib_Delays.c,8 :: 		Delay_us(1);
0x003C	0x0000      	NOP
0x003E	0x0000      	NOP
;__Lib_Delays.c,9 :: 		}
L_end_Delay_1us:
0x0040	0x0012      	RETURN      0
; end of _Delay_1us
_Lcd_Cmd:
;__Lib_Lcd.c,18 :: 		
;__Lib_Lcd.c,20 :: 		
0x0042	0xBE48      	BTFSC       FARG_Lcd_Cmd_out_char, 7 
0x0044	0xD002      	BRA         L__Lcd_Cmd21
0x0046	0x968A      	BCF         LCD_D7, BitPos(LCD_D7+0) 
0x0048	0xD001      	BRA         L__Lcd_Cmd22
L__Lcd_Cmd21:
0x004A	0x868A      	BSF         LCD_D7, BitPos(LCD_D7+0) 
L__Lcd_Cmd22:
;__Lib_Lcd.c,21 :: 		
0x004C	0xBC48      	BTFSC       FARG_Lcd_Cmd_out_char, 6 
0x004E	0xD002      	BRA         L__Lcd_Cmd23
0x0050	0x948A      	BCF         LCD_D6, BitPos(LCD_D6+0) 
0x0052	0xD001      	BRA         L__Lcd_Cmd24
L__Lcd_Cmd23:
0x0054	0x848A      	BSF         LCD_D6, BitPos(LCD_D6+0) 
L__Lcd_Cmd24:
;__Lib_Lcd.c,22 :: 		
0x0056	0xBA48      	BTFSC       FARG_Lcd_Cmd_out_char, 5 
0x0058	0xD002      	BRA         L__Lcd_Cmd25
0x005A	0x928A      	BCF         LCD_D5, BitPos(LCD_D5+0) 
0x005C	0xD001      	BRA         L__Lcd_Cmd26
L__Lcd_Cmd25:
0x005E	0x828A      	BSF         LCD_D5, BitPos(LCD_D5+0) 
L__Lcd_Cmd26:
;__Lib_Lcd.c,23 :: 		
0x0060	0xB848      	BTFSC       FARG_Lcd_Cmd_out_char, 4 
0x0062	0xD002      	BRA         L__Lcd_Cmd27
0x0064	0x908A      	BCF         LCD_D4, BitPos(LCD_D4+0) 
0x0066	0xD001      	BRA         L__Lcd_Cmd28
L__Lcd_Cmd27:
0x0068	0x808A      	BSF         LCD_D4, BitPos(LCD_D4+0) 
L__Lcd_Cmd28:
;__Lib_Lcd.c,25 :: 		
0x006A	0xB02A      	BTFSC       __Lib_Lcd_cmd_status, BitPos(__Lib_Lcd_cmd_status+0) 
0x006C	0xD002      	BRA         L__Lcd_Cmd29
0x006E	0x888A      	BSF         LCD_RS, BitPos(LCD_RS+0) 
0x0070	0xD001      	BRA         L__Lcd_Cmd30
L__Lcd_Cmd29:
0x0072	0x988A      	BCF         LCD_RS, BitPos(LCD_RS+0) 
L__Lcd_Cmd30:
;__Lib_Lcd.c,28 :: 		
0x0074	0x8A8A      	BSF         LCD_EN, BitPos(LCD_EN+0) 
;__Lib_Lcd.c,29 :: 		
0x0076	0xDFE2      	RCALL       _Delay_1us
;__Lib_Lcd.c,30 :: 		
0x0078	0x9A8A      	BCF         LCD_EN, BitPos(LCD_EN+0) 
;__Lib_Lcd.c,33 :: 		
0x007A	0xB648      	BTFSC       FARG_Lcd_Cmd_out_char, 3 
0x007C	0xD002      	BRA         L__Lcd_Cmd31
0x007E	0x968A      	BCF         LCD_D7, BitPos(LCD_D7+0) 
0x0080	0xD001      	BRA         L__Lcd_Cmd32
L__Lcd_Cmd31:
0x0082	0x868A      	BSF         LCD_D7, BitPos(LCD_D7+0) 
L__Lcd_Cmd32:
;__Lib_Lcd.c,34 :: 		
0x0084	0xB448      	BTFSC       FARG_Lcd_Cmd_out_char, 2 
0x0086	0xD002      	BRA         L__Lcd_Cmd33
0x0088	0x948A      	BCF         LCD_D6, BitPos(LCD_D6+0) 
0x008A	0xD001      	BRA         L__Lcd_Cmd34
L__Lcd_Cmd33:
0x008C	0x848A      	BSF         LCD_D6, BitPos(LCD_D6+0) 
L__Lcd_Cmd34:
;__Lib_Lcd.c,35 :: 		
0x008E	0xB248      	BTFSC       FARG_Lcd_Cmd_out_char, 1 
0x0090	0xD002      	BRA         L__Lcd_Cmd35
0x0092	0x928A      	BCF         LCD_D5, BitPos(LCD_D5+0) 
0x0094	0xD001      	BRA         L__Lcd_Cmd36
L__Lcd_Cmd35:
0x0096	0x828A      	BSF         LCD_D5, BitPos(LCD_D5+0) 
L__Lcd_Cmd36:
;__Lib_Lcd.c,36 :: 		
0x0098	0xB048      	BTFSC       FARG_Lcd_Cmd_out_char, 0 
0x009A	0xD002      	BRA         L__Lcd_Cmd37
0x009C	0x908A      	BCF         LCD_D4, BitPos(LCD_D4+0) 
0x009E	0xD001      	BRA         L__Lcd_Cmd38
L__Lcd_Cmd37:
0x00A0	0x808A      	BSF         LCD_D4, BitPos(LCD_D4+0) 
L__Lcd_Cmd38:
;__Lib_Lcd.c,38 :: 		
0x00A2	0xB02A      	BTFSC       __Lib_Lcd_cmd_status, BitPos(__Lib_Lcd_cmd_status+0) 
0x00A4	0xD002      	BRA         L__Lcd_Cmd39
0x00A6	0x888A      	BSF         LCD_RS, BitPos(LCD_RS+0) 
0x00A8	0xD001      	BRA         L__Lcd_Cmd40
L__Lcd_Cmd39:
0x00AA	0x988A      	BCF         LCD_RS, BitPos(LCD_RS+0) 
L__Lcd_Cmd40:
;__Lib_Lcd.c,40 :: 		
0x00AC	0x8A8A      	BSF         LCD_EN, BitPos(LCD_EN+0) 
;__Lib_Lcd.c,41 :: 		
0x00AE	0xDFC6      	RCALL       _Delay_1us
;__Lib_Lcd.c,42 :: 		
0x00B0	0x9A8A      	BCF         LCD_EN, BitPos(LCD_EN+0) 
;__Lib_Lcd.c,44 :: 		
0x00B2	0xA02A      	BTFSS       __Lib_Lcd_cmd_status, BitPos(__Lib_Lcd_cmd_status+0) 
0x00B4	0xD002      	BRA         L_Lcd_Cmd0
;__Lib_Lcd.c,45 :: 		
0x00B6	0xDFB2      	RCALL       _Delay_5500us
0x00B8	0xD001      	BRA         L_Lcd_Cmd1
L_Lcd_Cmd0:
;__Lib_Lcd.c,47 :: 		
0x00BA	0xDFBB      	RCALL       _Delay_50us
L_Lcd_Cmd1:
;__Lib_Lcd.c,48 :: 		
L_end_Lcd_Cmd:
0x00BC	0x0012      	RETURN      0
; end of _Lcd_Cmd
_Div_16X16_U:
;__Lib_Math.c,102 :: 		
;__Lib_Math.c,109 :: 		
0x00BE	0x6A08      	CLRF        R8, 0
;__Lib_Math.c,110 :: 		
0x00C0	0x6A09      	CLRF        R9, 0
;__Lib_Math.c,111 :: 		
0x00C2	0x0E10      	MOVLW       16
;__Lib_Math.c,112 :: 		
0x00C4	0x6E0C      	MOVWF       R12, 0
;__Lib_Math.c,113 :: 		
0x00C6	0x3401      	RLCF        R1, 0, 0
;__Lib_Math.c,114 :: 		
0x00C8	0x3608      	RLCF        R8, 1, 0
;__Lib_Math.c,115 :: 		
0x00CA	0x3609      	RLCF        R9, 1, 0
;__Lib_Math.c,116 :: 		
0x00CC	0x5004      	MOVF        R4, 0, 0
;__Lib_Math.c,117 :: 		
0x00CE	0x5E08      	SUBWF       R8, 1, 0
;__Lib_Math.c,118 :: 		
0x00D0	0x5005      	MOVF        R5, 0, 0
;__Lib_Math.c,119 :: 		
0x00D2	0xA0D8      	BTFSS       STATUS, 0, 0
;__Lib_Math.c,120 :: 		
0x00D4	0x3C05      	INCFSZ      R5, 0, 0
;__Lib_Math.c,121 :: 		
0x00D6	0x5E09      	SUBWF       R9, 1, 0
;__Lib_Math.c,122 :: 		
0x00D8	0xB0D8      	BTFSC       STATUS, 0, 0
;__Lib_Math.c,123 :: 		
0x00DA	0xD007      	BRA         $+16
;__Lib_Math.c,124 :: 		
0x00DC	0x5004      	MOVF        R4, 0, 0
;__Lib_Math.c,125 :: 		
0x00DE	0x2608      	ADDWF       R8, 1, 0
;__Lib_Math.c,126 :: 		
0x00E0	0x5005      	MOVF        R5, 0, 0
;__Lib_Math.c,127 :: 		
0x00E2	0xB0D8      	BTFSC       STATUS, 0, 0
;__Lib_Math.c,128 :: 		
0x00E4	0x3C05      	INCFSZ      R5, 0, 0
;__Lib_Math.c,129 :: 		
0x00E6	0x2609      	ADDWF       R9, 1, 0
;__Lib_Math.c,130 :: 		
0x00E8	0x90D8      	BCF         STATUS, 0, 0
;__Lib_Math.c,131 :: 		
0x00EA	0x3600      	RLCF        R0, 1, 0
;__Lib_Math.c,132 :: 		
0x00EC	0x3601      	RLCF        R1, 1, 0
;__Lib_Math.c,133 :: 		
0x00EE	0x2E0C      	DECFSZ      R12, 1, 0
;__Lib_Math.c,134 :: 		
0x00F0	0xD7EA      	BRA         $-42
;__Lib_Math.c,136 :: 		
L_end_Div_16X16_U:
0x00F2	0x0012      	RETURN      0
; end of _Div_16X16_U
_WordToStr:
;__Lib_Conversions.c,98 :: 		
;__Lib_Conversions.c,103 :: 		
0x00F4	0x6A45      	CLRF        WordToStr_len_L0 
L_WordToStr11:
0x00F6	0x0E05      	MOVLW       5
0x00F8	0x5C45      	SUBWF       WordToStr_len_L0, 0 
0x00FA	0xE20A      	BC          L_WordToStr12
;__Lib_Conversions.c,104 :: 		
0x00FC	0x5045      	MOVF        WordToStr_len_L0, 0 
0x00FE	0x2443      	ADDWF       FARG_WordToStr_output, 0 
0x0100	0x6EE1      	MOVWF       FSR1L 
0x0102	0x0E00      	MOVLW       0
0x0104	0x2044      	ADDWFC      FARG_WordToStr_output+1, 0 
0x0106	0x6EE2      	MOVWF       FSR1L+1 
0x0108	0x0E20      	MOVLW       32
0x010A	0x6EE6      	MOVWF       POSTINC1 
;__Lib_Conversions.c,103 :: 		
0x010C	0x2A45      	INCF        WordToStr_len_L0, 1 
;__Lib_Conversions.c,104 :: 		
0x010E	0xD7F3      	BRA         L_WordToStr11
L_WordToStr12:
;__Lib_Conversions.c,105 :: 		
0x0110	0x5045      	MOVF        WordToStr_len_L0, 0 
0x0112	0x2443      	ADDWF       FARG_WordToStr_output, 0 
0x0114	0x6EE1      	MOVWF       FSR1L 
0x0116	0x0E00      	MOVLW       0
0x0118	0x2044      	ADDWFC      FARG_WordToStr_output+1, 0 
0x011A	0x6EE2      	MOVWF       FSR1L+1 
0x011C	0x6AE6      	CLRF        POSTINC1 
0x011E	0x0645      	DECF        WordToStr_len_L0, 1 
;__Lib_Conversions.c,107 :: 		
L_WordToStr14:
;__Lib_Conversions.c,108 :: 		
0x0120	0x5045      	MOVF        WordToStr_len_L0, 0 
0x0122	0x2443      	ADDWF       FARG_WordToStr_output, 0 
0x0124	0x6E46      	MOVWF       FLOC__WordToStr 
0x0126	0x0E00      	MOVLW       0
0x0128	0x2044      	ADDWFC      FARG_WordToStr_output+1, 0 
0x012A	0x6E47      	MOVWF       FLOC__WordToStr+1 
0x012C	0x0E0A      	MOVLW       10
0x012E	0x6E04      	MOVWF       R4 
0x0130	0x0E00      	MOVLW       0
0x0132	0x6E05      	MOVWF       R5 
0x0134	0xF000C041  	MOVFF       FARG_WordToStr_input, R0
0x0138	0xF001C042  	MOVFF       FARG_WordToStr_input+1, R1
0x013C	0xDFC0      	RCALL       _Div_16X16_U
0x013E	0xF000C008  	MOVFF       R8, R0
0x0142	0xF001C009  	MOVFF       R9, R1
0x0146	0x0E30      	MOVLW       48
0x0148	0x2600      	ADDWF       R0, 1 
0x014A	0xFFE1C046  	MOVFF       FLOC__WordToStr, FSR1L
0x014E	0xFFE2C047  	MOVFF       FLOC__WordToStr+1, FSR1H
0x0152	0xFFE6C000  	MOVFF       R0, POSTINC1
;__Lib_Conversions.c,109 :: 		
0x0156	0x0E0A      	MOVLW       10
0x0158	0x6E04      	MOVWF       R4 
0x015A	0x0E00      	MOVLW       0
0x015C	0x6E05      	MOVWF       R5 
0x015E	0xF000C041  	MOVFF       FARG_WordToStr_input, R0
0x0162	0xF001C042  	MOVFF       FARG_WordToStr_input+1, R1
0x0166	0xDFAB      	RCALL       _Div_16X16_U
0x0168	0xF041C000  	MOVFF       R0, FARG_WordToStr_input
0x016C	0xF042C001  	MOVFF       R1, FARG_WordToStr_input+1
;__Lib_Conversions.c,110 :: 		
0x0170	0x0E00      	MOVLW       0
0x0172	0x1801      	XORWF       R1, 0 
0x0174	0xE102      	BNZ         L__WordToStr379
0x0176	0x0E00      	MOVLW       0
0x0178	0x1800      	XORWF       R0, 0 
L__WordToStr379:
0x017A	0xE101      	BNZ         L_WordToStr16
;__Lib_Conversions.c,111 :: 		
0x017C	0xD002      	BRA         L_WordToStr15
L_WordToStr16:
;__Lib_Conversions.c,112 :: 		
0x017E	0x0645      	DECF        WordToStr_len_L0, 1 
;__Lib_Conversions.c,113 :: 		
0x0180	0xD7CF      	BRA         L_WordToStr14
L_WordToStr15:
;__Lib_Conversions.c,114 :: 		
L_end_WordToStr:
0x0182	0x0012      	RETURN      0
; end of _WordToStr
_Lcd_Chr_CP:
;__Lib_Lcd.c,50 :: 		
;__Lib_Lcd.c,52 :: 		
0x0184	0x902A      	BCF         __Lib_Lcd_cmd_status, BitPos(__Lib_Lcd_cmd_status+0) 
;__Lib_Lcd.c,53 :: 		
0x0186	0xF048C041  	MOVFF       FARG_Lcd_Chr_CP_out_char, FARG_Lcd_Cmd_out_char
0x018A	0xDF5B      	RCALL       _Lcd_Cmd
;__Lib_Lcd.c,54 :: 		
0x018C	0x802A      	BSF         __Lib_Lcd_cmd_status, BitPos(__Lib_Lcd_cmd_status+0) 
;__Lib_Lcd.c,55 :: 		
L_end_Lcd_Chr_CP:
0x018E	0x0012      	RETURN      0
; end of _Lcd_Chr_CP
_Lcd_Init:
;__Lib_Lcd.c,84 :: 		
;__Lib_Lcd.c,86 :: 		
0x0190	0x9A93      	BCF         LCD_EN_Direction, BitPos(LCD_EN_Direction+0) 
;__Lib_Lcd.c,87 :: 		
0x0192	0x9893      	BCF         LCD_RS_Direction, BitPos(LCD_RS_Direction+0) 
;__Lib_Lcd.c,88 :: 		
0x0194	0x9093      	BCF         LCD_D4_Direction, BitPos(LCD_D4_Direction+0) 
;__Lib_Lcd.c,89 :: 		
0x0196	0x9293      	BCF         LCD_D5_Direction, BitPos(LCD_D5_Direction+0) 
;__Lib_Lcd.c,90 :: 		
0x0198	0x9493      	BCF         LCD_D6_Direction, BitPos(LCD_D6_Direction+0) 
;__Lib_Lcd.c,91 :: 		
0x019A	0x9693      	BCF         LCD_D7_Direction, BitPos(LCD_D7_Direction+0) 
;__Lib_Lcd.c,93 :: 		
0x019C	0x9A8A      	BCF         LCD_EN, BitPos(LCD_EN+0) 
;__Lib_Lcd.c,94 :: 		
0x019E	0x988A      	BCF         LCD_RS, BitPos(LCD_RS+0) 
;__Lib_Lcd.c,95 :: 		
0x01A0	0x968A      	BCF         LCD_D7, BitPos(LCD_D7+0) 
;__Lib_Lcd.c,96 :: 		
0x01A2	0x948A      	BCF         LCD_D6, BitPos(LCD_D6+0) 
;__Lib_Lcd.c,97 :: 		
0x01A4	0x928A      	BCF         LCD_D5, BitPos(LCD_D5+0) 
;__Lib_Lcd.c,98 :: 		
0x01A6	0x908A      	BCF         LCD_D4, BitPos(LCD_D4+0) 
;__Lib_Lcd.c,100 :: 		
0x01A8	0xDF39      	RCALL       _Delay_5500us
;__Lib_Lcd.c,101 :: 		
0x01AA	0xDF38      	RCALL       _Delay_5500us
;__Lib_Lcd.c,102 :: 		
0x01AC	0xDF37      	RCALL       _Delay_5500us
;__Lib_Lcd.c,105 :: 		
0x01AE	0x828A      	BSF         LCD_D5, BitPos(LCD_D5+0) 
;__Lib_Lcd.c,106 :: 		
0x01B0	0x808A      	BSF         LCD_D4, BitPos(LCD_D4+0) 
;__Lib_Lcd.c,107 :: 		
0x01B2	0x8A8A      	BSF         LCD_EN, BitPos(LCD_EN+0) 
;__Lib_Lcd.c,108 :: 		
0x01B4	0xDF43      	RCALL       _Delay_1us
;__Lib_Lcd.c,109 :: 		
0x01B6	0x9A8A      	BCF         LCD_EN, BitPos(LCD_EN+0) 
;__Lib_Lcd.c,110 :: 		
0x01B8	0xDF31      	RCALL       _Delay_5500us
;__Lib_Lcd.c,112 :: 		
0x01BA	0x8A8A      	BSF         LCD_EN, BitPos(LCD_EN+0) 
;__Lib_Lcd.c,113 :: 		
0x01BC	0xDF3F      	RCALL       _Delay_1us
;__Lib_Lcd.c,114 :: 		
0x01BE	0x9A8A      	BCF         LCD_EN, BitPos(LCD_EN+0) 
;__Lib_Lcd.c,115 :: 		
0x01C0	0xDF2D      	RCALL       _Delay_5500us
;__Lib_Lcd.c,117 :: 		
0x01C2	0x8A8A      	BSF         LCD_EN, BitPos(LCD_EN+0) 
;__Lib_Lcd.c,118 :: 		
0x01C4	0xDF3B      	RCALL       _Delay_1us
;__Lib_Lcd.c,119 :: 		
0x01C6	0x9A8A      	BCF         LCD_EN, BitPos(LCD_EN+0) 
;__Lib_Lcd.c,120 :: 		
0x01C8	0xDF29      	RCALL       _Delay_5500us
;__Lib_Lcd.c,123 :: 		
0x01CA	0x908A      	BCF         LCD_D4, BitPos(LCD_D4+0) 
;__Lib_Lcd.c,124 :: 		
0x01CC	0x8A8A      	BSF         LCD_EN, BitPos(LCD_EN+0) 
;__Lib_Lcd.c,125 :: 		
0x01CE	0xDF36      	RCALL       _Delay_1us
;__Lib_Lcd.c,126 :: 		
0x01D0	0x9A8A      	BCF         LCD_EN, BitPos(LCD_EN+0) 
;__Lib_Lcd.c,127 :: 		
0x01D2	0xDF24      	RCALL       _Delay_5500us
;__Lib_Lcd.c,130 :: 		
0x01D4	0x8A8A      	BSF         LCD_EN, BitPos(LCD_EN+0) 
;__Lib_Lcd.c,131 :: 		
0x01D6	0xDF32      	RCALL       _Delay_1us
;__Lib_Lcd.c,132 :: 		
0x01D8	0x9A8A      	BCF         LCD_EN, BitPos(LCD_EN+0) 
;__Lib_Lcd.c,134 :: 		
0x01DA	0x928A      	BCF         LCD_D5, BitPos(LCD_D5+0) 
;__Lib_Lcd.c,135 :: 		
0x01DC	0x868A      	BSF         LCD_D7, BitPos(LCD_D7+0) 
;__Lib_Lcd.c,136 :: 		
0x01DE	0x8A8A      	BSF         LCD_EN, BitPos(LCD_EN+0) 
;__Lib_Lcd.c,137 :: 		
0x01E0	0xDF2D      	RCALL       _Delay_1us
;__Lib_Lcd.c,138 :: 		
0x01E2	0x9A8A      	BCF         LCD_EN, BitPos(LCD_EN+0) 
;__Lib_Lcd.c,139 :: 		
0x01E4	0xDF1B      	RCALL       _Delay_5500us
;__Lib_Lcd.c,142 :: 		
0x01E6	0x968A      	BCF         LCD_D7, BitPos(LCD_D7+0) 
;__Lib_Lcd.c,143 :: 		
0x01E8	0x808A      	BSF         LCD_D4, BitPos(LCD_D4+0) 
;__Lib_Lcd.c,144 :: 		
0x01EA	0x8A8A      	BSF         LCD_EN, BitPos(LCD_EN+0) 
;__Lib_Lcd.c,145 :: 		
0x01EC	0xDF27      	RCALL       _Delay_1us
;__Lib_Lcd.c,146 :: 		
0x01EE	0x9A8A      	BCF         LCD_EN, BitPos(LCD_EN+0) 
;__Lib_Lcd.c,148 :: 		
0x01F0	0x908A      	BCF         LCD_D4, BitPos(LCD_D4+0) 
;__Lib_Lcd.c,149 :: 		
0x01F2	0x8A8A      	BSF         LCD_EN, BitPos(LCD_EN+0) 
;__Lib_Lcd.c,150 :: 		
0x01F4	0xDF23      	RCALL       _Delay_1us
;__Lib_Lcd.c,151 :: 		
0x01F6	0x9A8A      	BCF         LCD_EN, BitPos(LCD_EN+0) 
;__Lib_Lcd.c,152 :: 		
0x01F8	0xDF11      	RCALL       _Delay_5500us
;__Lib_Lcd.c,155 :: 		
0x01FA	0x8A8A      	BSF         LCD_EN, BitPos(LCD_EN+0) 
;__Lib_Lcd.c,156 :: 		
0x01FC	0xDF1F      	RCALL       _Delay_1us
;__Lib_Lcd.c,157 :: 		
0x01FE	0x9A8A      	BCF         LCD_EN, BitPos(LCD_EN+0) 
;__Lib_Lcd.c,159 :: 		
0x0200	0x808A      	BSF         LCD_D4, BitPos(LCD_D4+0) 
;__Lib_Lcd.c,160 :: 		
0x0202	0x8A8A      	BSF         LCD_EN, BitPos(LCD_EN+0) 
;__Lib_Lcd.c,161 :: 		
0x0204	0xDF1B      	RCALL       _Delay_1us
;__Lib_Lcd.c,162 :: 		
0x0206	0x9A8A      	BCF         LCD_EN, BitPos(LCD_EN+0) 
;__Lib_Lcd.c,163 :: 		
0x0208	0xDF09      	RCALL       _Delay_5500us
;__Lib_Lcd.c,166 :: 		
0x020A	0x908A      	BCF         LCD_D4, BitPos(LCD_D4+0) 
;__Lib_Lcd.c,167 :: 		
0x020C	0x8A8A      	BSF         LCD_EN, BitPos(LCD_EN+0) 
;__Lib_Lcd.c,168 :: 		
0x020E	0xDF16      	RCALL       _Delay_1us
;__Lib_Lcd.c,169 :: 		
0x0210	0x9A8A      	BCF         LCD_EN, BitPos(LCD_EN+0) 
;__Lib_Lcd.c,171 :: 		
0x0212	0x868A      	BSF         LCD_D7, BitPos(LCD_D7+0) 
;__Lib_Lcd.c,172 :: 		
0x0214	0x848A      	BSF         LCD_D6, BitPos(LCD_D6+0) 
;__Lib_Lcd.c,173 :: 		
0x0216	0x828A      	BSF         LCD_D5, BitPos(LCD_D5+0) 
;__Lib_Lcd.c,174 :: 		
0x0218	0x808A      	BSF         LCD_D4, BitPos(LCD_D4+0) 
;__Lib_Lcd.c,175 :: 		
0x021A	0x8A8A      	BSF         LCD_EN, BitPos(LCD_EN+0) 
;__Lib_Lcd.c,176 :: 		
0x021C	0xDF0F      	RCALL       _Delay_1us
;__Lib_Lcd.c,177 :: 		
0x021E	0x9A8A      	BCF         LCD_EN, BitPos(LCD_EN+0) 
;__Lib_Lcd.c,179 :: 		
0x0220	0xDEFD      	RCALL       _Delay_5500us
;__Lib_Lcd.c,181 :: 		
0x0222	0x802A      	BSF         __Lib_Lcd_cmd_status, BitPos(__Lib_Lcd_cmd_status+0) 
;__Lib_Lcd.c,182 :: 		
L_end_Lcd_Init:
0x0224	0x0012      	RETURN      0
; end of _Lcd_Init
___CC2DW:
;__Lib_System.c,21 :: 		
;__Lib_System.c,23 :: 		
_CC2DL_Loop1:
;__Lib_System.c,24 :: 		
0x0226	0x0009      	TBLRD*+
;__Lib_System.c,25 :: 		
0x0228	0xFFE6CFF5  	MOVFF       TABLAT, POSTINC1
;__Lib_System.c,26 :: 		
0x022C	0x0600      	DECF        R0, 1, 0
;__Lib_System.c,27 :: 		
0x022E	0xE1FB      	BNZ         _CC2DL_Loop1
;__Lib_System.c,28 :: 		
0x0230	0x0601      	DECF        R1, 1, 0
;__Lib_System.c,29 :: 		
0x0232	0xE1F9      	BNZ         _CC2DL_Loop1
;__Lib_System.c,31 :: 		
L_end___CC2DW:
0x0234	0x0012      	RETURN      0
; end of ___CC2DW
_IntToStr:
;__Lib_Conversions.c,195 :: 		
;__Lib_Conversions.c,201 :: 		
0x0236	0x6A3D      	CLRF        IntToStr_negative_L0 
0x0238	0x6A3E      	CLRF        IntToStr_negative_L0+1 
;__Lib_Conversions.c,202 :: 		
0x023A	0xF03FC037  	MOVFF       FARG_IntToStr_input, IntToStr_inword_L0
0x023E	0xF040C038  	MOVFF       FARG_IntToStr_input+1, IntToStr_inword_L0+1
;__Lib_Conversions.c,203 :: 		
0x0242	0x0E80      	MOVLW       128
0x0244	0x1838      	XORWF       FARG_IntToStr_input+1, 0 
0x0246	0x6E00      	MOVWF       R0 
0x0248	0x0E80      	MOVLW       128
0x024A	0x5C00      	SUBWF       R0, 0 
0x024C	0xE102      	BNZ         L__IntToStr387
0x024E	0x0E00      	MOVLW       0
0x0250	0x5C37      	SUBWF       FARG_IntToStr_input, 0 
L__IntToStr387:
0x0252	0xE20B      	BC          L_IntToStr37
;__Lib_Conversions.c,204 :: 		
0x0254	0x0E01      	MOVLW       1
0x0256	0x6E3D      	MOVWF       IntToStr_negative_L0 
0x0258	0x0E00      	MOVLW       0
0x025A	0x6E3E      	MOVWF       IntToStr_negative_L0+1 
;__Lib_Conversions.c,205 :: 		
0x025C	0x5037      	MOVF        FARG_IntToStr_input, 0 
0x025E	0x0800      	SUBLW       0
0x0260	0x6E3F      	MOVWF       IntToStr_inword_L0 
0x0262	0xF040C038  	MOVFF       FARG_IntToStr_input+1, IntToStr_inword_L0+1
0x0266	0x0E00      	MOVLW       0
0x0268	0x5640      	SUBFWB      IntToStr_inword_L0+1, 1 
;__Lib_Conversions.c,206 :: 		
L_IntToStr37:
;__Lib_Conversions.c,207 :: 		
0x026A	0xF041C03F  	MOVFF       IntToStr_inword_L0, FARG_WordToStr_input
0x026E	0xF042C040  	MOVFF       IntToStr_inword_L0+1, FARG_WordToStr_input+1
0x0272	0xF043C039  	MOVFF       FARG_IntToStr_output, FARG_WordToStr_output
0x0276	0xF044C03A  	MOVFF       FARG_IntToStr_output+1, FARG_WordToStr_output+1
0x027A	0xDF3C      	RCALL       _WordToStr
;__Lib_Conversions.c,209 :: 		
0x027C	0x0E06      	MOVLW       6
0x027E	0x6E3B      	MOVWF       IntToStr_i_L0 
0x0280	0x0E00      	MOVLW       0
0x0282	0x6E3C      	MOVWF       IntToStr_i_L0+1 
;__Lib_Conversions.c,210 :: 		
L_IntToStr38:
0x0284	0x0E00      	MOVLW       0
0x0286	0x6E00      	MOVWF       R0 
0x0288	0x503C      	MOVF        IntToStr_i_L0+1, 0 
0x028A	0x5C00      	SUBWF       R0, 0 
0x028C	0xE102      	BNZ         L__IntToStr388
0x028E	0x503B      	MOVF        IntToStr_i_L0, 0 
0x0290	0x0800      	SUBLW       0
L__IntToStr388:
0x0292	0xE219      	BC          L_IntToStr39
;__Lib_Conversions.c,211 :: 		
0x0294	0x503B      	MOVF        IntToStr_i_L0, 0 
0x0296	0x2439      	ADDWF       FARG_IntToStr_output, 0 
0x0298	0x6EE1      	MOVWF       FSR1L 
0x029A	0x503C      	MOVF        IntToStr_i_L0+1, 0 
0x029C	0x203A      	ADDWFC      FARG_IntToStr_output+1, 0 
0x029E	0x6EE2      	MOVWF       FSR1L+1 
0x02A0	0x0E01      	MOVLW       1
0x02A2	0x5C3B      	SUBWF       IntToStr_i_L0, 0 
0x02A4	0x6E00      	MOVWF       R0 
0x02A6	0x0E00      	MOVLW       0
0x02A8	0x583C      	SUBWFB      IntToStr_i_L0+1, 0 
0x02AA	0x6E01      	MOVWF       R1 
0x02AC	0x5000      	MOVF        R0, 0 
0x02AE	0x2439      	ADDWF       FARG_IntToStr_output, 0 
0x02B0	0x6EE9      	MOVWF       FSR0L 
0x02B2	0x5001      	MOVF        R1, 0 
0x02B4	0x203A      	ADDWFC      FARG_IntToStr_output+1, 0 
0x02B6	0x6EEA      	MOVWF       FSR0L+1 
0x02B8	0xFFE6CFEE  	MOVFF       POSTINC0, POSTINC1
;__Lib_Conversions.c,212 :: 		
0x02BC	0x0E01      	MOVLW       1
0x02BE	0x5E3B      	SUBWF       IntToStr_i_L0, 1 
0x02C0	0x0E00      	MOVLW       0
0x02C2	0x5A3C      	SUBWFB      IntToStr_i_L0+1, 1 
;__Lib_Conversions.c,213 :: 		
0x02C4	0xD7DF      	BRA         L_IntToStr38
L_IntToStr39:
;__Lib_Conversions.c,214 :: 		
0x02C6	0xFFE1C039  	MOVFF       FARG_IntToStr_output, FSR1L
0x02CA	0xFFE2C03A  	MOVFF       FARG_IntToStr_output+1, FSR1H
0x02CE	0x0E20      	MOVLW       32
0x02D0	0x6EE6      	MOVWF       POSTINC1 
;__Lib_Conversions.c,215 :: 		
0x02D2	0x503D      	MOVF        IntToStr_negative_L0, 0 
0x02D4	0x103E      	IORWF       IntToStr_negative_L0+1, 0 
0x02D6	0xE01A      	BZ          L_IntToStr40
;__Lib_Conversions.c,216 :: 		
0x02D8	0x6A3B      	CLRF        IntToStr_i_L0 
0x02DA	0x6A3C      	CLRF        IntToStr_i_L0+1 
;__Lib_Conversions.c,217 :: 		
L_IntToStr41:
0x02DC	0x503B      	MOVF        IntToStr_i_L0, 0 
0x02DE	0x2439      	ADDWF       FARG_IntToStr_output, 0 
0x02E0	0x6EE9      	MOVWF       FSR0L 
0x02E2	0x503C      	MOVF        IntToStr_i_L0+1, 0 
0x02E4	0x203A      	ADDWFC      FARG_IntToStr_output+1, 0 
0x02E6	0x6EEA      	MOVWF       FSR0L+1 
0x02E8	0x50EE      	MOVF        POSTINC0, 0 
0x02EA	0x0A20      	XORLW       32
0x02EC	0xE103      	BNZ         L_IntToStr42
0x02EE	0x4A3B      	INFSNZ      IntToStr_i_L0, 1 
0x02F0	0x2A3C      	INCF        IntToStr_i_L0+1, 1 
0x02F2	0xD7F4      	BRA         L_IntToStr41
L_IntToStr42:
;__Lib_Conversions.c,218 :: 		
0x02F4	0x0E01      	MOVLW       1
0x02F6	0x5E3B      	SUBWF       IntToStr_i_L0, 1 
0x02F8	0x0E00      	MOVLW       0
0x02FA	0x5A3C      	SUBWFB      IntToStr_i_L0+1, 1 
;__Lib_Conversions.c,219 :: 		
0x02FC	0x503B      	MOVF        IntToStr_i_L0, 0 
0x02FE	0x2439      	ADDWF       FARG_IntToStr_output, 0 
0x0300	0x6EE1      	MOVWF       FSR1L 
0x0302	0x503C      	MOVF        IntToStr_i_L0+1, 0 
0x0304	0x203A      	ADDWFC      FARG_IntToStr_output+1, 0 
0x0306	0x6EE2      	MOVWF       FSR1L+1 
0x0308	0x0E2D      	MOVLW       45
0x030A	0x6EE6      	MOVWF       POSTINC1 
L_IntToStr40:
;__Lib_Conversions.c,220 :: 		
L_end_IntToStr:
0x030C	0x0012      	RETURN      0
; end of _IntToStr
_Lcd_Out:
;__Lib_Lcd.c,184 :: 		
;__Lib_Lcd.c,187 :: 		
0x030E	0xD00F      	BRA         L_Lcd_Out11
;__Lib_Lcd.c,188 :: 		
L_Lcd_Out13:
0x0310	0x0E80      	MOVLW       128
0x0312	0x6E37      	MOVWF       FARG_Lcd_Out_row 
0x0314	0xD019      	BRA         L_Lcd_Out12
;__Lib_Lcd.c,189 :: 		
L_Lcd_Out14:
0x0316	0x0EC0      	MOVLW       192
0x0318	0x6E37      	MOVWF       FARG_Lcd_Out_row 
0x031A	0xD016      	BRA         L_Lcd_Out12
;__Lib_Lcd.c,190 :: 		
L_Lcd_Out15:
0x031C	0x0E94      	MOVLW       148
0x031E	0x6E37      	MOVWF       FARG_Lcd_Out_row 
0x0320	0xD013      	BRA         L_Lcd_Out12
;__Lib_Lcd.c,191 :: 		
L_Lcd_Out16:
0x0322	0x0ED4      	MOVLW       212
0x0324	0x6E37      	MOVWF       FARG_Lcd_Out_row 
0x0326	0xD010      	BRA         L_Lcd_Out12
;__Lib_Lcd.c,192 :: 		
L_Lcd_Out17:
0x0328	0x0E80      	MOVLW       128
0x032A	0x6E37      	MOVWF       FARG_Lcd_Out_row 
;__Lib_Lcd.c,193 :: 		
0x032C	0xD00D      	BRA         L_Lcd_Out12
L_Lcd_Out11:
0x032E	0x5037      	MOVF        FARG_Lcd_Out_row, 0 
0x0330	0x0A01      	XORLW       1
0x0332	0xE0EE      	BZ          L_Lcd_Out13
0x0334	0x5037      	MOVF        FARG_Lcd_Out_row, 0 
0x0336	0x0A02      	XORLW       2
0x0338	0xE0EE      	BZ          L_Lcd_Out14
0x033A	0x5037      	MOVF        FARG_Lcd_Out_row, 0 
0x033C	0x0A03      	XORLW       3
0x033E	0xE0EE      	BZ          L_Lcd_Out15
0x0340	0x5037      	MOVF        FARG_Lcd_Out_row, 0 
0x0342	0x0A04      	XORLW       4
0x0344	0xE0EE      	BZ          L_Lcd_Out16
0x0346	0xD7F0      	BRA         L_Lcd_Out17
L_Lcd_Out12:
;__Lib_Lcd.c,194 :: 		
0x0348	0x0438      	DECF        FARG_Lcd_Out_column, 0 
0x034A	0x6E00      	MOVWF       R0 
0x034C	0x5037      	MOVF        FARG_Lcd_Out_row, 0 
0x034E	0x2600      	ADDWF       R0, 1 
0x0350	0xF037C000  	MOVFF       R0, FARG_Lcd_Out_row
;__Lib_Lcd.c,196 :: 		
0x0354	0xF048C000  	MOVFF       R0, FARG_Lcd_Cmd_out_char
0x0358	0xDE74      	RCALL       _Lcd_Cmd
;__Lib_Lcd.c,197 :: 		
0x035A	0x902A      	BCF         __Lib_Lcd_cmd_status, BitPos(__Lib_Lcd_cmd_status+0) 
;__Lib_Lcd.c,198 :: 		
0x035C	0x6A3B      	CLRF        Lcd_Out_i_L0 
;__Lib_Lcd.c,199 :: 		
L_Lcd_Out18:
0x035E	0x503B      	MOVF        Lcd_Out_i_L0, 0 
0x0360	0x2439      	ADDWF       FARG_Lcd_Out_text, 0 
0x0362	0x6EE9      	MOVWF       FSR0L 
0x0364	0x0E00      	MOVLW       0
0x0366	0x203A      	ADDWFC      FARG_Lcd_Out_text+1, 0 
0x0368	0x6EEA      	MOVWF       FSR0L+1 
0x036A	0x52EE      	MOVF        POSTINC0, 1 
0x036C	0xE00B      	BZ          L_Lcd_Out19
;__Lib_Lcd.c,200 :: 		
0x036E	0x503B      	MOVF        Lcd_Out_i_L0, 0 
0x0370	0x2439      	ADDWF       FARG_Lcd_Out_text, 0 
0x0372	0x6EE9      	MOVWF       FSR0L 
0x0374	0x0E00      	MOVLW       0
0x0376	0x203A      	ADDWFC      FARG_Lcd_Out_text+1, 0 
0x0378	0x6EEA      	MOVWF       FSR0L+1 
0x037A	0xF041CFEE  	MOVFF       POSTINC0, FARG_Lcd_Chr_CP_out_char
0x037E	0xDF02      	RCALL       _Lcd_Chr_CP
0x0380	0x2A3B      	INCF        Lcd_Out_i_L0, 1 
0x0382	0xD7ED      	BRA         L_Lcd_Out18
L_Lcd_Out19:
;__Lib_Lcd.c,201 :: 		
0x0384	0x802A      	BSF         __Lib_Lcd_cmd_status, BitPos(__Lib_Lcd_cmd_status+0) 
;__Lib_Lcd.c,202 :: 		
L_end_Lcd_Out:
0x0386	0x0012      	RETURN      0
; end of _Lcd_Out
_main:
0x0388	0xF002EC77  	CALL        1262, 0
;SezioneB.c,18 :: 		void main() {
;SezioneB.c,20 :: 		unsigned short int stato_accensione = 0, store_c0 = 0;                                //Sezione A
0x038C	0x6A32      	CLRF        main_stato_accensione_L0 
0x038E	0x6A33      	CLRF        main_store_c0_L0 
0x0390	0x0E19      	MOVLW       25
0x0392	0x6E34      	MOVWF       main_setpoint_temperatura_L0 
0x0394	0x6A35      	CLRF        main_store_c3_L0 
0x0396	0x6A36      	CLRF        main_store_c4_L0 
;SezioneB.c,26 :: 		TRISC.TRISC0 = 1;
0x0398	0x8094      	BSF         TRISC, 0 
;SezioneB.c,27 :: 		TRISE.TRISE2 = 0;
0x039A	0x9496      	BCF         TRISE, 2 
;SezioneB.c,31 :: 		TRISC.TRISC3 = 1;
0x039C	0x8694      	BSF         TRISC, 3 
;SezioneB.c,32 :: 		TRISC.TRISC4 = 1;
0x039E	0x8894      	BSF         TRISC, 4 
;SezioneB.c,33 :: 		ANSELC.ANSC3 = 0;
0x03A0	0x010F      	MOVLB       15
0x03A2	0x973A      	BCF         ANSELC, 3, 1
;SezioneB.c,34 :: 		ANSELC.ANSC4 = 0;
0x03A4	0x993A      	BCF         ANSELC, 4, 1
;SezioneB.c,38 :: 		Lcd_Init();		// Init the display library (This will set also the PORTB Configuration)
0x03A6	0xDEF4      	RCALL       _Lcd_Init
;SezioneB.c,40 :: 		Lcd_Cmd(_LCD_CLEAR);    	// Clear display
0x03A8	0x0E01      	MOVLW       1
0x03AA	0x6E48      	MOVWF       FARG_Lcd_Cmd_out_char 
0x03AC	0xDE4A      	RCALL       _Lcd_Cmd
;SezioneB.c,41 :: 		Lcd_Cmd(_LCD_CURSOR_OFF);   // Cursor OFF
0x03AE	0x0E0C      	MOVLW       12
0x03B0	0x6E48      	MOVWF       FARG_Lcd_Cmd_out_char 
0x03B2	0xDE47      	RCALL       _Lcd_Cmd
;SezioneB.c,44 :: 		Lcd_Out(1,1,"SPENTO");
0x03B4	0x0E01      	MOVLW       1
0x03B6	0x6E37      	MOVWF       FARG_Lcd_Out_row 
0x03B8	0x0E01      	MOVLW       1
0x03BA	0x6E38      	MOVWF       FARG_Lcd_Out_column 
0x03BC	0x0E1C      	MOVLW       ?lstr1_SezioneB
0x03BE	0x6E39      	MOVWF       FARG_Lcd_Out_text 
0x03C0	0x0E00      	MOVLW       hi_addr(?lstr1_SezioneB)
0x03C2	0x6E3A      	MOVWF       FARG_Lcd_Out_text+1 
0x03C4	0xDFA4      	RCALL       _Lcd_Out
;SezioneB.c,45 :: 		IntToStr((int) setpoint_temperatura,txt);
0x03C6	0xF037C034  	MOVFF       main_setpoint_temperatura_L0, FARG_IntToStr_input
0x03CA	0x0E00      	MOVLW       0
0x03CC	0x6E38      	MOVWF       FARG_IntToStr_input+1 
0x03CE	0x0E2B      	MOVLW       main_txt_L0
0x03D0	0x6E39      	MOVWF       FARG_IntToStr_output 
0x03D2	0x0E00      	MOVLW       hi_addr(main_txt_L0)
0x03D4	0x6E3A      	MOVWF       FARG_IntToStr_output+1 
0x03D6	0xDF2F      	RCALL       _IntToStr
;SezioneB.c,46 :: 		Lcd_Out(2,1,txt);
0x03D8	0x0E02      	MOVLW       2
0x03DA	0x6E37      	MOVWF       FARG_Lcd_Out_row 
0x03DC	0x0E01      	MOVLW       1
0x03DE	0x6E38      	MOVWF       FARG_Lcd_Out_column 
0x03E0	0x0E2B      	MOVLW       main_txt_L0
0x03E2	0x6E39      	MOVWF       FARG_Lcd_Out_text 
0x03E4	0x0E00      	MOVLW       hi_addr(main_txt_L0)
0x03E6	0x6E3A      	MOVWF       FARG_Lcd_Out_text+1 
0x03E8	0xDF92      	RCALL       _Lcd_Out
;SezioneB.c,48 :: 		while(1){
L_main0:
;SezioneB.c,53 :: 		if(store_c0 == 0 && PORTC.RC0 == 1){
0x03EA	0x5033      	MOVF        main_store_c0_L0, 0 
0x03EC	0x0A00      	XORLW       0
0x03EE	0xE11D      	BNZ         L_main4
0x03F0	0xA082      	BTFSS       PORTC, 0 
0x03F2	0xD01B      	BRA         L_main4
L__main34:
;SezioneB.c,54 :: 		if(stato_accensione){
0x03F4	0x5232      	MOVF        main_stato_accensione_L0, 1 
0x03F6	0xE00B      	BZ          L_main5
;SezioneB.c,55 :: 		stato_accensione = 0;
0x03F8	0x6A32      	CLRF        main_stato_accensione_L0 
;SezioneB.c,56 :: 		Lcd_Out(1,1,"SPENTO");
0x03FA	0x0E01      	MOVLW       1
0x03FC	0x6E37      	MOVWF       FARG_Lcd_Out_row 
0x03FE	0x0E01      	MOVLW       1
0x0400	0x6E38      	MOVWF       FARG_Lcd_Out_column 
0x0402	0x0E15      	MOVLW       ?lstr2_SezioneB
0x0404	0x6E39      	MOVWF       FARG_Lcd_Out_text 
0x0406	0x0E00      	MOVLW       hi_addr(?lstr2_SezioneB)
0x0408	0x6E3A      	MOVWF       FARG_Lcd_Out_text+1 
0x040A	0xDF81      	RCALL       _Lcd_Out
;SezioneB.c,57 :: 		}
0x040C	0xD00B      	BRA         L_main6
L_main5:
;SezioneB.c,59 :: 		stato_accensione = 1;
0x040E	0x0E01      	MOVLW       1
0x0410	0x6E32      	MOVWF       main_stato_accensione_L0 
;SezioneB.c,60 :: 		Lcd_Out(1,1,"ACCESO");
0x0412	0x0E01      	MOVLW       1
0x0414	0x6E37      	MOVWF       FARG_Lcd_Out_row 
0x0416	0x0E01      	MOVLW       1
0x0418	0x6E38      	MOVWF       FARG_Lcd_Out_column 
0x041A	0x0E23      	MOVLW       ?lstr3_SezioneB
0x041C	0x6E39      	MOVWF       FARG_Lcd_Out_text 
0x041E	0x0E00      	MOVLW       hi_addr(?lstr3_SezioneB)
0x0420	0x6E3A      	MOVWF       FARG_Lcd_Out_text+1 
0x0422	0xDF75      	RCALL       _Lcd_Out
;SezioneB.c,61 :: 		}
L_main6:
;SezioneB.c,62 :: 		store_c0 = 1;
0x0424	0x0E01      	MOVLW       1
0x0426	0x6E33      	MOVWF       main_store_c0_L0 
;SezioneB.c,63 :: 		}
0x0428	0xD005      	BRA         L_main7
L_main4:
;SezioneB.c,64 :: 		else if(store_c0 == 1 && PORTC.RC0 == 0)
0x042A	0x5033      	MOVF        main_store_c0_L0, 0 
0x042C	0x0A01      	XORLW       1
0x042E	0xE102      	BNZ         L_main10
0x0430	0xA082      	BTFSS       PORTC, 0 
L__main33:
;SezioneB.c,65 :: 		store_c0 = 0;
0x0432	0x6A33      	CLRF        main_store_c0_L0 
L_main10:
L_main7:
;SezioneB.c,67 :: 		LATE.LATE2 = stato_accensione;
0x0434	0xB032      	BTFSC       main_stato_accensione_L0, 0 
0x0436	0xD002      	BRA         L__main36
0x0438	0x948D      	BCF         LATE, 2 
0x043A	0xD001      	BRA         L__main37
L__main36:
0x043C	0x848D      	BSF         LATE, 2 
L__main37:
;SezioneB.c,70 :: 		if(stato_accensione){
0x043E	0x5232      	MOVF        main_stato_accensione_L0, 1 
0x0440	0xE047      	BZ          L_main11
;SezioneB.c,75 :: 		if(store_c3 == 0 && PORTC.RC3 == 1){
0x0442	0x5035      	MOVF        main_store_c3_L0, 0 
0x0444	0x0A00      	XORLW       0
0x0446	0xE11B      	BNZ         L_main14
0x0448	0xA682      	BTFSS       PORTC, 3 
0x044A	0xD019      	BRA         L_main14
L__main32:
;SezioneB.c,76 :: 		if(setpoint_temperatura<255)
0x044C	0x0EFF      	MOVLW       255
0x044E	0x5C34      	SUBWF       main_setpoint_temperatura_L0, 0 
0x0450	0xA0D8      	BTFSS       STATUS, 0 
;SezioneB.c,77 :: 		setpoint_temperatura++;
0x0452	0x2A34      	INCF        main_setpoint_temperatura_L0, 1 
L_main15:
;SezioneB.c,78 :: 		IntToStr((int) setpoint_temperatura,txt);
0x0454	0xF037C034  	MOVFF       main_setpoint_temperatura_L0, FARG_IntToStr_input
0x0458	0x0E00      	MOVLW       0
0x045A	0x6E38      	MOVWF       FARG_IntToStr_input+1 
0x045C	0x0E2B      	MOVLW       main_txt_L0
0x045E	0x6E39      	MOVWF       FARG_IntToStr_output 
0x0460	0x0E00      	MOVLW       hi_addr(main_txt_L0)
0x0462	0x6E3A      	MOVWF       FARG_IntToStr_output+1 
0x0464	0xDEE8      	RCALL       _IntToStr
;SezioneB.c,79 :: 		Lcd_Out(2,1,txt);
0x0466	0x0E02      	MOVLW       2
0x0468	0x6E37      	MOVWF       FARG_Lcd_Out_row 
0x046A	0x0E01      	MOVLW       1
0x046C	0x6E38      	MOVWF       FARG_Lcd_Out_column 
0x046E	0x0E2B      	MOVLW       main_txt_L0
0x0470	0x6E39      	MOVWF       FARG_Lcd_Out_text 
0x0472	0x0E00      	MOVLW       hi_addr(main_txt_L0)
0x0474	0x6E3A      	MOVWF       FARG_Lcd_Out_text+1 
0x0476	0xDF4B      	RCALL       _Lcd_Out
;SezioneB.c,80 :: 		store_c3 = 1;
0x0478	0x0E01      	MOVLW       1
0x047A	0x6E35      	MOVWF       main_store_c3_L0 
;SezioneB.c,81 :: 		}
0x047C	0xD005      	BRA         L_main16
L_main14:
;SezioneB.c,82 :: 		else if(store_c3 == 1 && PORTC.RC3 == 0)
0x047E	0x5035      	MOVF        main_store_c3_L0, 0 
0x0480	0x0A01      	XORLW       1
0x0482	0xE102      	BNZ         L_main19
0x0484	0xA682      	BTFSS       PORTC, 3 
L__main31:
;SezioneB.c,83 :: 		store_c3 = 0;
0x0486	0x6A35      	CLRF        main_store_c3_L0 
L_main19:
L_main16:
;SezioneB.c,85 :: 		if(store_c4 == 0 && PORTC.RC4 == 1){
0x0488	0x5036      	MOVF        main_store_c4_L0, 0 
0x048A	0x0A00      	XORLW       0
0x048C	0xE11B      	BNZ         L_main22
0x048E	0xA882      	BTFSS       PORTC, 4 
0x0490	0xD019      	BRA         L_main22
L__main30:
;SezioneB.c,86 :: 		if(setpoint_temperatura>0)
0x0492	0x5034      	MOVF        main_setpoint_temperatura_L0, 0 
0x0494	0x0800      	SUBLW       0
0x0496	0xA0D8      	BTFSS       STATUS, 0 
;SezioneB.c,87 :: 		setpoint_temperatura--;
0x0498	0x0634      	DECF        main_setpoint_temperatura_L0, 1 
L_main23:
;SezioneB.c,88 :: 		IntToStr((int) setpoint_temperatura,txt);
0x049A	0xF037C034  	MOVFF       main_setpoint_temperatura_L0, FARG_IntToStr_input
0x049E	0x0E00      	MOVLW       0
0x04A0	0x6E38      	MOVWF       FARG_IntToStr_input+1 
0x04A2	0x0E2B      	MOVLW       main_txt_L0
0x04A4	0x6E39      	MOVWF       FARG_IntToStr_output 
0x04A6	0x0E00      	MOVLW       hi_addr(main_txt_L0)
0x04A8	0x6E3A      	MOVWF       FARG_IntToStr_output+1 
0x04AA	0xDEC5      	RCALL       _IntToStr
;SezioneB.c,89 :: 		Lcd_Out(2,1,txt);
0x04AC	0x0E02      	MOVLW       2
0x04AE	0x6E37      	MOVWF       FARG_Lcd_Out_row 
0x04B0	0x0E01      	MOVLW       1
0x04B2	0x6E38      	MOVWF       FARG_Lcd_Out_column 
0x04B4	0x0E2B      	MOVLW       main_txt_L0
0x04B6	0x6E39      	MOVWF       FARG_Lcd_Out_text 
0x04B8	0x0E00      	MOVLW       hi_addr(main_txt_L0)
0x04BA	0x6E3A      	MOVWF       FARG_Lcd_Out_text+1 
0x04BC	0xDF28      	RCALL       _Lcd_Out
;SezioneB.c,90 :: 		store_c4 = 1;
0x04BE	0x0E01      	MOVLW       1
0x04C0	0x6E36      	MOVWF       main_store_c4_L0 
;SezioneB.c,91 :: 		}
0x04C2	0xD005      	BRA         L_main24
L_main22:
;SezioneB.c,92 :: 		else if(store_c4 == 1 && PORTC.RC4 == 0)
0x04C4	0x5036      	MOVF        main_store_c4_L0, 0 
0x04C6	0x0A01      	XORLW       1
0x04C8	0xE102      	BNZ         L_main27
0x04CA	0xA882      	BTFSS       PORTC, 4 
L__main29:
;SezioneB.c,93 :: 		store_c4 = 0;
0x04CC	0x6A36      	CLRF        main_store_c4_L0 
L_main27:
L_main24:
;SezioneB.c,99 :: 		}
0x04CE	0xD002      	BRA         L_main28
L_main11:
;SezioneB.c,101 :: 		setpoint_temperatura = 25;
0x04D0	0x0E19      	MOVLW       25
0x04D2	0x6E34      	MOVWF       main_setpoint_temperatura_L0 
;SezioneB.c,102 :: 		}
L_main28:
;SezioneB.c,109 :: 		}
0x04D4	0xD78A      	BRA         L_main0
;SezioneB.c,114 :: 		}
L_end_main:
0x04D6	0xD7FF      	BRA         $+0
; end of _main
0x04EE	0xF015EE10  	LFSR        1, 21
0x04F2	0x0E15      	MOVLW       21
0x04F4	0x6E00      	MOVWF       R0 
0x04F6	0x0E01      	MOVLW       1
0x04F8	0x6E01      	MOVWF       R1 
0x04FA	0x0ED8      	MOVLW       216
0x04FC	0x6EF6      	MOVWF       TBLPTR 
0x04FE	0x0E04      	MOVLW       4
0x0500	0x6EF7      	MOVWF       TBLPTRH 
0x0502	0x0E00      	MOVLW       0
0x0504	0x6EF8      	MOVWF       TBLPTRU 
0x0506	0xF001EC13  	CALL        550, 0
0x050A	0x0012      	RETURN      0
;SezioneB.c,0 :: ?ICS?lstr2_SezioneB
0x04D8	0x5053 ;?ICS?lstr2_SezioneB+0
0x04DA	0x4E45 ;?ICS?lstr2_SezioneB+2
0x04DC	0x4F54 ;?ICS?lstr2_SezioneB+4
0x04DE	0x00 ;?ICS?lstr2_SezioneB+6
; end of ?ICS?lstr2_SezioneB
;SezioneB.c,0 :: ?ICS?lstr1_SezioneB
0x04DF	0x5053 ;?ICS?lstr1_SezioneB+0
0x04E1	0x4E45 ;?ICS?lstr1_SezioneB+2
0x04E3	0x4F54 ;?ICS?lstr1_SezioneB+4
0x04E5	0x00 ;?ICS?lstr1_SezioneB+6
; end of ?ICS?lstr1_SezioneB
;SezioneB.c,0 :: ?ICS?lstr3_SezioneB
0x04E6	0x4341 ;?ICS?lstr3_SezioneB+0
0x04E8	0x4543 ;?ICS?lstr3_SezioneB+2
0x04EA	0x4F53 ;?ICS?lstr3_SezioneB+4
0x04EC	0x00 ;?ICS?lstr3_SezioneB+6
; end of ?ICS?lstr3_SezioneB
Symbol List:
//** Routines locations **
//ADDRESS    SIZE    PROCEDURE
//----------------------------------------------
0x001C      [22]    _Delay_5500us
0x0032      [10]    _Delay_50us
0x003C       [6]    _Delay_1us
0x0042     [124]    _Lcd_Cmd
0x00BE      [54]    _Div_16X16_U
0x00F4     [144]    _WordToStr
0x0184      [12]    _Lcd_Chr_CP
0x0190     [150]    _Lcd_Init
0x0226      [16]    ___CC2DW
0x0236     [216]    _IntToStr
0x030E     [122]    _Lcd_Out
0x0388     [336]    _main
//** Variables locations ** 
//ADDRESS    SIZE    VARIABLE
//----------------------------------------------
0x0000       [1]    R0
0x0001       [1]    __Lib_Conversions_Adjust_Hex_tmp_L0
0x0001       [1]    R1
0x0002       [1]    R2
0x0002       [2]    memcpy_dd_L0
0x0002       [2]    memset_pp_L0
0x0002       [2]    strlen_cp_L0
0x0002       [2]    memchr_s_L0
0x0003       [1]    R3
0x0003       [2]    memmove_tt_L0
0x0003       [2]    Ltrim_original_L0
0x0004       [1]    R4
0x0004       [2]    strcpy_cp_L0
0x0004       [2]    memcpy_ss_L0
0x0004       [2]    strcat_cp_L0
0x0004       [2]    strncat_cp_L0
0x0004       [2]    strncpy_cp_L0
0x0005       [1]    R5
0x0005       [2]    LongWordToHex_input_half_L0
0x0005       [2]    LongIntToHex_input_half_L0
0x0005       [2]    Ltrim_p_L0
0x0005       [2]    memmove_ff_L0
0x0006       [1]    R6
0x0007       [1]    R7
0x0008       [1]    R8
0x0009       [1]    R9
0x000A       [1]    R10
0x000B       [1]    R11
0x000C       [1]    R12
0x000D       [1]    R13
0x000E       [1]    R14
0x000F       [1]    R15
0x0010       [1]    R16
0x0011       [1]    R17
0x0012       [1]    R18
0x0013       [1]    R19
0x0014       [1]    R20
0x0015       [7]    ?lstr2_SezioneB
0x001C       [7]    ?lstr1_SezioneB
0x0023       [7]    ?lstr3_SezioneB
0x002A       [0]    __Lib_Lcd_cmd_status
0x002B       [7]    main_txt_L0
0x0032       [1]    main_stato_accensione_L0
0x0033       [1]    main_store_c0_L0
0x0034       [1]    main_setpoint_temperatura_L0
0x0035       [1]    main_store_c3_L0
0x0036       [1]    main_store_c4_L0
0x0037       [2]    FARG_IntToStr_input
0x0037       [1]    FARG_Lcd_Out_row
0x0038       [1]    FARG_Lcd_Out_column
0x0039       [2]    FARG_IntToStr_output
0x0039       [2]    FARG_Lcd_Out_text
0x003B       [2]    IntToStr_i_L0
0x003B       [1]    Lcd_Out_i_L0
0x003D       [2]    IntToStr_negative_L0
0x003F       [2]    IntToStr_inword_L0
0x0041       [2]    FARG_WordToStr_input
0x0041       [1]    FARG_Lcd_Chr_CP_out_char
0x0043       [2]    FARG_WordToStr_output
0x0045       [1]    WordToStr_len_L0
0x0046       [2]    FLOC__WordToStr
0x0048       [1]    FARG_Lcd_Cmd_out_char
0x0F3A       [1]    ANSELC
0x0F82       [1]    PORTC
0x0F8A       [0]    LCD_D5
0x0F8A       [0]    LCD_D4
0x0F8A       [0]    LATB5_bit
0x0F8A       [0]    LCD_EN
0x0F8A       [0]    LCD_D6
0x0F8A       [0]    LATB0_bit
0x0F8A       [0]    LCD_D7
0x0F8A       [0]    LATB1_bit
0x0F8A       [0]    LATB3_bit
0x0F8A       [0]    LATB4_bit
0x0F8A       [0]    LATB2_bit
0x0F8A       [0]    LCD_RS
0x0F8D       [1]    LATE
0x0F93       [0]    LCD_D7_Direction
0x0F93       [0]    TRISB3_bit
0x0F93       [0]    TRISB2_bit
0x0F93       [0]    TRISB4_bit
0x0F93       [0]    TRISB5_bit
0x0F93       [0]    LCD_D4_Direction
0x0F93       [0]    LCD_EN_Direction
0x0F93       [0]    LCD_RS_Direction
0x0F93       [0]    TRISB0_bit
0x0F93       [0]    LCD_D6_Direction
0x0F93       [0]    TRISB1_bit
0x0F93       [0]    LCD_D5_Direction
0x0F94       [1]    TRISC
0x0F96       [1]    TRISE
0x0FD8       [1]    STATUS
0x0FD9       [1]    FSR2L
0x0FDA       [1]    FSR2H
0x0FDE       [1]    POSTINC2
0x0FE0       [1]    BSR
0x0FE1       [1]    FSR1L
0x0FE2       [1]    FSR1H
0x0FE4       [1]    PREINC1
0x0FE6       [1]    POSTINC1
0x0FE7       [1]    INDF1
0x0FE8       [1]    WREG
0x0FE9       [1]    FSR0L
0x0FEA       [1]    FSR0H
0x0FEE       [1]    POSTINC0
0x0FF3       [1]    PRODL
0x0FF4       [1]    PRODH
0x0FF5       [1]    TABLAT
0x0FF6       [3]    TBLPTR
0x0FF6       [1]    TBLPTRL
0x0FF7       [1]    TBLPTRH
0x0FF8       [1]    TBLPTRU
//** Constants locations ** 
//ADDRESS    SIZE    CONSTANT
//----------------------------------------------
0x04D8       [7]    ?ICS?lstr2_SezioneB
0x04DF       [7]    ?ICS?lstr1_SezioneB
0x04E6       [7]    ?ICS?lstr3_SezioneB
