;  LST file generated by mikroListExporter - v.2.0 
; Date/Time: 26/06/2024 13:06:53
;----------------------------------------------

;Address Opcode 	ASM
0x0000	0xF002EF22  	GOTO        1092
_interrupt:
;SezC.c,165 :: 		void interrupt(){
;SezC.c,167 :: 		if(INTCON.TMR0IF){
0x0008	0xA4F2      	BTFSS       INTCON, 2 
0x000A	0xD005      	BRA         L_interrupt29
;SezC.c,169 :: 		el_time += 32;
0x000C	0x0E20      	MOVLW       32
0x000E	0x261B      	ADDWF       _el_time, 1 
0x0010	0x0E00      	MOVLW       0
0x0012	0x221C      	ADDWFC      _el_time+1, 1 
;SezC.c,170 :: 		INTCON.TMR0IF = 0;
0x0014	0x94F2      	BCF         INTCON, 2 
;SezC.c,171 :: 		}
L_interrupt29:
;SezC.c,173 :: 		if(PIR1.ADIF){
0x0016	0xAC9E      	BTFSS       PIR1, 6 
0x0018	0xD005      	BRA         L_interrupt30
;SezC.c,176 :: 		voltage = ADRESH;
0x001A	0xF015CFC4  	MOVFF       ADRESH, _voltage
0x001E	0x0E00      	MOVLW       0
0x0020	0x6E16      	MOVWF       _voltage+1 
;SezC.c,177 :: 		PIR1.ADIF = 0;
0x0022	0x9C9E      	BCF         PIR1, 6 
;SezC.c,178 :: 		}
L_interrupt30:
;SezC.c,183 :: 		}
L_end_interrupt:
L__interrupt42:
0x0024	0x0011      	RETFIE      1
; end of _interrupt
_Delay_50us:
;__Lib_Delays.c,19 :: 		void Delay_50us() {
;__Lib_Delays.c,20 :: 		Delay_us(50);
0x0026	0x0E21      	MOVLW       33
0x0028	0x6E0D      	MOVWF       R13, 0
L_Delay_50us2:
0x002A	0x2E0D      	DECFSZ      R13, 1, 0
0x002C	0xD7FE      	BRA         L_Delay_50us2
;__Lib_Delays.c,21 :: 		}
L_end_Delay_50us:
0x002E	0x0012      	RETURN      0
; end of _Delay_50us
_Delay_5500us:
;__Lib_Delays.c,31 :: 		void Delay_5500us() {
;__Lib_Delays.c,32 :: 		Delay_us(5500);
0x0030	0x0E0F      	MOVLW       15
0x0032	0x6E0C      	MOVWF       R12, 0
0x0034	0x0E47      	MOVLW       71
0x0036	0x6E0D      	MOVWF       R13, 0
L_Delay_5500us5:
0x0038	0x2E0D      	DECFSZ      R13, 1, 0
0x003A	0xD7FE      	BRA         L_Delay_5500us5
0x003C	0x2E0C      	DECFSZ      R12, 1, 0
0x003E	0xD7FC      	BRA         L_Delay_5500us5
0x0040	0x0000      	NOP
0x0042	0x0000      	NOP
;__Lib_Delays.c,33 :: 		}
L_end_Delay_5500us:
0x0044	0x0012      	RETURN      0
; end of _Delay_5500us
_Delay_1us:
;__Lib_Delays.c,7 :: 		void Delay_1us() {
;__Lib_Delays.c,8 :: 		Delay_us(1);
0x0046	0x0000      	NOP
0x0048	0x0000      	NOP
;__Lib_Delays.c,9 :: 		}
L_end_Delay_1us:
0x004A	0x0012      	RETURN      0
; end of _Delay_1us
_Div_16X16_U:
;__Lib_Math.c,102 :: 		
;__Lib_Math.c,109 :: 		
0x004C	0x6A08      	CLRF        R8, 0
;__Lib_Math.c,110 :: 		
0x004E	0x6A09      	CLRF        R9, 0
;__Lib_Math.c,111 :: 		
0x0050	0x0E10      	MOVLW       16
;__Lib_Math.c,112 :: 		
0x0052	0x6E0C      	MOVWF       R12, 0
;__Lib_Math.c,113 :: 		
0x0054	0x3401      	RLCF        R1, 0, 0
;__Lib_Math.c,114 :: 		
0x0056	0x3608      	RLCF        R8, 1, 0
;__Lib_Math.c,115 :: 		
0x0058	0x3609      	RLCF        R9, 1, 0
;__Lib_Math.c,116 :: 		
0x005A	0x5004      	MOVF        R4, 0, 0
;__Lib_Math.c,117 :: 		
0x005C	0x5E08      	SUBWF       R8, 1, 0
;__Lib_Math.c,118 :: 		
0x005E	0x5005      	MOVF        R5, 0, 0
;__Lib_Math.c,119 :: 		
0x0060	0xA0D8      	BTFSS       STATUS, 0, 0
;__Lib_Math.c,120 :: 		
0x0062	0x3C05      	INCFSZ      R5, 0, 0
;__Lib_Math.c,121 :: 		
0x0064	0x5E09      	SUBWF       R9, 1, 0
;__Lib_Math.c,122 :: 		
0x0066	0xB0D8      	BTFSC       STATUS, 0, 0
;__Lib_Math.c,123 :: 		
0x0068	0xD007      	BRA         $+16
;__Lib_Math.c,124 :: 		
0x006A	0x5004      	MOVF        R4, 0, 0
;__Lib_Math.c,125 :: 		
0x006C	0x2608      	ADDWF       R8, 1, 0
;__Lib_Math.c,126 :: 		
0x006E	0x5005      	MOVF        R5, 0, 0
;__Lib_Math.c,127 :: 		
0x0070	0xB0D8      	BTFSC       STATUS, 0, 0
;__Lib_Math.c,128 :: 		
0x0072	0x3C05      	INCFSZ      R5, 0, 0
;__Lib_Math.c,129 :: 		
0x0074	0x2609      	ADDWF       R9, 1, 0
;__Lib_Math.c,130 :: 		
0x0076	0x90D8      	BCF         STATUS, 0, 0
;__Lib_Math.c,131 :: 		
0x0078	0x3600      	RLCF        R0, 1, 0
;__Lib_Math.c,132 :: 		
0x007A	0x3601      	RLCF        R1, 1, 0
;__Lib_Math.c,133 :: 		
0x007C	0x2E0C      	DECFSZ      R12, 1, 0
;__Lib_Math.c,134 :: 		
0x007E	0xD7EA      	BRA         $-42
;__Lib_Math.c,136 :: 		
L_end_Div_16X16_U:
0x0080	0x0012      	RETURN      0
; end of _Div_16X16_U
_Lcd_Cmd:
;__Lib_Lcd.c,18 :: 		
;__Lib_Lcd.c,20 :: 		
0x0082	0x0100      	MOVLB       0
0x0084	0xBF67      	BTFSC       FARG_Lcd_Cmd_out_char, 7, 1
0x0086	0xD002      	BRA         L__Lcd_Cmd21
0x0088	0x968A      	BCF         LCD_D7, BitPos(LCD_D7+0) 
0x008A	0xD001      	BRA         L__Lcd_Cmd22
L__Lcd_Cmd21:
0x008C	0x868A      	BSF         LCD_D7, BitPos(LCD_D7+0) 
L__Lcd_Cmd22:
;__Lib_Lcd.c,21 :: 		
0x008E	0xBD67      	BTFSC       FARG_Lcd_Cmd_out_char, 6, 1
0x0090	0xD002      	BRA         L__Lcd_Cmd23
0x0092	0x948A      	BCF         LCD_D6, BitPos(LCD_D6+0) 
0x0094	0xD001      	BRA         L__Lcd_Cmd24
L__Lcd_Cmd23:
0x0096	0x848A      	BSF         LCD_D6, BitPos(LCD_D6+0) 
L__Lcd_Cmd24:
;__Lib_Lcd.c,22 :: 		
0x0098	0xBB67      	BTFSC       FARG_Lcd_Cmd_out_char, 5, 1
0x009A	0xD002      	BRA         L__Lcd_Cmd25
0x009C	0x928A      	BCF         LCD_D5, BitPos(LCD_D5+0) 
0x009E	0xD001      	BRA         L__Lcd_Cmd26
L__Lcd_Cmd25:
0x00A0	0x828A      	BSF         LCD_D5, BitPos(LCD_D5+0) 
L__Lcd_Cmd26:
;__Lib_Lcd.c,23 :: 		
0x00A2	0xB967      	BTFSC       FARG_Lcd_Cmd_out_char, 4, 1
0x00A4	0xD002      	BRA         L__Lcd_Cmd27
0x00A6	0x908A      	BCF         LCD_D4, BitPos(LCD_D4+0) 
0x00A8	0xD001      	BRA         L__Lcd_Cmd28
L__Lcd_Cmd27:
0x00AA	0x808A      	BSF         LCD_D4, BitPos(LCD_D4+0) 
L__Lcd_Cmd28:
;__Lib_Lcd.c,25 :: 		
0x00AC	0xB032      	BTFSC       __Lib_Lcd_cmd_status, BitPos(__Lib_Lcd_cmd_status+0) 
0x00AE	0xD002      	BRA         L__Lcd_Cmd29
0x00B0	0x888A      	BSF         LCD_RS, BitPos(LCD_RS+0) 
0x00B2	0xD001      	BRA         L__Lcd_Cmd30
L__Lcd_Cmd29:
0x00B4	0x988A      	BCF         LCD_RS, BitPos(LCD_RS+0) 
L__Lcd_Cmd30:
;__Lib_Lcd.c,28 :: 		
0x00B6	0x8A8A      	BSF         LCD_EN, BitPos(LCD_EN+0) 
;__Lib_Lcd.c,29 :: 		
0x00B8	0xDFC6      	RCALL       _Delay_1us
;__Lib_Lcd.c,30 :: 		
0x00BA	0x9A8A      	BCF         LCD_EN, BitPos(LCD_EN+0) 
;__Lib_Lcd.c,33 :: 		
0x00BC	0xB767      	BTFSC       FARG_Lcd_Cmd_out_char, 3, 1
0x00BE	0xD002      	BRA         L__Lcd_Cmd31
0x00C0	0x968A      	BCF         LCD_D7, BitPos(LCD_D7+0) 
0x00C2	0xD001      	BRA         L__Lcd_Cmd32
L__Lcd_Cmd31:
0x00C4	0x868A      	BSF         LCD_D7, BitPos(LCD_D7+0) 
L__Lcd_Cmd32:
;__Lib_Lcd.c,34 :: 		
0x00C6	0xB567      	BTFSC       FARG_Lcd_Cmd_out_char, 2, 1
0x00C8	0xD002      	BRA         L__Lcd_Cmd33
0x00CA	0x948A      	BCF         LCD_D6, BitPos(LCD_D6+0) 
0x00CC	0xD001      	BRA         L__Lcd_Cmd34
L__Lcd_Cmd33:
0x00CE	0x848A      	BSF         LCD_D6, BitPos(LCD_D6+0) 
L__Lcd_Cmd34:
;__Lib_Lcd.c,35 :: 		
0x00D0	0xB367      	BTFSC       FARG_Lcd_Cmd_out_char, 1, 1
0x00D2	0xD002      	BRA         L__Lcd_Cmd35
0x00D4	0x928A      	BCF         LCD_D5, BitPos(LCD_D5+0) 
0x00D6	0xD001      	BRA         L__Lcd_Cmd36
L__Lcd_Cmd35:
0x00D8	0x828A      	BSF         LCD_D5, BitPos(LCD_D5+0) 
L__Lcd_Cmd36:
;__Lib_Lcd.c,36 :: 		
0x00DA	0xB167      	BTFSC       FARG_Lcd_Cmd_out_char, 0, 1
0x00DC	0xD002      	BRA         L__Lcd_Cmd37
0x00DE	0x908A      	BCF         LCD_D4, BitPos(LCD_D4+0) 
0x00E0	0xD001      	BRA         L__Lcd_Cmd38
L__Lcd_Cmd37:
0x00E2	0x808A      	BSF         LCD_D4, BitPos(LCD_D4+0) 
L__Lcd_Cmd38:
;__Lib_Lcd.c,38 :: 		
0x00E4	0xB032      	BTFSC       __Lib_Lcd_cmd_status, BitPos(__Lib_Lcd_cmd_status+0) 
0x00E6	0xD002      	BRA         L__Lcd_Cmd39
0x00E8	0x888A      	BSF         LCD_RS, BitPos(LCD_RS+0) 
0x00EA	0xD001      	BRA         L__Lcd_Cmd40
L__Lcd_Cmd39:
0x00EC	0x988A      	BCF         LCD_RS, BitPos(LCD_RS+0) 
L__Lcd_Cmd40:
;__Lib_Lcd.c,40 :: 		
0x00EE	0x8A8A      	BSF         LCD_EN, BitPos(LCD_EN+0) 
;__Lib_Lcd.c,41 :: 		
0x00F0	0xDFAA      	RCALL       _Delay_1us
;__Lib_Lcd.c,42 :: 		
0x00F2	0x9A8A      	BCF         LCD_EN, BitPos(LCD_EN+0) 
;__Lib_Lcd.c,44 :: 		
0x00F4	0xA032      	BTFSS       __Lib_Lcd_cmd_status, BitPos(__Lib_Lcd_cmd_status+0) 
0x00F6	0xD002      	BRA         L_Lcd_Cmd0
;__Lib_Lcd.c,45 :: 		
0x00F8	0xDF9B      	RCALL       _Delay_5500us
0x00FA	0xD001      	BRA         L_Lcd_Cmd1
L_Lcd_Cmd0:
;__Lib_Lcd.c,47 :: 		
0x00FC	0xDF94      	RCALL       _Delay_50us
L_Lcd_Cmd1:
;__Lib_Lcd.c,48 :: 		
L_end_Lcd_Cmd:
0x00FE	0x0012      	RETURN      0
; end of _Lcd_Cmd
_Lcd_Chr_CP:
;__Lib_Lcd.c,50 :: 		
;__Lib_Lcd.c,52 :: 		
0x0100	0x9032      	BCF         __Lib_Lcd_cmd_status, BitPos(__Lib_Lcd_cmd_status+0) 
;__Lib_Lcd.c,53 :: 		
0x0102	0xF067C060  	MOVFF       FARG_Lcd_Chr_CP_out_char, FARG_Lcd_Cmd_out_char
0x0106	0xDFBD      	RCALL       _Lcd_Cmd
;__Lib_Lcd.c,54 :: 		
0x0108	0x8032      	BSF         __Lib_Lcd_cmd_status, BitPos(__Lib_Lcd_cmd_status+0) 
;__Lib_Lcd.c,55 :: 		
L_end_Lcd_Chr_CP:
0x010A	0x0012      	RETURN      0
; end of _Lcd_Chr_CP
_WordToStr:
;__Lib_Conversions.c,98 :: 		
;__Lib_Conversions.c,103 :: 		
0x010C	0x0100      	MOVLB       0
0x010E	0x6B60      	CLRF        WordToStr_len_L0, 1
L_WordToStr11:
0x0110	0x0E05      	MOVLW       5
0x0112	0x5D60      	SUBWF       WordToStr_len_L0, 0, 1
0x0114	0xE20A      	BC          L_WordToStr12
;__Lib_Conversions.c,104 :: 		
0x0116	0x5160      	MOVF        WordToStr_len_L0, 0, 1
0x0118	0x2563      	ADDWF       FARG_WordToStr_output, 0, 1
0x011A	0x6EE1      	MOVWF       FSR1L 
0x011C	0x0E00      	MOVLW       0
0x011E	0x2164      	ADDWFC      FARG_WordToStr_output+1, 0, 1
0x0120	0x6EE2      	MOVWF       FSR1L+1 
0x0122	0x0E20      	MOVLW       32
0x0124	0x6EE6      	MOVWF       POSTINC1 
;__Lib_Conversions.c,103 :: 		
0x0126	0x2B60      	INCF        WordToStr_len_L0, 1, 1
;__Lib_Conversions.c,104 :: 		
0x0128	0xD7F3      	BRA         L_WordToStr11
L_WordToStr12:
;__Lib_Conversions.c,105 :: 		
0x012A	0x5160      	MOVF        WordToStr_len_L0, 0, 1
0x012C	0x2563      	ADDWF       FARG_WordToStr_output, 0, 1
0x012E	0x6EE1      	MOVWF       FSR1L 
0x0130	0x0E00      	MOVLW       0
0x0132	0x2164      	ADDWFC      FARG_WordToStr_output+1, 0, 1
0x0134	0x6EE2      	MOVWF       FSR1L+1 
0x0136	0x6AE6      	CLRF        POSTINC1 
0x0138	0x0760      	DECF        WordToStr_len_L0, 1, 1
;__Lib_Conversions.c,107 :: 		
L_WordToStr14:
;__Lib_Conversions.c,108 :: 		
0x013A	0x5160      	MOVF        WordToStr_len_L0, 0, 1
0x013C	0x2563      	ADDWF       FARG_WordToStr_output, 0, 1
0x013E	0x6F65      	MOVWF       FLOC__WordToStr, 1
0x0140	0x0E00      	MOVLW       0
0x0142	0x2164      	ADDWFC      FARG_WordToStr_output+1, 0, 1
0x0144	0x6F66      	MOVWF       FLOC__WordToStr+1, 1
0x0146	0x0E0A      	MOVLW       10
0x0148	0x6E04      	MOVWF       R4 
0x014A	0x0E00      	MOVLW       0
0x014C	0x6E05      	MOVWF       R5 
0x014E	0xF000C061  	MOVFF       FARG_WordToStr_input, R0
0x0152	0xF001C062  	MOVFF       FARG_WordToStr_input+1, R1
0x0156	0xDF7A      	RCALL       _Div_16X16_U
0x0158	0xF000C008  	MOVFF       R8, R0
0x015C	0xF001C009  	MOVFF       R9, R1
0x0160	0x0E30      	MOVLW       48
0x0162	0x2600      	ADDWF       R0, 1 
0x0164	0xFFE1C065  	MOVFF       FLOC__WordToStr, FSR1L
0x0168	0xFFE2C066  	MOVFF       FLOC__WordToStr+1, FSR1H
0x016C	0xFFE6C000  	MOVFF       R0, POSTINC1
;__Lib_Conversions.c,109 :: 		
0x0170	0x0E0A      	MOVLW       10
0x0172	0x6E04      	MOVWF       R4 
0x0174	0x0E00      	MOVLW       0
0x0176	0x6E05      	MOVWF       R5 
0x0178	0xF000C061  	MOVFF       FARG_WordToStr_input, R0
0x017C	0xF001C062  	MOVFF       FARG_WordToStr_input+1, R1
0x0180	0xDF65      	RCALL       _Div_16X16_U
0x0182	0xF061C000  	MOVFF       R0, FARG_WordToStr_input
0x0186	0xF062C001  	MOVFF       R1, FARG_WordToStr_input+1
;__Lib_Conversions.c,110 :: 		
0x018A	0x0E00      	MOVLW       0
0x018C	0x1801      	XORWF       R1, 0 
0x018E	0xE102      	BNZ         L__WordToStr379
0x0190	0x0E00      	MOVLW       0
0x0192	0x1800      	XORWF       R0, 0 
L__WordToStr379:
0x0194	0xE101      	BNZ         L_WordToStr16
;__Lib_Conversions.c,111 :: 		
0x0196	0xD002      	BRA         L_WordToStr15
L_WordToStr16:
;__Lib_Conversions.c,112 :: 		
0x0198	0x0760      	DECF        WordToStr_len_L0, 1, 1
;__Lib_Conversions.c,113 :: 		
0x019A	0xD7CF      	BRA         L_WordToStr14
L_WordToStr15:
;__Lib_Conversions.c,114 :: 		
L_end_WordToStr:
0x019C	0x0012      	RETURN      0
; end of _WordToStr
_Lcd_Out:
;__Lib_Lcd.c,184 :: 		
;__Lib_Lcd.c,187 :: 		
0x019E	0xD00F      	BRA         L_Lcd_Out11
;__Lib_Lcd.c,188 :: 		
L_Lcd_Out13:
0x01A0	0x0E80      	MOVLW       128
0x01A2	0x6E56      	MOVWF       FARG_Lcd_Out_row 
0x01A4	0xD019      	BRA         L_Lcd_Out12
;__Lib_Lcd.c,189 :: 		
L_Lcd_Out14:
0x01A6	0x0EC0      	MOVLW       192
0x01A8	0x6E56      	MOVWF       FARG_Lcd_Out_row 
0x01AA	0xD016      	BRA         L_Lcd_Out12
;__Lib_Lcd.c,190 :: 		
L_Lcd_Out15:
0x01AC	0x0E94      	MOVLW       148
0x01AE	0x6E56      	MOVWF       FARG_Lcd_Out_row 
0x01B0	0xD013      	BRA         L_Lcd_Out12
;__Lib_Lcd.c,191 :: 		
L_Lcd_Out16:
0x01B2	0x0ED4      	MOVLW       212
0x01B4	0x6E56      	MOVWF       FARG_Lcd_Out_row 
0x01B6	0xD010      	BRA         L_Lcd_Out12
;__Lib_Lcd.c,192 :: 		
L_Lcd_Out17:
0x01B8	0x0E80      	MOVLW       128
0x01BA	0x6E56      	MOVWF       FARG_Lcd_Out_row 
;__Lib_Lcd.c,193 :: 		
0x01BC	0xD00D      	BRA         L_Lcd_Out12
L_Lcd_Out11:
0x01BE	0x5056      	MOVF        FARG_Lcd_Out_row, 0 
0x01C0	0x0A01      	XORLW       1
0x01C2	0xE0EE      	BZ          L_Lcd_Out13
0x01C4	0x5056      	MOVF        FARG_Lcd_Out_row, 0 
0x01C6	0x0A02      	XORLW       2
0x01C8	0xE0EE      	BZ          L_Lcd_Out14
0x01CA	0x5056      	MOVF        FARG_Lcd_Out_row, 0 
0x01CC	0x0A03      	XORLW       3
0x01CE	0xE0EE      	BZ          L_Lcd_Out15
0x01D0	0x5056      	MOVF        FARG_Lcd_Out_row, 0 
0x01D2	0x0A04      	XORLW       4
0x01D4	0xE0EE      	BZ          L_Lcd_Out16
0x01D6	0xD7F0      	BRA         L_Lcd_Out17
L_Lcd_Out12:
;__Lib_Lcd.c,194 :: 		
0x01D8	0x0457      	DECF        FARG_Lcd_Out_column, 0 
0x01DA	0x6E00      	MOVWF       R0 
0x01DC	0x5056      	MOVF        FARG_Lcd_Out_row, 0 
0x01DE	0x2600      	ADDWF       R0, 1 
0x01E0	0xF056C000  	MOVFF       R0, FARG_Lcd_Out_row
;__Lib_Lcd.c,196 :: 		
0x01E4	0xF067C000  	MOVFF       R0, FARG_Lcd_Cmd_out_char
0x01E8	0xDF4C      	RCALL       _Lcd_Cmd
;__Lib_Lcd.c,197 :: 		
0x01EA	0x9032      	BCF         __Lib_Lcd_cmd_status, BitPos(__Lib_Lcd_cmd_status+0) 
;__Lib_Lcd.c,198 :: 		
0x01EC	0x6A5A      	CLRF        Lcd_Out_i_L0 
;__Lib_Lcd.c,199 :: 		
L_Lcd_Out18:
0x01EE	0x505A      	MOVF        Lcd_Out_i_L0, 0 
0x01F0	0x2458      	ADDWF       FARG_Lcd_Out_text, 0 
0x01F2	0x6EE9      	MOVWF       FSR0L 
0x01F4	0x0E00      	MOVLW       0
0x01F6	0x2059      	ADDWFC      FARG_Lcd_Out_text+1, 0 
0x01F8	0x6EEA      	MOVWF       FSR0L+1 
0x01FA	0x52EE      	MOVF        POSTINC0, 1 
0x01FC	0xE00B      	BZ          L_Lcd_Out19
;__Lib_Lcd.c,200 :: 		
0x01FE	0x505A      	MOVF        Lcd_Out_i_L0, 0 
0x0200	0x2458      	ADDWF       FARG_Lcd_Out_text, 0 
0x0202	0x6EE9      	MOVWF       FSR0L 
0x0204	0x0E00      	MOVLW       0
0x0206	0x2059      	ADDWFC      FARG_Lcd_Out_text+1, 0 
0x0208	0x6EEA      	MOVWF       FSR0L+1 
0x020A	0xF060CFEE  	MOVFF       POSTINC0, FARG_Lcd_Chr_CP_out_char
0x020E	0xDF78      	RCALL       _Lcd_Chr_CP
0x0210	0x2A5A      	INCF        Lcd_Out_i_L0, 1 
0x0212	0xD7ED      	BRA         L_Lcd_Out18
L_Lcd_Out19:
;__Lib_Lcd.c,201 :: 		
0x0214	0x8032      	BSF         __Lib_Lcd_cmd_status, BitPos(__Lib_Lcd_cmd_status+0) 
;__Lib_Lcd.c,202 :: 		
L_end_Lcd_Out:
0x0216	0x0012      	RETURN      0
; end of _Lcd_Out
___CC2DW:
;__Lib_System.c,21 :: 		
;__Lib_System.c,23 :: 		
_CC2DL_Loop1:
;__Lib_System.c,24 :: 		
0x0218	0x0009      	TBLRD*+
;__Lib_System.c,25 :: 		
0x021A	0xFFE6CFF5  	MOVFF       TABLAT, POSTINC1
;__Lib_System.c,26 :: 		
0x021E	0x0600      	DECF        R0, 1, 0
;__Lib_System.c,27 :: 		
0x0220	0xE1FB      	BNZ         _CC2DL_Loop1
;__Lib_System.c,28 :: 		
0x0222	0x0601      	DECF        R1, 1, 0
;__Lib_System.c,29 :: 		
0x0224	0xE1F9      	BNZ         _CC2DL_Loop1
;__Lib_System.c,31 :: 		
L_end___CC2DW:
0x0226	0x0012      	RETURN      0
; end of ___CC2DW
_Lcd_Init:
;__Lib_Lcd.c,84 :: 		
;__Lib_Lcd.c,86 :: 		
0x0228	0x9A93      	BCF         LCD_EN_Direction, BitPos(LCD_EN_Direction+0) 
;__Lib_Lcd.c,87 :: 		
0x022A	0x9893      	BCF         LCD_RS_Direction, BitPos(LCD_RS_Direction+0) 
;__Lib_Lcd.c,88 :: 		
0x022C	0x9093      	BCF         LCD_D4_Direction, BitPos(LCD_D4_Direction+0) 
;__Lib_Lcd.c,89 :: 		
0x022E	0x9293      	BCF         LCD_D5_Direction, BitPos(LCD_D5_Direction+0) 
;__Lib_Lcd.c,90 :: 		
0x0230	0x9493      	BCF         LCD_D6_Direction, BitPos(LCD_D6_Direction+0) 
;__Lib_Lcd.c,91 :: 		
0x0232	0x9693      	BCF         LCD_D7_Direction, BitPos(LCD_D7_Direction+0) 
;__Lib_Lcd.c,93 :: 		
0x0234	0x9A8A      	BCF         LCD_EN, BitPos(LCD_EN+0) 
;__Lib_Lcd.c,94 :: 		
0x0236	0x988A      	BCF         LCD_RS, BitPos(LCD_RS+0) 
;__Lib_Lcd.c,95 :: 		
0x0238	0x968A      	BCF         LCD_D7, BitPos(LCD_D7+0) 
;__Lib_Lcd.c,96 :: 		
0x023A	0x948A      	BCF         LCD_D6, BitPos(LCD_D6+0) 
;__Lib_Lcd.c,97 :: 		
0x023C	0x928A      	BCF         LCD_D5, BitPos(LCD_D5+0) 
;__Lib_Lcd.c,98 :: 		
0x023E	0x908A      	BCF         LCD_D4, BitPos(LCD_D4+0) 
;__Lib_Lcd.c,100 :: 		
0x0240	0xDEF7      	RCALL       _Delay_5500us
;__Lib_Lcd.c,101 :: 		
0x0242	0xDEF6      	RCALL       _Delay_5500us
;__Lib_Lcd.c,102 :: 		
0x0244	0xDEF5      	RCALL       _Delay_5500us
;__Lib_Lcd.c,105 :: 		
0x0246	0x828A      	BSF         LCD_D5, BitPos(LCD_D5+0) 
;__Lib_Lcd.c,106 :: 		
0x0248	0x808A      	BSF         LCD_D4, BitPos(LCD_D4+0) 
;__Lib_Lcd.c,107 :: 		
0x024A	0x8A8A      	BSF         LCD_EN, BitPos(LCD_EN+0) 
;__Lib_Lcd.c,108 :: 		
0x024C	0xDEFC      	RCALL       _Delay_1us
;__Lib_Lcd.c,109 :: 		
0x024E	0x9A8A      	BCF         LCD_EN, BitPos(LCD_EN+0) 
;__Lib_Lcd.c,110 :: 		
0x0250	0xDEEF      	RCALL       _Delay_5500us
;__Lib_Lcd.c,112 :: 		
0x0252	0x8A8A      	BSF         LCD_EN, BitPos(LCD_EN+0) 
;__Lib_Lcd.c,113 :: 		
0x0254	0xDEF8      	RCALL       _Delay_1us
;__Lib_Lcd.c,114 :: 		
0x0256	0x9A8A      	BCF         LCD_EN, BitPos(LCD_EN+0) 
;__Lib_Lcd.c,115 :: 		
0x0258	0xDEEB      	RCALL       _Delay_5500us
;__Lib_Lcd.c,117 :: 		
0x025A	0x8A8A      	BSF         LCD_EN, BitPos(LCD_EN+0) 
;__Lib_Lcd.c,118 :: 		
0x025C	0xDEF4      	RCALL       _Delay_1us
;__Lib_Lcd.c,119 :: 		
0x025E	0x9A8A      	BCF         LCD_EN, BitPos(LCD_EN+0) 
;__Lib_Lcd.c,120 :: 		
0x0260	0xDEE7      	RCALL       _Delay_5500us
;__Lib_Lcd.c,123 :: 		
0x0262	0x908A      	BCF         LCD_D4, BitPos(LCD_D4+0) 
;__Lib_Lcd.c,124 :: 		
0x0264	0x8A8A      	BSF         LCD_EN, BitPos(LCD_EN+0) 
;__Lib_Lcd.c,125 :: 		
0x0266	0xDEEF      	RCALL       _Delay_1us
;__Lib_Lcd.c,126 :: 		
0x0268	0x9A8A      	BCF         LCD_EN, BitPos(LCD_EN+0) 
;__Lib_Lcd.c,127 :: 		
0x026A	0xDEE2      	RCALL       _Delay_5500us
;__Lib_Lcd.c,130 :: 		
0x026C	0x8A8A      	BSF         LCD_EN, BitPos(LCD_EN+0) 
;__Lib_Lcd.c,131 :: 		
0x026E	0xDEEB      	RCALL       _Delay_1us
;__Lib_Lcd.c,132 :: 		
0x0270	0x9A8A      	BCF         LCD_EN, BitPos(LCD_EN+0) 
;__Lib_Lcd.c,134 :: 		
0x0272	0x928A      	BCF         LCD_D5, BitPos(LCD_D5+0) 
;__Lib_Lcd.c,135 :: 		
0x0274	0x868A      	BSF         LCD_D7, BitPos(LCD_D7+0) 
;__Lib_Lcd.c,136 :: 		
0x0276	0x8A8A      	BSF         LCD_EN, BitPos(LCD_EN+0) 
;__Lib_Lcd.c,137 :: 		
0x0278	0xDEE6      	RCALL       _Delay_1us
;__Lib_Lcd.c,138 :: 		
0x027A	0x9A8A      	BCF         LCD_EN, BitPos(LCD_EN+0) 
;__Lib_Lcd.c,139 :: 		
0x027C	0xDED9      	RCALL       _Delay_5500us
;__Lib_Lcd.c,142 :: 		
0x027E	0x968A      	BCF         LCD_D7, BitPos(LCD_D7+0) 
;__Lib_Lcd.c,143 :: 		
0x0280	0x808A      	BSF         LCD_D4, BitPos(LCD_D4+0) 
;__Lib_Lcd.c,144 :: 		
0x0282	0x8A8A      	BSF         LCD_EN, BitPos(LCD_EN+0) 
;__Lib_Lcd.c,145 :: 		
0x0284	0xDEE0      	RCALL       _Delay_1us
;__Lib_Lcd.c,146 :: 		
0x0286	0x9A8A      	BCF         LCD_EN, BitPos(LCD_EN+0) 
;__Lib_Lcd.c,148 :: 		
0x0288	0x908A      	BCF         LCD_D4, BitPos(LCD_D4+0) 
;__Lib_Lcd.c,149 :: 		
0x028A	0x8A8A      	BSF         LCD_EN, BitPos(LCD_EN+0) 
;__Lib_Lcd.c,150 :: 		
0x028C	0xDEDC      	RCALL       _Delay_1us
;__Lib_Lcd.c,151 :: 		
0x028E	0x9A8A      	BCF         LCD_EN, BitPos(LCD_EN+0) 
;__Lib_Lcd.c,152 :: 		
0x0290	0xDECF      	RCALL       _Delay_5500us
;__Lib_Lcd.c,155 :: 		
0x0292	0x8A8A      	BSF         LCD_EN, BitPos(LCD_EN+0) 
;__Lib_Lcd.c,156 :: 		
0x0294	0xDED8      	RCALL       _Delay_1us
;__Lib_Lcd.c,157 :: 		
0x0296	0x9A8A      	BCF         LCD_EN, BitPos(LCD_EN+0) 
;__Lib_Lcd.c,159 :: 		
0x0298	0x808A      	BSF         LCD_D4, BitPos(LCD_D4+0) 
;__Lib_Lcd.c,160 :: 		
0x029A	0x8A8A      	BSF         LCD_EN, BitPos(LCD_EN+0) 
;__Lib_Lcd.c,161 :: 		
0x029C	0xDED4      	RCALL       _Delay_1us
;__Lib_Lcd.c,162 :: 		
0x029E	0x9A8A      	BCF         LCD_EN, BitPos(LCD_EN+0) 
;__Lib_Lcd.c,163 :: 		
0x02A0	0xDEC7      	RCALL       _Delay_5500us
;__Lib_Lcd.c,166 :: 		
0x02A2	0x908A      	BCF         LCD_D4, BitPos(LCD_D4+0) 
;__Lib_Lcd.c,167 :: 		
0x02A4	0x8A8A      	BSF         LCD_EN, BitPos(LCD_EN+0) 
;__Lib_Lcd.c,168 :: 		
0x02A6	0xDECF      	RCALL       _Delay_1us
;__Lib_Lcd.c,169 :: 		
0x02A8	0x9A8A      	BCF         LCD_EN, BitPos(LCD_EN+0) 
;__Lib_Lcd.c,171 :: 		
0x02AA	0x868A      	BSF         LCD_D7, BitPos(LCD_D7+0) 
;__Lib_Lcd.c,172 :: 		
0x02AC	0x848A      	BSF         LCD_D6, BitPos(LCD_D6+0) 
;__Lib_Lcd.c,173 :: 		
0x02AE	0x828A      	BSF         LCD_D5, BitPos(LCD_D5+0) 
;__Lib_Lcd.c,174 :: 		
0x02B0	0x808A      	BSF         LCD_D4, BitPos(LCD_D4+0) 
;__Lib_Lcd.c,175 :: 		
0x02B2	0x8A8A      	BSF         LCD_EN, BitPos(LCD_EN+0) 
;__Lib_Lcd.c,176 :: 		
0x02B4	0xDEC8      	RCALL       _Delay_1us
;__Lib_Lcd.c,177 :: 		
0x02B6	0x9A8A      	BCF         LCD_EN, BitPos(LCD_EN+0) 
;__Lib_Lcd.c,179 :: 		
0x02B8	0xDEBB      	RCALL       _Delay_5500us
;__Lib_Lcd.c,181 :: 		
0x02BA	0x8032      	BSF         __Lib_Lcd_cmd_status, BitPos(__Lib_Lcd_cmd_status+0) 
;__Lib_Lcd.c,182 :: 		
L_end_Lcd_Init:
0x02BC	0x0012      	RETURN      0
; end of _Lcd_Init
_Mul_16X16_U:
;__Lib_Math.c,440 :: 		
;__Lib_Math.c,447 :: 		
0x02BE	0x6A0B      	CLRF        R11, 0
;__Lib_Math.c,448 :: 		
0x02C0	0x6A0A      	CLRF        R10, 0
;__Lib_Math.c,449 :: 		
0x02C2	0x6A09      	CLRF        R9, 0
;__Lib_Math.c,450 :: 		
0x02C4	0x5000      	MOVF        R0, 0, 0
;__Lib_Math.c,451 :: 		
0x02C6	0x0204      	MULWF       R4, 0
;__Lib_Math.c,453 :: 		
0x02C8	0xF009CFF4  	MOVFF       PRODH, R9
;__Lib_Math.c,454 :: 		
0x02CC	0xF008CFF3  	MOVFF       PRODL, R8
;__Lib_Math.c,455 :: 		
0x02D0	0x5001      	MOVF        R1, 0, 0
;__Lib_Math.c,456 :: 		
0x02D2	0x0205      	MULWF       R5, 0
;__Lib_Math.c,458 :: 		
0x02D4	0xF00BCFF4  	MOVFF       PRODH, R11
;__Lib_Math.c,459 :: 		
0x02D8	0xF00ACFF3  	MOVFF       PRODL, R10
;__Lib_Math.c,460 :: 		
0x02DC	0x5000      	MOVF        R0, 0, 0
;__Lib_Math.c,461 :: 		
0x02DE	0x0205      	MULWF       R5, 0
;__Lib_Math.c,463 :: 		
0x02E0	0x50F3      	MOVF        PRODL, 0, 0
;__Lib_Math.c,464 :: 		
0x02E2	0x2609      	ADDWF       R9, 1, 0
;__Lib_Math.c,465 :: 		
0x02E4	0x50F4      	MOVF        PRODH, 0, 0
;__Lib_Math.c,466 :: 		
0x02E6	0x220A      	ADDWFC      R10, 1, 0
;__Lib_Math.c,467 :: 		
0x02E8	0x6AE8      	CLRF        WREG, 0
;__Lib_Math.c,468 :: 		
0x02EA	0x220B      	ADDWFC      R11, 1, 0
;__Lib_Math.c,469 :: 		
0x02EC	0x5001      	MOVF        R1, 0, 0
;__Lib_Math.c,470 :: 		
0x02EE	0x0204      	MULWF       R4, 0
;__Lib_Math.c,472 :: 		
0x02F0	0x50F3      	MOVF        PRODL, 0, 0
;__Lib_Math.c,473 :: 		
0x02F2	0x2609      	ADDWF       R9, 1, 0
;__Lib_Math.c,474 :: 		
0x02F4	0x50F4      	MOVF        PRODH, 0, 0
;__Lib_Math.c,475 :: 		
0x02F6	0x220A      	ADDWFC      R10, 1, 0
;__Lib_Math.c,476 :: 		
0x02F8	0x6AE8      	CLRF        WREG, 0
;__Lib_Math.c,477 :: 		
0x02FA	0x220B      	ADDWFC      R11, 1, 0
;__Lib_Math.c,479 :: 		
0x02FC	0xF000C008  	MOVFF       R8, R0
;__Lib_Math.c,480 :: 		
0x0300	0xF001C009  	MOVFF       R9, R1
;__Lib_Math.c,481 :: 		
0x0304	0xF002C00A  	MOVFF       R10, R2
;__Lib_Math.c,482 :: 		
0x0308	0xF003C00B  	MOVFF       R11, R3
;__Lib_Math.c,485 :: 		
L_end_Mul_16X16_U:
0x030C	0x0012      	RETURN      0
; end of _Mul_16X16_U
_strcat:
;__Lib_CString.c,87 :: 		
;__Lib_CString.c,90 :: 		
0x030E	0xF004C056  	MOVFF       FARG_strcat_to, R4
0x0312	0xF005C057  	MOVFF       FARG_strcat_to+1, R5
;__Lib_CString.c,91 :: 		
L_strcat22:
0x0316	0xFFE9C004  	MOVFF       R4, FSR0L
0x031A	0xFFEAC005  	MOVFF       R5, FSR0H
0x031E	0x52EE      	MOVF        POSTINC0, 1 
0x0320	0xE003      	BZ          L_strcat23
;__Lib_CString.c,92 :: 		
0x0322	0x4A04      	INFSNZ      R4, 1 
0x0324	0x2A05      	INCF        R5, 1 
0x0326	0xD7F7      	BRA         L_strcat22
L_strcat23:
;__Lib_CString.c,93 :: 		
L_strcat24:
0x0328	0xF002C004  	MOVFF       R4, R2
0x032C	0xF003C005  	MOVFF       R5, R3
0x0330	0x4A04      	INFSNZ      R4, 1 
0x0332	0x2A05      	INCF        R5, 1 
0x0334	0xF000C058  	MOVFF       FARG_strcat_from, R0
0x0338	0xF001C059  	MOVFF       FARG_strcat_from+1, R1
0x033C	0x4A58      	INFSNZ      FARG_strcat_from, 1 
0x033E	0x2A59      	INCF        FARG_strcat_from+1, 1 
0x0340	0xFFE9C000  	MOVFF       R0, FSR0L
0x0344	0xFFEAC001  	MOVFF       R1, FSR0H
0x0348	0xFFE1C002  	MOVFF       R2, FSR1L
0x034C	0xFFE2C003  	MOVFF       R3, FSR1H
0x0350	0xFFE6CFEE  	MOVFF       POSTINC0, POSTINC1
0x0354	0xFFE9C002  	MOVFF       R2, FSR0L
0x0358	0xFFEAC003  	MOVFF       R3, FSR0H
0x035C	0x52EE      	MOVF        POSTINC0, 1 
0x035E	0xE001      	BZ          L_strcat25
;__Lib_CString.c,94 :: 		
0x0360	0xD7E3      	BRA         L_strcat24
L_strcat25:
;__Lib_CString.c,95 :: 		
0x0362	0xF000C056  	MOVFF       FARG_strcat_to, R0
0x0366	0xF001C057  	MOVFF       FARG_strcat_to+1, R1
;__Lib_CString.c,96 :: 		
L_end_strcat:
0x036A	0x0012      	RETURN      0
; end of _strcat
_IntToStr:
;__Lib_Conversions.c,195 :: 		
;__Lib_Conversions.c,201 :: 		
0x036C	0x6A5C      	CLRF        IntToStr_negative_L0 
0x036E	0x6A5D      	CLRF        IntToStr_negative_L0+1 
;__Lib_Conversions.c,202 :: 		
0x0370	0xF05EC056  	MOVFF       FARG_IntToStr_input, IntToStr_inword_L0
0x0374	0xF05FC057  	MOVFF       FARG_IntToStr_input+1, IntToStr_inword_L0+1
;__Lib_Conversions.c,203 :: 		
0x0378	0x0E80      	MOVLW       128
0x037A	0x1857      	XORWF       FARG_IntToStr_input+1, 0 
0x037C	0x6E00      	MOVWF       R0 
0x037E	0x0E80      	MOVLW       128
0x0380	0x5C00      	SUBWF       R0, 0 
0x0382	0xE102      	BNZ         L__IntToStr387
0x0384	0x0E00      	MOVLW       0
0x0386	0x5C56      	SUBWF       FARG_IntToStr_input, 0 
L__IntToStr387:
0x0388	0xE20B      	BC          L_IntToStr37
;__Lib_Conversions.c,204 :: 		
0x038A	0x0E01      	MOVLW       1
0x038C	0x6E5C      	MOVWF       IntToStr_negative_L0 
0x038E	0x0E00      	MOVLW       0
0x0390	0x6E5D      	MOVWF       IntToStr_negative_L0+1 
;__Lib_Conversions.c,205 :: 		
0x0392	0x5056      	MOVF        FARG_IntToStr_input, 0 
0x0394	0x0800      	SUBLW       0
0x0396	0x6E5E      	MOVWF       IntToStr_inword_L0 
0x0398	0xF05FC057  	MOVFF       FARG_IntToStr_input+1, IntToStr_inword_L0+1
0x039C	0x0E00      	MOVLW       0
0x039E	0x565F      	SUBFWB      IntToStr_inword_L0+1, 1 
;__Lib_Conversions.c,206 :: 		
L_IntToStr37:
;__Lib_Conversions.c,207 :: 		
0x03A0	0xF061C05E  	MOVFF       IntToStr_inword_L0, FARG_WordToStr_input
0x03A4	0xF062C05F  	MOVFF       IntToStr_inword_L0+1, FARG_WordToStr_input+1
0x03A8	0xF063C058  	MOVFF       FARG_IntToStr_output, FARG_WordToStr_output
0x03AC	0xF064C059  	MOVFF       FARG_IntToStr_output+1, FARG_WordToStr_output+1
0x03B0	0xDEAD      	RCALL       _WordToStr
;__Lib_Conversions.c,209 :: 		
0x03B2	0x0E06      	MOVLW       6
0x03B4	0x6E5A      	MOVWF       IntToStr_i_L0 
0x03B6	0x0E00      	MOVLW       0
0x03B8	0x6E5B      	MOVWF       IntToStr_i_L0+1 
;__Lib_Conversions.c,210 :: 		
L_IntToStr38:
0x03BA	0x0E00      	MOVLW       0
0x03BC	0x6E00      	MOVWF       R0 
0x03BE	0x505B      	MOVF        IntToStr_i_L0+1, 0 
0x03C0	0x5C00      	SUBWF       R0, 0 
0x03C2	0xE102      	BNZ         L__IntToStr388
0x03C4	0x505A      	MOVF        IntToStr_i_L0, 0 
0x03C6	0x0800      	SUBLW       0
L__IntToStr388:
0x03C8	0xE219      	BC          L_IntToStr39
;__Lib_Conversions.c,211 :: 		
0x03CA	0x505A      	MOVF        IntToStr_i_L0, 0 
0x03CC	0x2458      	ADDWF       FARG_IntToStr_output, 0 
0x03CE	0x6EE1      	MOVWF       FSR1L 
0x03D0	0x505B      	MOVF        IntToStr_i_L0+1, 0 
0x03D2	0x2059      	ADDWFC      FARG_IntToStr_output+1, 0 
0x03D4	0x6EE2      	MOVWF       FSR1L+1 
0x03D6	0x0E01      	MOVLW       1
0x03D8	0x5C5A      	SUBWF       IntToStr_i_L0, 0 
0x03DA	0x6E00      	MOVWF       R0 
0x03DC	0x0E00      	MOVLW       0
0x03DE	0x585B      	SUBWFB      IntToStr_i_L0+1, 0 
0x03E0	0x6E01      	MOVWF       R1 
0x03E2	0x5000      	MOVF        R0, 0 
0x03E4	0x2458      	ADDWF       FARG_IntToStr_output, 0 
0x03E6	0x6EE9      	MOVWF       FSR0L 
0x03E8	0x5001      	MOVF        R1, 0 
0x03EA	0x2059      	ADDWFC      FARG_IntToStr_output+1, 0 
0x03EC	0x6EEA      	MOVWF       FSR0L+1 
0x03EE	0xFFE6CFEE  	MOVFF       POSTINC0, POSTINC1
;__Lib_Conversions.c,212 :: 		
0x03F2	0x0E01      	MOVLW       1
0x03F4	0x5E5A      	SUBWF       IntToStr_i_L0, 1 
0x03F6	0x0E00      	MOVLW       0
0x03F8	0x5A5B      	SUBWFB      IntToStr_i_L0+1, 1 
;__Lib_Conversions.c,213 :: 		
0x03FA	0xD7DF      	BRA         L_IntToStr38
L_IntToStr39:
;__Lib_Conversions.c,214 :: 		
0x03FC	0xFFE1C058  	MOVFF       FARG_IntToStr_output, FSR1L
0x0400	0xFFE2C059  	MOVFF       FARG_IntToStr_output+1, FSR1H
0x0404	0x0E20      	MOVLW       32
0x0406	0x6EE6      	MOVWF       POSTINC1 
;__Lib_Conversions.c,215 :: 		
0x0408	0x505C      	MOVF        IntToStr_negative_L0, 0 
0x040A	0x105D      	IORWF       IntToStr_negative_L0+1, 0 
0x040C	0xE01A      	BZ          L_IntToStr40
;__Lib_Conversions.c,216 :: 		
0x040E	0x6A5A      	CLRF        IntToStr_i_L0 
0x0410	0x6A5B      	CLRF        IntToStr_i_L0+1 
;__Lib_Conversions.c,217 :: 		
L_IntToStr41:
0x0412	0x505A      	MOVF        IntToStr_i_L0, 0 
0x0414	0x2458      	ADDWF       FARG_IntToStr_output, 0 
0x0416	0x6EE9      	MOVWF       FSR0L 
0x0418	0x505B      	MOVF        IntToStr_i_L0+1, 0 
0x041A	0x2059      	ADDWFC      FARG_IntToStr_output+1, 0 
0x041C	0x6EEA      	MOVWF       FSR0L+1 
0x041E	0x50EE      	MOVF        POSTINC0, 0 
0x0420	0x0A20      	XORLW       32
0x0422	0xE103      	BNZ         L_IntToStr42
0x0424	0x4A5A      	INFSNZ      IntToStr_i_L0, 1 
0x0426	0x2A5B      	INCF        IntToStr_i_L0+1, 1 
0x0428	0xD7F4      	BRA         L_IntToStr41
L_IntToStr42:
;__Lib_Conversions.c,218 :: 		
0x042A	0x0E01      	MOVLW       1
0x042C	0x5E5A      	SUBWF       IntToStr_i_L0, 1 
0x042E	0x0E00      	MOVLW       0
0x0430	0x5A5B      	SUBWFB      IntToStr_i_L0+1, 1 
;__Lib_Conversions.c,219 :: 		
0x0432	0x505A      	MOVF        IntToStr_i_L0, 0 
0x0434	0x2458      	ADDWF       FARG_IntToStr_output, 0 
0x0436	0x6EE1      	MOVWF       FSR1L 
0x0438	0x505B      	MOVF        IntToStr_i_L0+1, 0 
0x043A	0x2059      	ADDWFC      FARG_IntToStr_output+1, 0 
0x043C	0x6EE2      	MOVWF       FSR1L+1 
0x043E	0x0E2D      	MOVLW       45
0x0440	0x6EE6      	MOVWF       POSTINC1 
L_IntToStr40:
;__Lib_Conversions.c,220 :: 		
L_end_IntToStr:
0x0442	0x0012      	RETURN      0
; end of _IntToStr
_main:
0x0444	0xF003EC86  	CALL        1804, 0
;SezC.c,24 :: 		void main() {
;SezC.c,27 :: 		unsigned short int stato_accensione = 0, store_c0 = 0;                                      //Variabili sezione A
0x0448	0x6A4B      	CLRF        main_stato_accensione_L0 
0x044A	0x6A4C      	CLRF        main_store_c0_L0 
0x044C	0x6A4D      	CLRF        main_velocita_motore_L0 
0x044E	0x6A4E      	CLRF        main_store_c3_L0 
0x0450	0x6A4F      	CLRF        main_store_c4_L0 
;SezC.c,32 :: 		TRISC = 255;
0x0452	0x0EFF      	MOVLW       255
0x0454	0x6E94      	MOVWF       TRISC 
;SezC.c,33 :: 		ANSELC = 0b11100110;
0x0456	0x0EE6      	MOVLW       230
0x0458	0x010F      	MOVLB       15
0x045A	0x6F3A      	MOVWF       ANSELC, 1
;SezC.c,35 :: 		TRISA = 0b11101111;
0x045C	0x0EEF      	MOVLW       239
0x045E	0x6E92      	MOVWF       TRISA 
;SezC.c,36 :: 		ANSELA = 255;
0x0460	0x0EFF      	MOVLW       255
0x0462	0x6F38      	MOVWF       ANSELA, 1
;SezC.c,37 :: 		TRISD = 0;
0x0464	0x6A95      	CLRF        TRISD 
;SezC.c,41 :: 		TRISE.TRISE2 = 1;
0x0466	0x8496      	BSF         TRISE, 2 
;SezC.c,42 :: 		CCPTMRS1.C5TSEL0 = 1;
0x0468	0x8548      	BSF         CCPTMRS1, 2, 1
;SezC.c,43 :: 		CCPTMRS1.C5TSEL1 = 0; //Timer 4
0x046A	0x9748      	BCF         CCPTMRS1, 3, 1
;SezC.c,44 :: 		PR4 = 8;
0x046C	0x0E08      	MOVLW       8
0x046E	0x6F52      	MOVWF       PR4, 1
;SezC.c,45 :: 		CCP5CON = 0b00000001;
0x0470	0x0E01      	MOVLW       1
0x0472	0x6F54      	MOVWF       CCP5CON, 1
;SezC.c,46 :: 		T4CON = 0b00000110;
0x0474	0x0E06      	MOVLW       6
0x0476	0x6F51      	MOVWF       T4CON, 1
;SezC.c,47 :: 		TRISE.TRISE2 = 0;
0x0478	0x9496      	BCF         TRISE, 2 
;SezC.c,50 :: 		INTCON = 0b11100000;
0x047A	0x0EE0      	MOVLW       224
0x047C	0x6EF2      	MOVWF       INTCON 
;SezC.c,53 :: 		T0CON = 0b11000111;
0x047E	0x0EC7      	MOVLW       199
0x0480	0x6ED5      	MOVWF       T0CON 
;SezC.c,56 :: 		ADCON0 = 0b00000001;
0x0482	0x0E01      	MOVLW       1
0x0484	0x6EC2      	MOVWF       ADCON0 
;SezC.c,57 :: 		ADCON2 = 0b00100001;
0x0486	0x0E21      	MOVLW       33
0x0488	0x6EC0      	MOVWF       ADCON2 
;SezC.c,58 :: 		PIE1.ADIE = 1;
0x048A	0x8C9D      	BSF         PIE1, 6 
;SezC.c,59 :: 		PIR1.ADIF = 0;
0x048C	0x9C9E      	BCF         PIR1, 6 
;SezC.c,64 :: 		Lcd_Init();		// Init the display library (This will set also the PORTB Configuration)
0x048E	0xDECC      	RCALL       _Lcd_Init
;SezC.c,66 :: 		Lcd_Cmd(_LCD_CLEAR);    	// Clear display
0x0490	0x0E01      	MOVLW       1
0x0492	0x0100      	MOVLB       0
0x0494	0x6F67      	MOVWF       FARG_Lcd_Cmd_out_char, 1
0x0496	0xDDF5      	RCALL       _Lcd_Cmd
;SezC.c,67 :: 		Lcd_Cmd(_LCD_CURSOR_OFF);   // Cursor OFF
0x0498	0x0E0C      	MOVLW       12
0x049A	0x6F67      	MOVWF       FARG_Lcd_Cmd_out_char, 1
0x049C	0xDDF2      	RCALL       _Lcd_Cmd
;SezC.c,68 :: 		Lcd_Out(1,1,"SPENTO");
0x049E	0x0E01      	MOVLW       1
0x04A0	0x6E56      	MOVWF       FARG_Lcd_Out_row 
0x04A2	0x0E01      	MOVLW       1
0x04A4	0x6E57      	MOVWF       FARG_Lcd_Out_column 
0x04A6	0x0E1D      	MOVLW       ?lstr1_SezC
0x04A8	0x6E58      	MOVWF       FARG_Lcd_Out_text 
0x04AA	0x0E00      	MOVLW       hi_addr(?lstr1_SezC)
0x04AC	0x6E59      	MOVWF       FARG_Lcd_Out_text+1 
0x04AE	0xDE77      	RCALL       _Lcd_Out
;SezC.c,74 :: 		while(1){
L_main0:
;SezC.c,78 :: 		if(store_c0 == 0 && PORTC.RC0 == 1){
0x04B0	0x504C      	MOVF        main_store_c0_L0, 0 
0x04B2	0x0A00      	XORLW       0
0x04B4	0xE124      	BNZ         L_main4
0x04B6	0xA082      	BTFSS       PORTC, 0 
0x04B8	0xD022      	BRA         L_main4
L__main36:
;SezC.c,79 :: 		if(stato_accensione){
0x04BA	0x524B      	MOVF        main_stato_accensione_L0, 1 
0x04BC	0xE00E      	BZ          L_main5
;SezC.c,80 :: 		stato_accensione = 0;
0x04BE	0x6A4B      	CLRF        main_stato_accensione_L0 
;SezC.c,81 :: 		LATA.RA4 = 0;
0x04C0	0x9889      	BCF         LATA, 4 
;SezC.c,82 :: 		velocita_motore = 0;
0x04C2	0x6A4D      	CLRF        main_velocita_motore_L0 
;SezC.c,83 :: 		LATD = 0;
0x04C4	0x6A8C      	CLRF        LATD 
;SezC.c,84 :: 		Lcd_Out(1,1,"SPENTO");
0x04C6	0x0E01      	MOVLW       1
0x04C8	0x6E56      	MOVWF       FARG_Lcd_Out_row 
0x04CA	0x0E01      	MOVLW       1
0x04CC	0x6E57      	MOVWF       FARG_Lcd_Out_column 
0x04CE	0x0E24      	MOVLW       ?lstr2_SezC
0x04D0	0x6E58      	MOVWF       FARG_Lcd_Out_text 
0x04D2	0x0E00      	MOVLW       hi_addr(?lstr2_SezC)
0x04D4	0x6E59      	MOVWF       FARG_Lcd_Out_text+1 
0x04D6	0xDE63      	RCALL       _Lcd_Out
;SezC.c,85 :: 		}
0x04D8	0xD00F      	BRA         L_main6
L_main5:
;SezC.c,87 :: 		stato_accensione = 1;
0x04DA	0x0E01      	MOVLW       1
0x04DC	0x6E4B      	MOVWF       main_stato_accensione_L0 
;SezC.c,88 :: 		LATA.RA4 = 1;
0x04DE	0x8889      	BSF         LATA, 4 
;SezC.c,89 :: 		velocita_motore = 1;
0x04E0	0x0E01      	MOVLW       1
0x04E2	0x6E4D      	MOVWF       main_velocita_motore_L0 
;SezC.c,90 :: 		ADCON0.GO_NOT_DONE = 1;
0x04E4	0x82C2      	BSF         ADCON0, 1 
;SezC.c,91 :: 		Lcd_Out(1,1,"ACCESO");
0x04E6	0x0E01      	MOVLW       1
0x04E8	0x6E56      	MOVWF       FARG_Lcd_Out_row 
0x04EA	0x0E01      	MOVLW       1
0x04EC	0x6E57      	MOVWF       FARG_Lcd_Out_column 
0x04EE	0x0E2B      	MOVLW       ?lstr3_SezC
0x04F0	0x6E58      	MOVWF       FARG_Lcd_Out_text 
0x04F2	0x0E00      	MOVLW       hi_addr(?lstr3_SezC)
0x04F4	0x6E59      	MOVWF       FARG_Lcd_Out_text+1 
0x04F6	0xDE53      	RCALL       _Lcd_Out
;SezC.c,92 :: 		}
L_main6:
;SezC.c,93 :: 		store_c0 = 1;
0x04F8	0x0E01      	MOVLW       1
0x04FA	0x6E4C      	MOVWF       main_store_c0_L0 
;SezC.c,94 :: 		}
0x04FC	0xD005      	BRA         L_main7
L_main4:
;SezC.c,95 :: 		else if(store_c0 == 1 && PORTC.RC0 == 0)
0x04FE	0x504C      	MOVF        main_store_c0_L0, 0 
0x0500	0x0A01      	XORLW       1
0x0502	0xE102      	BNZ         L_main10
0x0504	0xA082      	BTFSS       PORTC, 0 
L__main35:
;SezC.c,96 :: 		store_c0 = 0;
0x0506	0x6A4C      	CLRF        main_store_c0_L0 
L_main10:
L_main7:
;SezC.c,101 :: 		if(stato_accensione){
0x0508	0x524B      	MOVF        main_stato_accensione_L0, 1 
0x050A	0xE02E      	BZ          L_main11
;SezC.c,104 :: 		if(store_c3 == 0 && PORTC.RC3 == 1){
0x050C	0x504E      	MOVF        main_store_c3_L0, 0 
0x050E	0x0A00      	XORLW       0
0x0510	0xE109      	BNZ         L_main14
0x0512	0xA682      	BTFSS       PORTC, 3 
0x0514	0xD007      	BRA         L_main14
L__main34:
;SezC.c,105 :: 		if(velocita_motore<8)
0x0516	0x0E08      	MOVLW       8
0x0518	0x5C4D      	SUBWF       main_velocita_motore_L0, 0 
0x051A	0xA0D8      	BTFSS       STATUS, 0 
;SezC.c,106 :: 		velocita_motore++;
0x051C	0x2A4D      	INCF        main_velocita_motore_L0, 1 
L_main15:
;SezC.c,107 :: 		store_c3 = 1;
0x051E	0x0E01      	MOVLW       1
0x0520	0x6E4E      	MOVWF       main_store_c3_L0 
;SezC.c,108 :: 		}
0x0522	0xD005      	BRA         L_main16
L_main14:
;SezC.c,109 :: 		else if(store_c3 == 1 && PORTC.RC3 == 0)
0x0524	0x504E      	MOVF        main_store_c3_L0, 0 
0x0526	0x0A01      	XORLW       1
0x0528	0xE102      	BNZ         L_main19
0x052A	0xA682      	BTFSS       PORTC, 3 
L__main33:
;SezC.c,110 :: 		store_c3 = 0;
0x052C	0x6A4E      	CLRF        main_store_c3_L0 
L_main19:
L_main16:
;SezC.c,112 :: 		if(store_c4 == 0 && PORTC.RC4 == 1){
0x052E	0x504F      	MOVF        main_store_c4_L0, 0 
0x0530	0x0A00      	XORLW       0
0x0532	0xE109      	BNZ         L_main22
0x0534	0xA882      	BTFSS       PORTC, 4 
0x0536	0xD007      	BRA         L_main22
L__main32:
;SezC.c,113 :: 		if(velocita_motore>1)
0x0538	0x504D      	MOVF        main_velocita_motore_L0, 0 
0x053A	0x0801      	SUBLW       1
0x053C	0xA0D8      	BTFSS       STATUS, 0 
;SezC.c,114 :: 		velocita_motore--;
0x053E	0x064D      	DECF        main_velocita_motore_L0, 1 
L_main23:
;SezC.c,115 :: 		store_c4 = 1;
0x0540	0x0E01      	MOVLW       1
0x0542	0x6E4F      	MOVWF       main_store_c4_L0 
;SezC.c,116 :: 		}
0x0544	0xD005      	BRA         L_main24
L_main22:
;SezC.c,117 :: 		else if(store_c4 == 1 && PORTC.RC4 == 0)
0x0546	0x504F      	MOVF        main_store_c4_L0, 0 
0x0548	0x0A01      	XORLW       1
0x054A	0xE102      	BNZ         L_main27
0x054C	0xA882      	BTFSS       PORTC, 4 
L__main31:
;SezC.c,118 :: 		store_c4 = 0;
0x054E	0x6A4F      	CLRF        main_store_c4_L0 
L_main27:
L_main24:
;SezC.c,120 :: 		LATD = (1<<velocita_motore) - 1;
0x0550	0xF001C04D  	MOVFF       main_velocita_motore_L0, R1
0x0554	0x0E01      	MOVLW       1
0x0556	0x6E00      	MOVWF       R0 
0x0558	0x5001      	MOVF        R1, 0 
L__main38:
0x055A	0xE004      	BZ          L__main39
0x055C	0x3600      	RLCF        R0, 1 
0x055E	0x9000      	BCF         R0, 0 
0x0560	0x0FFF      	ADDLW       255
0x0562	0xD7FB      	BRA         L__main38
L__main39:
0x0564	0x0400      	DECF        R0, 0 
0x0566	0x6E8C      	MOVWF       LATD 
;SezC.c,123 :: 		}
L_main11:
;SezC.c,125 :: 		CCPR5L = velocita_motore;
0x0568	0xFF55C04D  	MOVFF       main_velocita_motore_L0, CCPR5L
;SezC.c,130 :: 		if(el_time >= 300){
0x056C	0x0E01      	MOVLW       1
0x056E	0x5C1C      	SUBWF       _el_time+1, 0 
0x0570	0xE102      	BNZ         L__main40
0x0572	0x0E2C      	MOVLW       44
0x0574	0x5C1B      	SUBWF       _el_time, 0 
L__main40:
0x0576	0xA0D8      	BTFSS       STATUS, 0 
0x0578	0xD0B8      	BRA         L_main28
;SezC.c,132 :: 		voltage = voltage*20;
0x057A	0xF000C015  	MOVFF       _voltage, R0
0x057E	0xF001C016  	MOVFF       _voltage+1, R1
0x0582	0x0E14      	MOVLW       20
0x0584	0x6E04      	MOVWF       R4 
0x0586	0x0E00      	MOVLW       0
0x0588	0x6E05      	MOVWF       R5 
0x058A	0xDE99      	RCALL       _Mul_16X16_U
0x058C	0xF050C000  	MOVFF       R0, FLOC__main
0x0590	0xF051C001  	MOVFF       R1, FLOC__main+1
0x0594	0xF015C050  	MOVFF       FLOC__main, _voltage
0x0598	0xF016C051  	MOVFF       FLOC__main+1, _voltage+1
;SezC.c,133 :: 		dec = voltage%1000;
0x059C	0x0EE8      	MOVLW       232
0x059E	0x6E04      	MOVWF       R4 
0x05A0	0x0E03      	MOVLW       3
0x05A2	0x6E05      	MOVWF       R5 
0x05A4	0xF000C050  	MOVFF       FLOC__main, R0
0x05A8	0xF001C051  	MOVFF       FLOC__main+1, R1
0x05AC	0xDD4F      	RCALL       _Div_16X16_U
0x05AE	0xF000C008  	MOVFF       R8, R0
0x05B2	0xF001C009  	MOVFF       R9, R1
0x05B6	0xF054C000  	MOVFF       R0, FLOC__main+4
0x05BA	0xF055C001  	MOVFF       R1, FLOC__main+5
0x05BE	0xF017C054  	MOVFF       FLOC__main+4, _dec
0x05C2	0xF018C055  	MOVFF       FLOC__main+5, _dec+1
;SezC.c,134 :: 		voltage = ((voltage/1000)<<3) + 10;
0x05C6	0x0EE8      	MOVLW       232
0x05C8	0x6E04      	MOVWF       R4 
0x05CA	0x0E03      	MOVLW       3
0x05CC	0x6E05      	MOVWF       R5 
0x05CE	0xF000C050  	MOVFF       FLOC__main, R0
0x05D2	0xF001C051  	MOVFF       FLOC__main+1, R1
0x05D6	0xDD3A      	RCALL       _Div_16X16_U
0x05D8	0xF002C000  	MOVFF       R0, R2
0x05DC	0xF003C001  	MOVFF       R1, R3
0x05E0	0x3602      	RLCF        R2, 1 
0x05E2	0x9002      	BCF         R2, 0 
0x05E4	0x3603      	RLCF        R3, 1 
0x05E6	0x3602      	RLCF        R2, 1 
0x05E8	0x9002      	BCF         R2, 0 
0x05EA	0x3603      	RLCF        R3, 1 
0x05EC	0x3602      	RLCF        R2, 1 
0x05EE	0x9002      	BCF         R2, 0 
0x05F0	0x3603      	RLCF        R3, 1 
0x05F2	0x0E0A      	MOVLW       10
0x05F4	0x2402      	ADDWF       R2, 0 
0x05F6	0x6E50      	MOVWF       FLOC__main 
0x05F8	0x0E00      	MOVLW       0
0x05FA	0x2003      	ADDWFC      R3, 0 
0x05FC	0x6E51      	MOVWF       FLOC__main+1 
0x05FE	0xF015C050  	MOVFF       FLOC__main, _voltage
0x0602	0xF016C051  	MOVFF       FLOC__main+1, _voltage+1
;SezC.c,135 :: 		dec = (dec<<3);
0x0606	0xF052C054  	MOVFF       FLOC__main+4, FLOC__main+2
0x060A	0xF053C055  	MOVFF       FLOC__main+5, FLOC__main+3
0x060E	0x3652      	RLCF        FLOC__main+2, 1 
0x0610	0x9052      	BCF         FLOC__main+2, 0 
0x0612	0x3653      	RLCF        FLOC__main+3, 1 
0x0614	0x3652      	RLCF        FLOC__main+2, 1 
0x0616	0x9052      	BCF         FLOC__main+2, 0 
0x0618	0x3653      	RLCF        FLOC__main+3, 1 
0x061A	0x3652      	RLCF        FLOC__main+2, 1 
0x061C	0x9052      	BCF         FLOC__main+2, 0 
0x061E	0x3653      	RLCF        FLOC__main+3, 1 
0x0620	0xF017C052  	MOVFF       FLOC__main+2, _dec
0x0624	0xF018C053  	MOVFF       FLOC__main+3, _dec+1
;SezC.c,136 :: 		voltage = voltage + dec/1000;
0x0628	0x0EE8      	MOVLW       232
0x062A	0x6E04      	MOVWF       R4 
0x062C	0x0E03      	MOVLW       3
0x062E	0x6E05      	MOVWF       R5 
0x0630	0xF000C052  	MOVFF       FLOC__main+2, R0
0x0634	0xF001C053  	MOVFF       FLOC__main+3, R1
0x0638	0xDD09      	RCALL       _Div_16X16_U
0x063A	0x5000      	MOVF        R0, 0 
0x063C	0x2650      	ADDWF       FLOC__main, 1 
0x063E	0x5001      	MOVF        R1, 0 
0x0640	0x2251      	ADDWFC      FLOC__main+1, 1 
0x0642	0xF015C050  	MOVFF       FLOC__main, _voltage
0x0646	0xF016C051  	MOVFF       FLOC__main+1, _voltage+1
;SezC.c,137 :: 		dec = (dec%1000)/100;
0x064A	0x0EE8      	MOVLW       232
0x064C	0x6E04      	MOVWF       R4 
0x064E	0x0E03      	MOVLW       3
0x0650	0x6E05      	MOVWF       R5 
0x0652	0xF000C052  	MOVFF       FLOC__main+2, R0
0x0656	0xF001C053  	MOVFF       FLOC__main+3, R1
0x065A	0xDCF8      	RCALL       _Div_16X16_U
0x065C	0xF000C008  	MOVFF       R8, R0
0x0660	0xF001C009  	MOVFF       R9, R1
0x0664	0x0E64      	MOVLW       100
0x0666	0x6E04      	MOVWF       R4 
0x0668	0x0E00      	MOVLW       0
0x066A	0x6E05      	MOVWF       R5 
0x066C	0xDCEF      	RCALL       _Div_16X16_U
0x066E	0xF017C000  	MOVFF       R0, _dec
0x0672	0xF018C001  	MOVFF       R1, _dec+1
;SezC.c,141 :: 		IntToStr(voltage, txt);
0x0676	0xF056C050  	MOVFF       FLOC__main, FARG_IntToStr_input
0x067A	0xF057C051  	MOVFF       FLOC__main+1, FARG_IntToStr_input+1
0x067E	0x0E33      	MOVLW       main_txt_L0
0x0680	0x6E58      	MOVWF       FARG_IntToStr_output 
0x0682	0x0E00      	MOVLW       hi_addr(main_txt_L0)
0x0684	0x6E59      	MOVWF       FARG_IntToStr_output+1 
0x0686	0xDE72      	RCALL       _IntToStr
;SezC.c,142 :: 		temperature[0] = txt[4];
0x0688	0xF03AC037  	MOVFF       main_txt_L0+4, main_temperature_L0
;SezC.c,143 :: 		temperature[1] = txt[5];
0x068C	0xF03BC038  	MOVFF       main_txt_L0+5, main_temperature_L0+1
;SezC.c,144 :: 		temperature[2] = 0;
0x0690	0x6A3C      	CLRF        main_temperature_L0+2 
;SezC.c,145 :: 		strcat(temperature, ",");
0x0692	0x0E3A      	MOVLW       main_temperature_L0
0x0694	0x6E56      	MOVWF       FARG_strcat_to 
0x0696	0x0E00      	MOVLW       hi_addr(main_temperature_L0)
0x0698	0x6E57      	MOVWF       FARG_strcat_to+1 
0x069A	0x0E19      	MOVLW       ?lstr4_SezC
0x069C	0x6E58      	MOVWF       FARG_strcat_from 
0x069E	0x0E00      	MOVLW       hi_addr(?lstr4_SezC)
0x06A0	0x6E59      	MOVWF       FARG_strcat_from+1 
0x06A2	0xDE35      	RCALL       _strcat
;SezC.c,146 :: 		IntToStr(dec, txt);
0x06A4	0xF056C017  	MOVFF       _dec, FARG_IntToStr_input
0x06A8	0xF057C018  	MOVFF       _dec+1, FARG_IntToStr_input+1
0x06AC	0x0E33      	MOVLW       main_txt_L0
0x06AE	0x6E58      	MOVWF       FARG_IntToStr_output 
0x06B0	0x0E00      	MOVLW       hi_addr(main_txt_L0)
0x06B2	0x6E59      	MOVWF       FARG_IntToStr_output+1 
0x06B4	0xDE5B      	RCALL       _IntToStr
;SezC.c,147 :: 		txt[0] = txt[5];
0x06B6	0xF033C038  	MOVFF       main_txt_L0+5, main_txt_L0
;SezC.c,148 :: 		txt[1] = 0;
0x06BA	0x6A34      	CLRF        main_txt_L0+1 
;SezC.c,149 :: 		strcat(temperature,txt);
0x06BC	0x0E3A      	MOVLW       main_temperature_L0
0x06BE	0x6E56      	MOVWF       FARG_strcat_to 
0x06C0	0x0E00      	MOVLW       hi_addr(main_temperature_L0)
0x06C2	0x6E57      	MOVWF       FARG_strcat_to+1 
0x06C4	0x0E33      	MOVLW       main_txt_L0
0x06C6	0x6E58      	MOVWF       FARG_strcat_from 
0x06C8	0x0E00      	MOVLW       hi_addr(main_txt_L0)
0x06CA	0x6E59      	MOVWF       FARG_strcat_from+1 
0x06CC	0xDE20      	RCALL       _strcat
;SezC.c,150 :: 		Lcd_Out(2,1,temperature);
0x06CE	0x0E02      	MOVLW       2
0x06D0	0x6E56      	MOVWF       FARG_Lcd_Out_row 
0x06D2	0x0E01      	MOVLW       1
0x06D4	0x6E57      	MOVWF       FARG_Lcd_Out_column 
0x06D6	0x0E3A      	MOVLW       main_temperature_L0
0x06D8	0x6E58      	MOVWF       FARG_Lcd_Out_text 
0x06DA	0x0E00      	MOVLW       hi_addr(main_temperature_L0)
0x06DC	0x6E59      	MOVWF       FARG_Lcd_Out_text+1 
0x06DE	0xDD5F      	RCALL       _Lcd_Out
;SezC.c,152 :: 		el_time -= 300;
0x06E0	0x0E2C      	MOVLW       44
0x06E2	0x5E1B      	SUBWF       _el_time, 1 
0x06E4	0x0E01      	MOVLW       1
0x06E6	0x5A1C      	SUBWFB      _el_time+1, 1 
;SezC.c,153 :: 		ADCON0.GO_NOT_DONE = 1;
0x06E8	0x82C2      	BSF         ADCON0, 1 
;SezC.c,154 :: 		}
L_main28:
;SezC.c,159 :: 		}
0x06EA	0xD6E2      	BRA         L_main0
;SezC.c,162 :: 		}
L_end_main:
0x06EC	0xD7FF      	BRA         $+0
; end of _main
0x070C	0xF015EE10  	LFSR        1, 21
0x0710	0x0E1D      	MOVLW       29
0x0712	0x6E00      	MOVWF       R0 
0x0714	0x0E01      	MOVLW       1
0x0716	0x6E01      	MOVWF       R1 
0x0718	0x0EEE      	MOVLW       238
0x071A	0x6EF6      	MOVWF       TBLPTR 
0x071C	0x0E06      	MOVLW       6
0x071E	0x6EF7      	MOVWF       TBLPTRH 
0x0720	0x0E00      	MOVLW       0
0x0722	0x6EF8      	MOVWF       TBLPTRU 
0x0724	0xF001EC0C  	CALL        536, 0
0x0728	0x0012      	RETURN      0
;SezC.c,0 :: ?ICS_voltage
0x06EE	0x0000 ;?ICS_voltage+0
; end of ?ICS_voltage
;SezC.c,0 :: ?ICS_dec
0x06F0	0x0000 ;?ICS_dec+0
; end of ?ICS_dec
;SezC.c,0 :: ?ICS?lstr4_SezC
0x06F2	0x002C ;?ICS?lstr4_SezC+0
; end of ?ICS?lstr4_SezC
;SezC.c,0 :: ?ICS_el_time
0x06F4	0x0000 ;?ICS_el_time+0
; end of ?ICS_el_time
;SezC.c,0 :: ?ICS?lstr1_SezC
0x06F6	0x5053 ;?ICS?lstr1_SezC+0
0x06F8	0x4E45 ;?ICS?lstr1_SezC+2
0x06FA	0x4F54 ;?ICS?lstr1_SezC+4
0x06FC	0x00 ;?ICS?lstr1_SezC+6
; end of ?ICS?lstr1_SezC
;SezC.c,0 :: ?ICS?lstr2_SezC
0x06FD	0x5053 ;?ICS?lstr2_SezC+0
0x06FF	0x4E45 ;?ICS?lstr2_SezC+2
0x0701	0x4F54 ;?ICS?lstr2_SezC+4
0x0703	0x00 ;?ICS?lstr2_SezC+6
; end of ?ICS?lstr2_SezC
;SezC.c,0 :: ?ICS?lstr3_SezC
0x0704	0x4341 ;?ICS?lstr3_SezC+0
0x0706	0x4543 ;?ICS?lstr3_SezC+2
0x0708	0x4F53 ;?ICS?lstr3_SezC+4
0x070A	0x00 ;?ICS?lstr3_SezC+6
; end of ?ICS?lstr3_SezC
Symbol List:
//** Routines locations **
//ADDRESS    SIZE    PROCEDURE
//----------------------------------------------
0x0008      [30]    _interrupt
0x0026      [10]    _Delay_50us
0x0030      [22]    _Delay_5500us
0x0046       [6]    _Delay_1us
0x004C      [54]    _Div_16X16_U
0x0082     [126]    _Lcd_Cmd
0x0100      [12]    _Lcd_Chr_CP
0x010C     [146]    _WordToStr
0x019E     [122]    _Lcd_Out
0x0218      [16]    ___CC2DW
0x0228     [150]    _Lcd_Init
0x02BE      [80]    _Mul_16X16_U
0x030E      [94]    _strcat
0x036C     [216]    _IntToStr
0x0444     [682]    _main
//** Variables locations ** 
//ADDRESS    SIZE    VARIABLE
//----------------------------------------------
0x0000       [1]    R0
0x0001       [1]    __Lib_Conversions_Adjust_Hex_tmp_L0
0x0001       [1]    R1
0x0002       [2]    memchr_s_L0
0x0002       [2]    memset_pp_L0
0x0002       [2]    memcpy_dd_L0
0x0002       [2]    strlen_cp_L0
0x0002       [1]    R2
0x0003       [2]    Ltrim_original_L0
0x0003       [2]    memmove_tt_L0
0x0003       [1]    R3
0x0004       [2]    strcat_cp_L0
0x0004       [2]    strncpy_cp_L0
0x0004       [2]    memcpy_ss_L0
0x0004       [1]    R4
0x0004       [2]    strcpy_cp_L0
0x0004       [2]    strncat_cp_L0
0x0005       [2]    LongWordToHex_input_half_L0
0x0005       [2]    memmove_ff_L0
0x0005       [2]    LongIntToHex_input_half_L0
0x0005       [2]    Ltrim_p_L0
0x0005       [1]    R5
0x0006       [1]    R6
0x0007       [1]    R7
0x0008       [1]    R8
0x0009       [1]    R9
0x000A       [1]    R10
0x000B       [1]    R11
0x000C       [1]    R12
0x000D       [1]    R13
0x000E       [1]    R14
0x000F       [1]    R15
0x0010       [1]    R16
0x0011       [1]    R17
0x0012       [1]    R18
0x0013       [1]    R19
0x0014       [1]    R20
0x0015       [2]    _voltage
0x0017       [2]    _dec
0x0019       [2]    ?lstr4_SezC
0x001B       [2]    _el_time
0x001D       [7]    ?lstr1_SezC
0x0024       [7]    ?lstr2_SezC
0x002B       [7]    ?lstr3_SezC
0x0032       [0]    __Lib_Lcd_cmd_status
0x0033       [7]    main_txt_L0
0x003A      [17]    main_temperature_L0
0x004B       [1]    main_stato_accensione_L0
0x004C       [1]    main_store_c0_L0
0x004D       [1]    main_velocita_motore_L0
0x004E       [1]    main_store_c3_L0
0x004F       [1]    main_store_c4_L0
0x0050       [6]    FLOC__main
0x0056       [1]    FARG_Lcd_Out_row
0x0056       [2]    FARG_IntToStr_input
0x0056       [2]    FARG_strcat_to
0x0057       [1]    FARG_Lcd_Out_column
0x0058       [2]    FARG_strcat_from
0x0058       [2]    FARG_Lcd_Out_text
0x0058       [2]    FARG_IntToStr_output
0x005A       [2]    IntToStr_i_L0
0x005A       [1]    Lcd_Out_i_L0
0x005C       [2]    IntToStr_negative_L0
0x005E       [2]    IntToStr_inword_L0
0x0060       [1]    FARG_Lcd_Chr_CP_out_char
0x0060       [1]    WordToStr_len_L0
0x0061       [2]    FARG_WordToStr_input
0x0063       [2]    FARG_WordToStr_output
0x0065       [2]    FLOC__WordToStr
0x0067       [1]    FARG_Lcd_Cmd_out_char
0x0F38       [1]    ANSELA
0x0F3A       [1]    ANSELC
0x0F48       [1]    CCPTMRS1
0x0F51       [1]    T4CON
0x0F52       [1]    PR4
0x0F54       [1]    CCP5CON
0x0F55       [1]    CCPR5L
0x0F82       [1]    PORTC
0x0F89       [1]    LATA
0x0F8A       [0]    LCD_D4
0x0F8A       [0]    LCD_RS
0x0F8A       [0]    LCD_EN
0x0F8A       [0]    LATB0_bit
0x0F8A       [0]    LATB3_bit
0x0F8A       [0]    LATB4_bit
0x0F8A       [0]    LATB2_bit
0x0F8A       [0]    LATB1_bit
0x0F8A       [0]    LCD_D7
0x0F8A       [0]    LCD_D6
0x0F8A       [0]    LCD_D5
0x0F8A       [0]    LATB5_bit
0x0F8C       [1]    LATD
0x0F92       [1]    TRISA
0x0F93       [0]    TRISB4_bit
0x0F93       [0]    TRISB5_bit
0x0F93       [0]    LCD_RS_Direction
0x0F93       [0]    LCD_D6_Direction
0x0F93       [0]    LCD_D7_Direction
0x0F93       [0]    LCD_EN_Direction
0x0F93       [0]    LCD_D4_Direction
0x0F93       [0]    LCD_D5_Direction
0x0F93       [0]    TRISB0_bit
0x0F93       [0]    TRISB3_bit
0x0F93       [0]    TRISB2_bit
0x0F93       [0]    TRISB1_bit
0x0F94       [1]    TRISC
0x0F95       [1]    TRISD
0x0F96       [1]    TRISE
0x0F9D       [1]    PIE1
0x0F9E       [1]    PIR1
0x0FC0       [1]    ADCON2
0x0FC2       [1]    ADCON0
0x0FC4       [1]    ADRESH
0x0FD5       [1]    T0CON
0x0FD8       [1]    STATUS
0x0FD9       [1]    FSR2L
0x0FDA       [1]    FSR2H
0x0FDE       [1]    POSTINC2
0x0FE0       [1]    BSR
0x0FE1       [1]    FSR1L
0x0FE2       [1]    FSR1H
0x0FE4       [1]    PREINC1
0x0FE6       [1]    POSTINC1
0x0FE7       [1]    INDF1
0x0FE8       [1]    WREG
0x0FE9       [1]    FSR0L
0x0FEA       [1]    FSR0H
0x0FEE       [1]    POSTINC0
0x0FF2       [1]    INTCON
0x0FF3       [1]    PRODL
0x0FF4       [1]    PRODH
0x0FF5       [1]    TABLAT
0x0FF6       [3]    TBLPTR
0x0FF6       [1]    TBLPTRL
0x0FF7       [1]    TBLPTRH
0x0FF8       [1]    TBLPTRU
//** Constants locations ** 
//ADDRESS    SIZE    CONSTANT
//----------------------------------------------
0x06EE       [2]    ?ICS_voltage
0x06F0       [2]    ?ICS_dec
0x06F2       [2]    ?ICS?lstr4_SezC
0x06F4       [2]    ?ICS_el_time
0x06F6       [7]    ?ICS?lstr1_SezC
0x06FD       [7]    ?ICS?lstr2_SezC
0x0704       [7]    ?ICS?lstr3_SezC
